CRITICAL - 2024-04-13 18:53:59 --> ErrorException: Undefined property: stdClass::$id
in APPPATH\Views\Update_Mahasiswa.php on line 10.
 1 APPPATH\Views\Update_Mahasiswa.php(10): CodeIgniter\Debug\Exceptions->errorHandler(2, 'Undefined property: stdClass::$id', 'C:\\xampp\\htdocs\\codeigniter4\\app\\Views\\Update_Mahasiswa.php', 10)
 2 SYSTEMPATH\View\View.php(228): include('C:\\xampp\\htdocs\\codeigniter4\\app\\Views\\Update_Mahasiswa.php')
 3 SYSTEMPATH\View\View.php(231): CodeIgniter\View\View->CodeIgniter\View\{closure}()
 4 SYSTEMPATH\Common.php(1178): CodeIgniter\View\View->render('Update_Mahasiswa', [], true)
 5 APPPATH\Controllers\M_MahasiswaController.php(68): view('Update_Mahasiswa', [...])
 6 SYSTEMPATH\CodeIgniter.php(941): App\Controllers\M_MahasiswaController->update('6')
 7 SYSTEMPATH\CodeIgniter.php(502): CodeIgniter\CodeIgniter->runController(Object(App\Controllers\M_MahasiswaController))
 8 SYSTEMPATH\CodeIgniter.php(361): CodeIgniter\CodeIgniter->handleRequest(null, Object(Config\Cache), false)
 9 FCPATH\index.php(79): CodeIgniter\CodeIgniter->run()
10 SYSTEMPATH\Commands\Server\rewrite.php(47): require_once('C:\\xampp\\htdocs\\codeigniter4\\public\\index.php')
CRITICAL - 2024-04-13 18:55:34 --> ErrorException: Undefined property: stdClass::$id
in APPPATH\Views\Update_Mahasiswa.php on line 10.
 1 APPPATH\Views\Update_Mahasiswa.php(10): CodeIgniter\Debug\Exceptions->errorHandler(2, 'Undefined property: stdClass::$id', 'C:\\xampp\\htdocs\\codeigniter4\\app\\Views\\Update_Mahasiswa.php', 10)
 2 SYSTEMPATH\View\View.php(228): include('C:\\xampp\\htdocs\\codeigniter4\\app\\Views\\Update_Mahasiswa.php')
 3 SYSTEMPATH\View\View.php(231): CodeIgniter\View\View->CodeIgniter\View\{closure}()
 4 SYSTEMPATH\Common.php(1178): CodeIgniter\View\View->render('Update_Mahasiswa', [], true)
 5 APPPATH\Controllers\M_MahasiswaController.php(68): view('Update_Mahasiswa', [...])
 6 SYSTEMPATH\CodeIgniter.php(941): App\Controllers\M_MahasiswaController->update('6')
 7 SYSTEMPATH\CodeIgniter.php(502): CodeIgniter\CodeIgniter->runController(Object(App\Controllers\M_MahasiswaController))
 8 SYSTEMPATH\CodeIgniter.php(361): CodeIgniter\CodeIgniter->handleRequest(null, Object(Config\Cache), false)
 9 FCPATH\index.php(79): CodeIgniter\CodeIgniter->run()
10 SYSTEMPATH\Commands\Server\rewrite.php(47): require_once('C:\\xampp\\htdocs\\codeigniter4\\public\\index.php')
CRITICAL - 2024-04-13 18:55:39 --> ErrorException: Undefined property: stdClass::$id
in APPPATH\Views\Update_Mahasiswa.php on line 10.
 1 APPPATH\Views\Update_Mahasiswa.php(10): CodeIgniter\Debug\Exceptions->errorHandler(2, 'Undefined property: stdClass::$id', 'C:\\xampp\\htdocs\\codeigniter4\\app\\Views\\Update_Mahasiswa.php', 10)
 2 SYSTEMPATH\View\View.php(228): include('C:\\xampp\\htdocs\\codeigniter4\\app\\Views\\Update_Mahasiswa.php')
 3 SYSTEMPATH\View\View.php(231): CodeIgniter\View\View->CodeIgniter\View\{closure}()
 4 SYSTEMPATH\Common.php(1178): CodeIgniter\View\View->render('Update_Mahasiswa', [], true)
 5 APPPATH\Controllers\M_MahasiswaController.php(68): view('Update_Mahasiswa', [...])
 6 SYSTEMPATH\CodeIgniter.php(941): App\Controllers\M_MahasiswaController->update('6')
 7 SYSTEMPATH\CodeIgniter.php(502): CodeIgniter\CodeIgniter->runController(Object(App\Controllers\M_MahasiswaController))
 8 SYSTEMPATH\CodeIgniter.php(361): CodeIgniter\CodeIgniter->handleRequest(null, Object(Config\Cache), false)
 9 FCPATH\index.php(79): CodeIgniter\CodeIgniter->run()
10 SYSTEMPATH\Commands\Server\rewrite.php(47): require_once('C:\\xampp\\htdocs\\codeigniter4\\public\\index.php')
CRITICAL - 2024-04-13 19:00:25 --> ErrorException: Undefined property: stdClass::$id
in APPPATH\Views\Update_Mahasiswa.php on line 10.
 1 APPPATH\Views\Update_Mahasiswa.php(10): CodeIgniter\Debug\Exceptions->errorHandler(2, 'Undefined property: stdClass::$id', 'C:\\xampp\\htdocs\\codeigniter4\\app\\Views\\Update_Mahasiswa.php', 10)
 2 SYSTEMPATH\View\View.php(228): include('C:\\xampp\\htdocs\\codeigniter4\\app\\Views\\Update_Mahasiswa.php')
 3 SYSTEMPATH\View\View.php(231): CodeIgniter\View\View->CodeIgniter\View\{closure}()
 4 SYSTEMPATH\Common.php(1178): CodeIgniter\View\View->render('Update_Mahasiswa', [], true)
 5 APPPATH\Controllers\M_MahasiswaController.php(68): view('Update_Mahasiswa', [...])
 6 SYSTEMPATH\CodeIgniter.php(941): App\Controllers\M_MahasiswaController->update('6')
 7 SYSTEMPATH\CodeIgniter.php(502): CodeIgniter\CodeIgniter->runController(Object(App\Controllers\M_MahasiswaController))
 8 SYSTEMPATH\CodeIgniter.php(361): CodeIgniter\CodeIgniter->handleRequest(null, Object(Config\Cache), false)
 9 FCPATH\index.php(79): CodeIgniter\CodeIgniter->run()
10 SYSTEMPATH\Commands\Server\rewrite.php(47): require_once('C:\\xampp\\htdocs\\codeigniter4\\public\\index.php')
CRITICAL - 2024-04-13 19:00:27 --> ErrorException: Undefined property: stdClass::$id
in APPPATH\Views\Update_Mahasiswa.php on line 10.
 1 APPPATH\Views\Update_Mahasiswa.php(10): CodeIgniter\Debug\Exceptions->errorHandler(2, 'Undefined property: stdClass::$id', 'C:\\xampp\\htdocs\\codeigniter4\\app\\Views\\Update_Mahasiswa.php', 10)
 2 SYSTEMPATH\View\View.php(228): include('C:\\xampp\\htdocs\\codeigniter4\\app\\Views\\Update_Mahasiswa.php')
 3 SYSTEMPATH\View\View.php(231): CodeIgniter\View\View->CodeIgniter\View\{closure}()
 4 SYSTEMPATH\Common.php(1178): CodeIgniter\View\View->render('Update_Mahasiswa', [], true)
 5 APPPATH\Controllers\M_MahasiswaController.php(68): view('Update_Mahasiswa', [...])
 6 SYSTEMPATH\CodeIgniter.php(941): App\Controllers\M_MahasiswaController->update('6')
 7 SYSTEMPATH\CodeIgniter.php(502): CodeIgniter\CodeIgniter->runController(Object(App\Controllers\M_MahasiswaController))
 8 SYSTEMPATH\CodeIgniter.php(361): CodeIgniter\CodeIgniter->handleRequest(null, Object(Config\Cache), false)
 9 FCPATH\index.php(79): CodeIgniter\CodeIgniter->run()
10 SYSTEMPATH\Commands\Server\rewrite.php(47): require_once('C:\\xampp\\htdocs\\codeigniter4\\public\\index.php')
CRITICAL - 2024-04-13 19:00:28 --> ErrorException: Undefined property: stdClass::$id
in APPPATH\Views\Update_Mahasiswa.php on line 10.
 1 APPPATH\Views\Update_Mahasiswa.php(10): CodeIgniter\Debug\Exceptions->errorHandler(2, 'Undefined property: stdClass::$id', 'C:\\xampp\\htdocs\\codeigniter4\\app\\Views\\Update_Mahasiswa.php', 10)
 2 SYSTEMPATH\View\View.php(228): include('C:\\xampp\\htdocs\\codeigniter4\\app\\Views\\Update_Mahasiswa.php')
 3 SYSTEMPATH\View\View.php(231): CodeIgniter\View\View->CodeIgniter\View\{closure}()
 4 SYSTEMPATH\Common.php(1178): CodeIgniter\View\View->render('Update_Mahasiswa', [], true)
 5 APPPATH\Controllers\M_MahasiswaController.php(68): view('Update_Mahasiswa', [...])
 6 SYSTEMPATH\CodeIgniter.php(941): App\Controllers\M_MahasiswaController->update('6')
 7 SYSTEMPATH\CodeIgniter.php(502): CodeIgniter\CodeIgniter->runController(Object(App\Controllers\M_MahasiswaController))
 8 SYSTEMPATH\CodeIgniter.php(361): CodeIgniter\CodeIgniter->handleRequest(null, Object(Config\Cache), false)
 9 FCPATH\index.php(79): CodeIgniter\CodeIgniter->run()
10 SYSTEMPATH\Commands\Server\rewrite.php(47): require_once('C:\\xampp\\htdocs\\codeigniter4\\public\\index.php')
CRITICAL - 2024-04-13 19:00:28 --> ErrorException: Undefined property: stdClass::$id
in APPPATH\Views\Update_Mahasiswa.php on line 10.
 1 APPPATH\Views\Update_Mahasiswa.php(10): CodeIgniter\Debug\Exceptions->errorHandler(2, 'Undefined property: stdClass::$id', 'C:\\xampp\\htdocs\\codeigniter4\\app\\Views\\Update_Mahasiswa.php', 10)
 2 SYSTEMPATH\View\View.php(228): include('C:\\xampp\\htdocs\\codeigniter4\\app\\Views\\Update_Mahasiswa.php')
 3 SYSTEMPATH\View\View.php(231): CodeIgniter\View\View->CodeIgniter\View\{closure}()
 4 SYSTEMPATH\Common.php(1178): CodeIgniter\View\View->render('Update_Mahasiswa', [], true)
 5 APPPATH\Controllers\M_MahasiswaController.php(68): view('Update_Mahasiswa', [...])
 6 SYSTEMPATH\CodeIgniter.php(941): App\Controllers\M_MahasiswaController->update('6')
 7 SYSTEMPATH\CodeIgniter.php(502): CodeIgniter\CodeIgniter->runController(Object(App\Controllers\M_MahasiswaController))
 8 SYSTEMPATH\CodeIgniter.php(361): CodeIgniter\CodeIgniter->handleRequest(null, Object(Config\Cache), false)
 9 FCPATH\index.php(79): CodeIgniter\CodeIgniter->run()
10 SYSTEMPATH\Commands\Server\rewrite.php(47): require_once('C:\\xampp\\htdocs\\codeigniter4\\public\\index.php')
CRITICAL - 2024-04-13 19:04:32 --> ErrorException: Undefined property: stdClass::$id
in APPPATH\Views\Update_Mahasiswa.php on line 10.
 1 APPPATH\Views\Update_Mahasiswa.php(10): CodeIgniter\Debug\Exceptions->errorHandler(2, 'Undefined property: stdClass::$id', 'C:\\xampp\\htdocs\\codeigniter4\\app\\Views\\Update_Mahasiswa.php', 10)
 2 SYSTEMPATH\View\View.php(228): include('C:\\xampp\\htdocs\\codeigniter4\\app\\Views\\Update_Mahasiswa.php')
 3 SYSTEMPATH\View\View.php(231): CodeIgniter\View\View->CodeIgniter\View\{closure}()
 4 SYSTEMPATH\Common.php(1178): CodeIgniter\View\View->render('Update_Mahasiswa', [], true)
 5 APPPATH\Controllers\M_MahasiswaController.php(68): view('Update_Mahasiswa', [...])
 6 SYSTEMPATH\CodeIgniter.php(941): App\Controllers\M_MahasiswaController->update('6')
 7 SYSTEMPATH\CodeIgniter.php(502): CodeIgniter\CodeIgniter->runController(Object(App\Controllers\M_MahasiswaController))
 8 SYSTEMPATH\CodeIgniter.php(361): CodeIgniter\CodeIgniter->handleRequest(null, Object(Config\Cache), false)
 9 FCPATH\index.php(79): CodeIgniter\CodeIgniter->run()
10 SYSTEMPATH\Commands\Server\rewrite.php(47): require_once('C:\\xampp\\htdocs\\codeigniter4\\public\\index.php')
CRITICAL - 2024-04-13 19:04:37 --> ErrorException: Undefined property: stdClass::$id
in APPPATH\Views\Update_Mahasiswa.php on line 10.
 1 APPPATH\Views\Update_Mahasiswa.php(10): CodeIgniter\Debug\Exceptions->errorHandler(2, 'Undefined property: stdClass::$id', 'C:\\xampp\\htdocs\\codeigniter4\\app\\Views\\Update_Mahasiswa.php', 10)
 2 SYSTEMPATH\View\View.php(228): include('C:\\xampp\\htdocs\\codeigniter4\\app\\Views\\Update_Mahasiswa.php')
 3 SYSTEMPATH\View\View.php(231): CodeIgniter\View\View->CodeIgniter\View\{closure}()
 4 SYSTEMPATH\Common.php(1178): CodeIgniter\View\View->render('Update_Mahasiswa', [], true)
 5 APPPATH\Controllers\M_MahasiswaController.php(68): view('Update_Mahasiswa', [...])
 6 SYSTEMPATH\CodeIgniter.php(941): App\Controllers\M_MahasiswaController->update('6')
 7 SYSTEMPATH\CodeIgniter.php(502): CodeIgniter\CodeIgniter->runController(Object(App\Controllers\M_MahasiswaController))
 8 SYSTEMPATH\CodeIgniter.php(361): CodeIgniter\CodeIgniter->handleRequest(null, Object(Config\Cache), false)
 9 FCPATH\index.php(79): CodeIgniter\CodeIgniter->run()
10 SYSTEMPATH\Commands\Server\rewrite.php(47): require_once('C:\\xampp\\htdocs\\codeigniter4\\public\\index.php')
CRITICAL - 2024-04-13 19:05:49 --> ErrorException: Undefined variable $mhs
in APPPATH\Views\Update_Mahasiswa.php on line 10.
 1 APPPATH\Views\Update_Mahasiswa.php(10): CodeIgniter\Debug\Exceptions->errorHandler(2, 'Undefined variable $mhs', 'C:\\xampp\\htdocs\\codeigniter4\\app\\Views\\Update_Mahasiswa.php', 10)
 2 SYSTEMPATH\View\View.php(228): include('C:\\xampp\\htdocs\\codeigniter4\\app\\Views\\Update_Mahasiswa.php')
 3 SYSTEMPATH\View\View.php(231): CodeIgniter\View\View->CodeIgniter\View\{closure}()
 4 SYSTEMPATH\Common.php(1178): CodeIgniter\View\View->render('Update_Mahasiswa', [], true)
 5 APPPATH\Controllers\M_MahasiswaController.php(68): view('Update_Mahasiswa', [...])
 6 SYSTEMPATH\CodeIgniter.php(941): App\Controllers\M_MahasiswaController->update('6')
 7 SYSTEMPATH\CodeIgniter.php(502): CodeIgniter\CodeIgniter->runController(Object(App\Controllers\M_MahasiswaController))
 8 SYSTEMPATH\CodeIgniter.php(361): CodeIgniter\CodeIgniter->handleRequest(null, Object(Config\Cache), false)
 9 FCPATH\index.php(79): CodeIgniter\CodeIgniter->run()
10 SYSTEMPATH\Commands\Server\rewrite.php(47): require_once('C:\\xampp\\htdocs\\codeigniter4\\public\\index.php')
CRITICAL - 2024-04-13 19:08:06 --> ErrorException: Undefined variable $mhs
in APPPATH\Views\Update_Mahasiswa.php on line 10.
 1 APPPATH\Views\Update_Mahasiswa.php(10): CodeIgniter\Debug\Exceptions->errorHandler(2, 'Undefined variable $mhs', 'C:\\xampp\\htdocs\\codeigniter4\\app\\Views\\Update_Mahasiswa.php', 10)
 2 SYSTEMPATH\View\View.php(228): include('C:\\xampp\\htdocs\\codeigniter4\\app\\Views\\Update_Mahasiswa.php')
 3 SYSTEMPATH\View\View.php(231): CodeIgniter\View\View->CodeIgniter\View\{closure}()
 4 SYSTEMPATH\Common.php(1178): CodeIgniter\View\View->render('Update_Mahasiswa', [], true)
 5 APPPATH\Controllers\M_MahasiswaController.php(66): view('Update_Mahasiswa')
 6 SYSTEMPATH\CodeIgniter.php(941): App\Controllers\M_MahasiswaController->update('6')
 7 SYSTEMPATH\CodeIgniter.php(502): CodeIgniter\CodeIgniter->runController(Object(App\Controllers\M_MahasiswaController))
 8 SYSTEMPATH\CodeIgniter.php(361): CodeIgniter\CodeIgniter->handleRequest(null, Object(Config\Cache), false)
 9 FCPATH\index.php(79): CodeIgniter\CodeIgniter->run()
10 SYSTEMPATH\Commands\Server\rewrite.php(47): require_once('C:\\xampp\\htdocs\\codeigniter4\\public\\index.php')
CRITICAL - 2024-04-13 19:08:09 --> ErrorException: Undefined variable $mhs
in APPPATH\Views\Update_Mahasiswa.php on line 10.
 1 APPPATH\Views\Update_Mahasiswa.php(10): CodeIgniter\Debug\Exceptions->errorHandler(2, 'Undefined variable $mhs', 'C:\\xampp\\htdocs\\codeigniter4\\app\\Views\\Update_Mahasiswa.php', 10)
 2 SYSTEMPATH\View\View.php(228): include('C:\\xampp\\htdocs\\codeigniter4\\app\\Views\\Update_Mahasiswa.php')
 3 SYSTEMPATH\View\View.php(231): CodeIgniter\View\View->CodeIgniter\View\{closure}()
 4 SYSTEMPATH\Common.php(1178): CodeIgniter\View\View->render('Update_Mahasiswa', [], true)
 5 APPPATH\Controllers\M_MahasiswaController.php(66): view('Update_Mahasiswa')
 6 SYSTEMPATH\CodeIgniter.php(941): App\Controllers\M_MahasiswaController->update('6')
 7 SYSTEMPATH\CodeIgniter.php(502): CodeIgniter\CodeIgniter->runController(Object(App\Controllers\M_MahasiswaController))
 8 SYSTEMPATH\CodeIgniter.php(361): CodeIgniter\CodeIgniter->handleRequest(null, Object(Config\Cache), false)
 9 FCPATH\index.php(79): CodeIgniter\CodeIgniter->run()
10 SYSTEMPATH\Commands\Server\rewrite.php(47): require_once('C:\\xampp\\htdocs\\codeigniter4\\public\\index.php')
CRITICAL - 2024-04-13 19:08:10 --> ErrorException: Undefined variable $mhs
in APPPATH\Views\Update_Mahasiswa.php on line 10.
 1 APPPATH\Views\Update_Mahasiswa.php(10): CodeIgniter\Debug\Exceptions->errorHandler(2, 'Undefined variable $mhs', 'C:\\xampp\\htdocs\\codeigniter4\\app\\Views\\Update_Mahasiswa.php', 10)
 2 SYSTEMPATH\View\View.php(228): include('C:\\xampp\\htdocs\\codeigniter4\\app\\Views\\Update_Mahasiswa.php')
 3 SYSTEMPATH\View\View.php(231): CodeIgniter\View\View->CodeIgniter\View\{closure}()
 4 SYSTEMPATH\Common.php(1178): CodeIgniter\View\View->render('Update_Mahasiswa', [], true)
 5 APPPATH\Controllers\M_MahasiswaController.php(66): view('Update_Mahasiswa')
 6 SYSTEMPATH\CodeIgniter.php(941): App\Controllers\M_MahasiswaController->update('6')
 7 SYSTEMPATH\CodeIgniter.php(502): CodeIgniter\CodeIgniter->runController(Object(App\Controllers\M_MahasiswaController))
 8 SYSTEMPATH\CodeIgniter.php(361): CodeIgniter\CodeIgniter->handleRequest(null, Object(Config\Cache), false)
 9 FCPATH\index.php(79): CodeIgniter\CodeIgniter->run()
10 SYSTEMPATH\Commands\Server\rewrite.php(47): require_once('C:\\xampp\\htdocs\\codeigniter4\\public\\index.php')
CRITICAL - 2024-04-13 19:08:12 --> ErrorException: Undefined variable $mhs
in APPPATH\Views\Update_Mahasiswa.php on line 10.
 1 APPPATH\Views\Update_Mahasiswa.php(10): CodeIgniter\Debug\Exceptions->errorHandler(2, 'Undefined variable $mhs', 'C:\\xampp\\htdocs\\codeigniter4\\app\\Views\\Update_Mahasiswa.php', 10)
 2 SYSTEMPATH\View\View.php(228): include('C:\\xampp\\htdocs\\codeigniter4\\app\\Views\\Update_Mahasiswa.php')
 3 SYSTEMPATH\View\View.php(231): CodeIgniter\View\View->CodeIgniter\View\{closure}()
 4 SYSTEMPATH\Common.php(1178): CodeIgniter\View\View->render('Update_Mahasiswa', [], true)
 5 APPPATH\Controllers\M_MahasiswaController.php(66): view('Update_Mahasiswa')
 6 SYSTEMPATH\CodeIgniter.php(941): App\Controllers\M_MahasiswaController->update('6')
 7 SYSTEMPATH\CodeIgniter.php(502): CodeIgniter\CodeIgniter->runController(Object(App\Controllers\M_MahasiswaController))
 8 SYSTEMPATH\CodeIgniter.php(361): CodeIgniter\CodeIgniter->handleRequest(null, Object(Config\Cache), false)
 9 FCPATH\index.php(79): CodeIgniter\CodeIgniter->run()
10 SYSTEMPATH\Commands\Server\rewrite.php(47): require_once('C:\\xampp\\htdocs\\codeigniter4\\public\\index.php')
CRITICAL - 2024-04-13 19:10:08 --> ErrorException: Undefined property: stdClass::$id
in APPPATH\Views\Update_Mahasiswa.php on line 10.
 1 APPPATH\Views\Update_Mahasiswa.php(10): CodeIgniter\Debug\Exceptions->errorHandler(2, 'Undefined property: stdClass::$id', 'C:\\xampp\\htdocs\\codeigniter4\\app\\Views\\Update_Mahasiswa.php', 10)
 2 SYSTEMPATH\View\View.php(228): include('C:\\xampp\\htdocs\\codeigniter4\\app\\Views\\Update_Mahasiswa.php')
 3 SYSTEMPATH\View\View.php(231): CodeIgniter\View\View->CodeIgniter\View\{closure}()
 4 SYSTEMPATH\Common.php(1178): CodeIgniter\View\View->render('Update_Mahasiswa', [], true)
 5 APPPATH\Controllers\M_MahasiswaController.php(68): view('Update_Mahasiswa', [...])
 6 SYSTEMPATH\CodeIgniter.php(941): App\Controllers\M_MahasiswaController->update('6')
 7 SYSTEMPATH\CodeIgniter.php(502): CodeIgniter\CodeIgniter->runController(Object(App\Controllers\M_MahasiswaController))
 8 SYSTEMPATH\CodeIgniter.php(361): CodeIgniter\CodeIgniter->handleRequest(null, Object(Config\Cache), false)
 9 FCPATH\index.php(79): CodeIgniter\CodeIgniter->run()
10 SYSTEMPATH\Commands\Server\rewrite.php(47): require_once('C:\\xampp\\htdocs\\codeigniter4\\public\\index.php')
CRITICAL - 2024-04-13 19:12:07 --> ErrorException: Undefined property: stdClass::$id
in APPPATH\Views\Update_Mahasiswa.php on line 11.
 1 APPPATH\Views\Update_Mahasiswa.php(11): CodeIgniter\Debug\Exceptions->errorHandler(2, 'Undefined property: stdClass::$id', 'C:\\xampp\\htdocs\\codeigniter4\\app\\Views\\Update_Mahasiswa.php', 11)
 2 SYSTEMPATH\View\View.php(228): include('C:\\xampp\\htdocs\\codeigniter4\\app\\Views\\Update_Mahasiswa.php')
 3 SYSTEMPATH\View\View.php(231): CodeIgniter\View\View->CodeIgniter\View\{closure}()
 4 SYSTEMPATH\Common.php(1178): CodeIgniter\View\View->render('Update_Mahasiswa', [], true)
 5 APPPATH\Controllers\M_MahasiswaController.php(72): view('Update_Mahasiswa', [...])
 6 SYSTEMPATH\CodeIgniter.php(941): App\Controllers\M_MahasiswaController->update('6')
 7 SYSTEMPATH\CodeIgniter.php(502): CodeIgniter\CodeIgniter->runController(Object(App\Controllers\M_MahasiswaController))
 8 SYSTEMPATH\CodeIgniter.php(361): CodeIgniter\CodeIgniter->handleRequest(null, Object(Config\Cache), false)
 9 FCPATH\index.php(79): CodeIgniter\CodeIgniter->run()
10 SYSTEMPATH\Commands\Server\rewrite.php(47): require_once('C:\\xampp\\htdocs\\codeigniter4\\public\\index.php')
CRITICAL - 2024-04-13 19:12:10 --> ErrorException: Undefined property: stdClass::$id
in APPPATH\Views\Update_Mahasiswa.php on line 11.
 1 APPPATH\Views\Update_Mahasiswa.php(11): CodeIgniter\Debug\Exceptions->errorHandler(2, 'Undefined property: stdClass::$id', 'C:\\xampp\\htdocs\\codeigniter4\\app\\Views\\Update_Mahasiswa.php', 11)
 2 SYSTEMPATH\View\View.php(228): include('C:\\xampp\\htdocs\\codeigniter4\\app\\Views\\Update_Mahasiswa.php')
 3 SYSTEMPATH\View\View.php(231): CodeIgniter\View\View->CodeIgniter\View\{closure}()
 4 SYSTEMPATH\Common.php(1178): CodeIgniter\View\View->render('Update_Mahasiswa', [], true)
 5 APPPATH\Controllers\M_MahasiswaController.php(72): view('Update_Mahasiswa', [...])
 6 SYSTEMPATH\CodeIgniter.php(941): App\Controllers\M_MahasiswaController->update('6')
 7 SYSTEMPATH\CodeIgniter.php(502): CodeIgniter\CodeIgniter->runController(Object(App\Controllers\M_MahasiswaController))
 8 SYSTEMPATH\CodeIgniter.php(361): CodeIgniter\CodeIgniter->handleRequest(null, Object(Config\Cache), false)
 9 FCPATH\index.php(79): CodeIgniter\CodeIgniter->run()
10 SYSTEMPATH\Commands\Server\rewrite.php(47): require_once('C:\\xampp\\htdocs\\codeigniter4\\public\\index.php')
CRITICAL - 2024-04-13 19:12:10 --> ErrorException: Undefined property: stdClass::$id
in APPPATH\Views\Update_Mahasiswa.php on line 11.
 1 APPPATH\Views\Update_Mahasiswa.php(11): CodeIgniter\Debug\Exceptions->errorHandler(2, 'Undefined property: stdClass::$id', 'C:\\xampp\\htdocs\\codeigniter4\\app\\Views\\Update_Mahasiswa.php', 11)
 2 SYSTEMPATH\View\View.php(228): include('C:\\xampp\\htdocs\\codeigniter4\\app\\Views\\Update_Mahasiswa.php')
 3 SYSTEMPATH\View\View.php(231): CodeIgniter\View\View->CodeIgniter\View\{closure}()
 4 SYSTEMPATH\Common.php(1178): CodeIgniter\View\View->render('Update_Mahasiswa', [], true)
 5 APPPATH\Controllers\M_MahasiswaController.php(72): view('Update_Mahasiswa', [...])
 6 SYSTEMPATH\CodeIgniter.php(941): App\Controllers\M_MahasiswaController->update('6')
 7 SYSTEMPATH\CodeIgniter.php(502): CodeIgniter\CodeIgniter->runController(Object(App\Controllers\M_MahasiswaController))
 8 SYSTEMPATH\CodeIgniter.php(361): CodeIgniter\CodeIgniter->handleRequest(null, Object(Config\Cache), false)
 9 FCPATH\index.php(79): CodeIgniter\CodeIgniter->run()
10 SYSTEMPATH\Commands\Server\rewrite.php(47): require_once('C:\\xampp\\htdocs\\codeigniter4\\public\\index.php')
CRITICAL - 2024-04-13 19:12:11 --> ErrorException: Undefined property: stdClass::$id
in APPPATH\Views\Update_Mahasiswa.php on line 11.
 1 APPPATH\Views\Update_Mahasiswa.php(11): CodeIgniter\Debug\Exceptions->errorHandler(2, 'Undefined property: stdClass::$id', 'C:\\xampp\\htdocs\\codeigniter4\\app\\Views\\Update_Mahasiswa.php', 11)
 2 SYSTEMPATH\View\View.php(228): include('C:\\xampp\\htdocs\\codeigniter4\\app\\Views\\Update_Mahasiswa.php')
 3 SYSTEMPATH\View\View.php(231): CodeIgniter\View\View->CodeIgniter\View\{closure}()
 4 SYSTEMPATH\Common.php(1178): CodeIgniter\View\View->render('Update_Mahasiswa', [], true)
 5 APPPATH\Controllers\M_MahasiswaController.php(72): view('Update_Mahasiswa', [...])
 6 SYSTEMPATH\CodeIgniter.php(941): App\Controllers\M_MahasiswaController->update('6')
 7 SYSTEMPATH\CodeIgniter.php(502): CodeIgniter\CodeIgniter->runController(Object(App\Controllers\M_MahasiswaController))
 8 SYSTEMPATH\CodeIgniter.php(361): CodeIgniter\CodeIgniter->handleRequest(null, Object(Config\Cache), false)
 9 FCPATH\index.php(79): CodeIgniter\CodeIgniter->run()
10 SYSTEMPATH\Commands\Server\rewrite.php(47): require_once('C:\\xampp\\htdocs\\codeigniter4\\public\\index.php')
CRITICAL - 2024-04-13 19:12:12 --> ErrorException: Undefined property: stdClass::$id
in APPPATH\Views\Update_Mahasiswa.php on line 11.
 1 APPPATH\Views\Update_Mahasiswa.php(11): CodeIgniter\Debug\Exceptions->errorHandler(2, 'Undefined property: stdClass::$id', 'C:\\xampp\\htdocs\\codeigniter4\\app\\Views\\Update_Mahasiswa.php', 11)
 2 SYSTEMPATH\View\View.php(228): include('C:\\xampp\\htdocs\\codeigniter4\\app\\Views\\Update_Mahasiswa.php')
 3 SYSTEMPATH\View\View.php(231): CodeIgniter\View\View->CodeIgniter\View\{closure}()
 4 SYSTEMPATH\Common.php(1178): CodeIgniter\View\View->render('Update_Mahasiswa', [], true)
 5 APPPATH\Controllers\M_MahasiswaController.php(72): view('Update_Mahasiswa', [...])
 6 SYSTEMPATH\CodeIgniter.php(941): App\Controllers\M_MahasiswaController->update('6')
 7 SYSTEMPATH\CodeIgniter.php(502): CodeIgniter\CodeIgniter->runController(Object(App\Controllers\M_MahasiswaController))
 8 SYSTEMPATH\CodeIgniter.php(361): CodeIgniter\CodeIgniter->handleRequest(null, Object(Config\Cache), false)
 9 FCPATH\index.php(79): CodeIgniter\CodeIgniter->run()
10 SYSTEMPATH\Commands\Server\rewrite.php(47): require_once('C:\\xampp\\htdocs\\codeigniter4\\public\\index.php')
CRITICAL - 2024-04-13 19:12:12 --> ErrorException: Undefined property: stdClass::$id
in APPPATH\Views\Update_Mahasiswa.php on line 11.
 1 APPPATH\Views\Update_Mahasiswa.php(11): CodeIgniter\Debug\Exceptions->errorHandler(2, 'Undefined property: stdClass::$id', 'C:\\xampp\\htdocs\\codeigniter4\\app\\Views\\Update_Mahasiswa.php', 11)
 2 SYSTEMPATH\View\View.php(228): include('C:\\xampp\\htdocs\\codeigniter4\\app\\Views\\Update_Mahasiswa.php')
 3 SYSTEMPATH\View\View.php(231): CodeIgniter\View\View->CodeIgniter\View\{closure}()
 4 SYSTEMPATH\Common.php(1178): CodeIgniter\View\View->render('Update_Mahasiswa', [], true)
 5 APPPATH\Controllers\M_MahasiswaController.php(72): view('Update_Mahasiswa', [...])
 6 SYSTEMPATH\CodeIgniter.php(941): App\Controllers\M_MahasiswaController->update('6')
 7 SYSTEMPATH\CodeIgniter.php(502): CodeIgniter\CodeIgniter->runController(Object(App\Controllers\M_MahasiswaController))
 8 SYSTEMPATH\CodeIgniter.php(361): CodeIgniter\CodeIgniter->handleRequest(null, Object(Config\Cache), false)
 9 FCPATH\index.php(79): CodeIgniter\CodeIgniter->run()
10 SYSTEMPATH\Commands\Server\rewrite.php(47): require_once('C:\\xampp\\htdocs\\codeigniter4\\public\\index.php')
CRITICAL - 2024-04-13 19:12:13 --> ErrorException: Undefined property: stdClass::$id
in APPPATH\Views\Update_Mahasiswa.php on line 11.
 1 APPPATH\Views\Update_Mahasiswa.php(11): CodeIgniter\Debug\Exceptions->errorHandler(2, 'Undefined property: stdClass::$id', 'C:\\xampp\\htdocs\\codeigniter4\\app\\Views\\Update_Mahasiswa.php', 11)
 2 SYSTEMPATH\View\View.php(228): include('C:\\xampp\\htdocs\\codeigniter4\\app\\Views\\Update_Mahasiswa.php')
 3 SYSTEMPATH\View\View.php(231): CodeIgniter\View\View->CodeIgniter\View\{closure}()
 4 SYSTEMPATH\Common.php(1178): CodeIgniter\View\View->render('Update_Mahasiswa', [], true)
 5 APPPATH\Controllers\M_MahasiswaController.php(72): view('Update_Mahasiswa', [...])
 6 SYSTEMPATH\CodeIgniter.php(941): App\Controllers\M_MahasiswaController->update('6')
 7 SYSTEMPATH\CodeIgniter.php(502): CodeIgniter\CodeIgniter->runController(Object(App\Controllers\M_MahasiswaController))
 8 SYSTEMPATH\CodeIgniter.php(361): CodeIgniter\CodeIgniter->handleRequest(null, Object(Config\Cache), false)
 9 FCPATH\index.php(79): CodeIgniter\CodeIgniter->run()
10 SYSTEMPATH\Commands\Server\rewrite.php(47): require_once('C:\\xampp\\htdocs\\codeigniter4\\public\\index.php')
CRITICAL - 2024-04-13 19:17:54 --> ErrorException: Undefined property: stdClass::$id
in APPPATH\Views\Update_Mahasiswa.php on line 11.
 1 APPPATH\Views\Update_Mahasiswa.php(11): CodeIgniter\Debug\Exceptions->errorHandler(2, 'Undefined property: stdClass::$id', 'C:\\xampp\\htdocs\\codeigniter4\\app\\Views\\Update_Mahasiswa.php', 11)
 2 SYSTEMPATH\View\View.php(228): include('C:\\xampp\\htdocs\\codeigniter4\\app\\Views\\Update_Mahasiswa.php')
 3 SYSTEMPATH\View\View.php(231): CodeIgniter\View\View->CodeIgniter\View\{closure}()
 4 SYSTEMPATH\Common.php(1178): CodeIgniter\View\View->render('Update_Mahasiswa', [], true)
 5 APPPATH\Controllers\M_MahasiswaController.php(68): view('Update_Mahasiswa', [...])
 6 SYSTEMPATH\CodeIgniter.php(941): App\Controllers\M_MahasiswaController->update('6')
 7 SYSTEMPATH\CodeIgniter.php(502): CodeIgniter\CodeIgniter->runController(Object(App\Controllers\M_MahasiswaController))
 8 SYSTEMPATH\CodeIgniter.php(361): CodeIgniter\CodeIgniter->handleRequest(null, Object(Config\Cache), false)
 9 FCPATH\index.php(79): CodeIgniter\CodeIgniter->run()
10 SYSTEMPATH\Commands\Server\rewrite.php(47): require_once('C:\\xampp\\htdocs\\codeigniter4\\public\\index.php')
CRITICAL - 2024-04-13 19:17:55 --> ErrorException: Undefined property: stdClass::$id
in APPPATH\Views\Update_Mahasiswa.php on line 11.
 1 APPPATH\Views\Update_Mahasiswa.php(11): CodeIgniter\Debug\Exceptions->errorHandler(2, 'Undefined property: stdClass::$id', 'C:\\xampp\\htdocs\\codeigniter4\\app\\Views\\Update_Mahasiswa.php', 11)
 2 SYSTEMPATH\View\View.php(228): include('C:\\xampp\\htdocs\\codeigniter4\\app\\Views\\Update_Mahasiswa.php')
 3 SYSTEMPATH\View\View.php(231): CodeIgniter\View\View->CodeIgniter\View\{closure}()
 4 SYSTEMPATH\Common.php(1178): CodeIgniter\View\View->render('Update_Mahasiswa', [], true)
 5 APPPATH\Controllers\M_MahasiswaController.php(68): view('Update_Mahasiswa', [...])
 6 SYSTEMPATH\CodeIgniter.php(941): App\Controllers\M_MahasiswaController->update('6')
 7 SYSTEMPATH\CodeIgniter.php(502): CodeIgniter\CodeIgniter->runController(Object(App\Controllers\M_MahasiswaController))
 8 SYSTEMPATH\CodeIgniter.php(361): CodeIgniter\CodeIgniter->handleRequest(null, Object(Config\Cache), false)
 9 FCPATH\index.php(79): CodeIgniter\CodeIgniter->run()
10 SYSTEMPATH\Commands\Server\rewrite.php(47): require_once('C:\\xampp\\htdocs\\codeigniter4\\public\\index.php')
CRITICAL - 2024-04-13 19:18:02 --> ErrorException: Undefined property: stdClass::$id
in APPPATH\Views\Update_Mahasiswa.php on line 11.
 1 APPPATH\Views\Update_Mahasiswa.php(11): CodeIgniter\Debug\Exceptions->errorHandler(2, 'Undefined property: stdClass::$id', 'C:\\xampp\\htdocs\\codeigniter4\\app\\Views\\Update_Mahasiswa.php', 11)
 2 SYSTEMPATH\View\View.php(228): include('C:\\xampp\\htdocs\\codeigniter4\\app\\Views\\Update_Mahasiswa.php')
 3 SYSTEMPATH\View\View.php(231): CodeIgniter\View\View->CodeIgniter\View\{closure}()
 4 SYSTEMPATH\Common.php(1178): CodeIgniter\View\View->render('Update_Mahasiswa', [], true)
 5 APPPATH\Controllers\M_MahasiswaController.php(68): view('Update_Mahasiswa', [...])
 6 SYSTEMPATH\CodeIgniter.php(941): App\Controllers\M_MahasiswaController->update('6')
 7 SYSTEMPATH\CodeIgniter.php(502): CodeIgniter\CodeIgniter->runController(Object(App\Controllers\M_MahasiswaController))
 8 SYSTEMPATH\CodeIgniter.php(361): CodeIgniter\CodeIgniter->handleRequest(null, Object(Config\Cache), false)
 9 FCPATH\index.php(79): CodeIgniter\CodeIgniter->run()
10 SYSTEMPATH\Commands\Server\rewrite.php(47): require_once('C:\\xampp\\htdocs\\codeigniter4\\public\\index.php')
CRITICAL - 2024-04-13 19:19:50 --> ErrorException: Undefined property: stdClass::$id
in APPPATH\Views\Update_Mahasiswa.php on line 11.
 1 APPPATH\Views\Update_Mahasiswa.php(11): CodeIgniter\Debug\Exceptions->errorHandler(2, 'Undefined property: stdClass::$id', 'C:\\xampp\\htdocs\\codeigniter4\\app\\Views\\Update_Mahasiswa.php', 11)
 2 SYSTEMPATH\View\View.php(228): include('C:\\xampp\\htdocs\\codeigniter4\\app\\Views\\Update_Mahasiswa.php')
 3 SYSTEMPATH\View\View.php(231): CodeIgniter\View\View->CodeIgniter\View\{closure}()
 4 SYSTEMPATH\Common.php(1178): CodeIgniter\View\View->render('Update_Mahasiswa', [], true)
 5 APPPATH\Controllers\M_MahasiswaController.php(68): view('Update_Mahasiswa', [...])
 6 SYSTEMPATH\CodeIgniter.php(941): App\Controllers\M_MahasiswaController->update('6')
 7 SYSTEMPATH\CodeIgniter.php(502): CodeIgniter\CodeIgniter->runController(Object(App\Controllers\M_MahasiswaController))
 8 SYSTEMPATH\CodeIgniter.php(361): CodeIgniter\CodeIgniter->handleRequest(null, Object(Config\Cache), false)
 9 FCPATH\index.php(79): CodeIgniter\CodeIgniter->run()
10 SYSTEMPATH\Commands\Server\rewrite.php(47): require_once('C:\\xampp\\htdocs\\codeigniter4\\public\\index.php')
CRITICAL - 2024-04-13 19:25:11 --> ErrorException: Undefined property: stdClass::$id
in APPPATH\Views\Update_Mahasiswa.php on line 60.
 1 APPPATH\Views\Update_Mahasiswa.php(60): CodeIgniter\Debug\Exceptions->errorHandler(2, 'Undefined property: stdClass::$id', 'C:\\xampp\\htdocs\\codeigniter4\\app\\Views\\Update_Mahasiswa.php', 60)
 2 SYSTEMPATH\View\View.php(228): include('C:\\xampp\\htdocs\\codeigniter4\\app\\Views\\Update_Mahasiswa.php')
 3 SYSTEMPATH\View\View.php(231): CodeIgniter\View\View->CodeIgniter\View\{closure}()
 4 SYSTEMPATH\Common.php(1178): CodeIgniter\View\View->render('Update_Mahasiswa', [], true)
 5 APPPATH\Controllers\M_MahasiswaController.php(87): view('Update_Mahasiswa', [...])
 6 SYSTEMPATH\CodeIgniter.php(941): App\Controllers\M_MahasiswaController->update('6')
 7 SYSTEMPATH\CodeIgniter.php(502): CodeIgniter\CodeIgniter->runController(Object(App\Controllers\M_MahasiswaController))
 8 SYSTEMPATH\CodeIgniter.php(361): CodeIgniter\CodeIgniter->handleRequest(null, Object(Config\Cache), false)
 9 FCPATH\index.php(79): CodeIgniter\CodeIgniter->run()
10 SYSTEMPATH\Commands\Server\rewrite.php(47): require_once('C:\\xampp\\htdocs\\codeigniter4\\public\\index.php')
CRITICAL - 2024-04-13 19:38:44 --> ErrorException: Undefined property: stdClass::$id
in APPPATH\Views\Update_Mahasiswa.php on line 60.
 1 APPPATH\Views\Update_Mahasiswa.php(60): CodeIgniter\Debug\Exceptions->errorHandler(2, 'Undefined property: stdClass::$id', 'C:\\xampp\\htdocs\\codeigniter4\\app\\Views\\Update_Mahasiswa.php', 60)
 2 SYSTEMPATH\View\View.php(228): include('C:\\xampp\\htdocs\\codeigniter4\\app\\Views\\Update_Mahasiswa.php')
 3 SYSTEMPATH\View\View.php(231): CodeIgniter\View\View->CodeIgniter\View\{closure}()
 4 SYSTEMPATH\Common.php(1178): CodeIgniter\View\View->render('Update_Mahasiswa', [], true)
 5 APPPATH\Controllers\M_MahasiswaController.php(87): view('Update_Mahasiswa', [...])
 6 SYSTEMPATH\CodeIgniter.php(941): App\Controllers\M_MahasiswaController->update('6')
 7 SYSTEMPATH\CodeIgniter.php(502): CodeIgniter\CodeIgniter->runController(Object(App\Controllers\M_MahasiswaController))
 8 SYSTEMPATH\CodeIgniter.php(361): CodeIgniter\CodeIgniter->handleRequest(null, Object(Config\Cache), false)
 9 FCPATH\index.php(79): CodeIgniter\CodeIgniter->run()
10 SYSTEMPATH\Commands\Server\rewrite.php(47): require_once('C:\\xampp\\htdocs\\codeigniter4\\public\\index.php')
CRITICAL - 2024-04-13 19:38:46 --> ErrorException: Undefined property: stdClass::$id
in APPPATH\Views\Update_Mahasiswa.php on line 60.
 1 APPPATH\Views\Update_Mahasiswa.php(60): CodeIgniter\Debug\Exceptions->errorHandler(2, 'Undefined property: stdClass::$id', 'C:\\xampp\\htdocs\\codeigniter4\\app\\Views\\Update_Mahasiswa.php', 60)
 2 SYSTEMPATH\View\View.php(228): include('C:\\xampp\\htdocs\\codeigniter4\\app\\Views\\Update_Mahasiswa.php')
 3 SYSTEMPATH\View\View.php(231): CodeIgniter\View\View->CodeIgniter\View\{closure}()
 4 SYSTEMPATH\Common.php(1178): CodeIgniter\View\View->render('Update_Mahasiswa', [], true)
 5 APPPATH\Controllers\M_MahasiswaController.php(87): view('Update_Mahasiswa', [...])
 6 SYSTEMPATH\CodeIgniter.php(941): App\Controllers\M_MahasiswaController->update('6')
 7 SYSTEMPATH\CodeIgniter.php(502): CodeIgniter\CodeIgniter->runController(Object(App\Controllers\M_MahasiswaController))
 8 SYSTEMPATH\CodeIgniter.php(361): CodeIgniter\CodeIgniter->handleRequest(null, Object(Config\Cache), false)
 9 FCPATH\index.php(79): CodeIgniter\CodeIgniter->run()
10 SYSTEMPATH\Commands\Server\rewrite.php(47): require_once('C:\\xampp\\htdocs\\codeigniter4\\public\\index.php')
CRITICAL - 2024-04-13 19:38:46 --> ErrorException: Undefined property: stdClass::$id
in APPPATH\Views\Update_Mahasiswa.php on line 60.
 1 APPPATH\Views\Update_Mahasiswa.php(60): CodeIgniter\Debug\Exceptions->errorHandler(2, 'Undefined property: stdClass::$id', 'C:\\xampp\\htdocs\\codeigniter4\\app\\Views\\Update_Mahasiswa.php', 60)
 2 SYSTEMPATH\View\View.php(228): include('C:\\xampp\\htdocs\\codeigniter4\\app\\Views\\Update_Mahasiswa.php')
 3 SYSTEMPATH\View\View.php(231): CodeIgniter\View\View->CodeIgniter\View\{closure}()
 4 SYSTEMPATH\Common.php(1178): CodeIgniter\View\View->render('Update_Mahasiswa', [], true)
 5 APPPATH\Controllers\M_MahasiswaController.php(87): view('Update_Mahasiswa', [...])
 6 SYSTEMPATH\CodeIgniter.php(941): App\Controllers\M_MahasiswaController->update('6')
 7 SYSTEMPATH\CodeIgniter.php(502): CodeIgniter\CodeIgniter->runController(Object(App\Controllers\M_MahasiswaController))
 8 SYSTEMPATH\CodeIgniter.php(361): CodeIgniter\CodeIgniter->handleRequest(null, Object(Config\Cache), false)
 9 FCPATH\index.php(79): CodeIgniter\CodeIgniter->run()
10 SYSTEMPATH\Commands\Server\rewrite.php(47): require_once('C:\\xampp\\htdocs\\codeigniter4\\public\\index.php')
CRITICAL - 2024-04-13 19:40:48 --> ErrorException: Undefined property: stdClass::$id
in APPPATH\Views\Update_Mahasiswa.php on line 60.
 1 APPPATH\Views\Update_Mahasiswa.php(60): CodeIgniter\Debug\Exceptions->errorHandler(2, 'Undefined property: stdClass::$id', 'C:\\xampp\\htdocs\\codeigniter4\\app\\Views\\Update_Mahasiswa.php', 60)
 2 SYSTEMPATH\View\View.php(228): include('C:\\xampp\\htdocs\\codeigniter4\\app\\Views\\Update_Mahasiswa.php')
 3 SYSTEMPATH\View\View.php(231): CodeIgniter\View\View->CodeIgniter\View\{closure}()
 4 SYSTEMPATH\Common.php(1178): CodeIgniter\View\View->render('Update_Mahasiswa', [], true)
 5 APPPATH\Controllers\M_MahasiswaController.php(95): view('Update_Mahasiswa', [...])
 6 SYSTEMPATH\CodeIgniter.php(941): App\Controllers\M_MahasiswaController->update('6')
 7 SYSTEMPATH\CodeIgniter.php(502): CodeIgniter\CodeIgniter->runController(Object(App\Controllers\M_MahasiswaController))
 8 SYSTEMPATH\CodeIgniter.php(361): CodeIgniter\CodeIgniter->handleRequest(null, Object(Config\Cache), false)
 9 FCPATH\index.php(79): CodeIgniter\CodeIgniter->run()
10 SYSTEMPATH\Commands\Server\rewrite.php(47): require_once('C:\\xampp\\htdocs\\codeigniter4\\public\\index.php')
CRITICAL - 2024-04-13 19:40:50 --> ErrorException: Undefined property: stdClass::$id
in APPPATH\Views\Update_Mahasiswa.php on line 60.
 1 APPPATH\Views\Update_Mahasiswa.php(60): CodeIgniter\Debug\Exceptions->errorHandler(2, 'Undefined property: stdClass::$id', 'C:\\xampp\\htdocs\\codeigniter4\\app\\Views\\Update_Mahasiswa.php', 60)
 2 SYSTEMPATH\View\View.php(228): include('C:\\xampp\\htdocs\\codeigniter4\\app\\Views\\Update_Mahasiswa.php')
 3 SYSTEMPATH\View\View.php(231): CodeIgniter\View\View->CodeIgniter\View\{closure}()
 4 SYSTEMPATH\Common.php(1178): CodeIgniter\View\View->render('Update_Mahasiswa', [], true)
 5 APPPATH\Controllers\M_MahasiswaController.php(95): view('Update_Mahasiswa', [...])
 6 SYSTEMPATH\CodeIgniter.php(941): App\Controllers\M_MahasiswaController->update('6')
 7 SYSTEMPATH\CodeIgniter.php(502): CodeIgniter\CodeIgniter->runController(Object(App\Controllers\M_MahasiswaController))
 8 SYSTEMPATH\CodeIgniter.php(361): CodeIgniter\CodeIgniter->handleRequest(null, Object(Config\Cache), false)
 9 FCPATH\index.php(79): CodeIgniter\CodeIgniter->run()
10 SYSTEMPATH\Commands\Server\rewrite.php(47): require_once('C:\\xampp\\htdocs\\codeigniter4\\public\\index.php')
CRITICAL - 2024-04-13 19:40:51 --> ErrorException: Undefined property: stdClass::$id
in APPPATH\Views\Update_Mahasiswa.php on line 60.
 1 APPPATH\Views\Update_Mahasiswa.php(60): CodeIgniter\Debug\Exceptions->errorHandler(2, 'Undefined property: stdClass::$id', 'C:\\xampp\\htdocs\\codeigniter4\\app\\Views\\Update_Mahasiswa.php', 60)
 2 SYSTEMPATH\View\View.php(228): include('C:\\xampp\\htdocs\\codeigniter4\\app\\Views\\Update_Mahasiswa.php')
 3 SYSTEMPATH\View\View.php(231): CodeIgniter\View\View->CodeIgniter\View\{closure}()
 4 SYSTEMPATH\Common.php(1178): CodeIgniter\View\View->render('Update_Mahasiswa', [], true)
 5 APPPATH\Controllers\M_MahasiswaController.php(95): view('Update_Mahasiswa', [...])
 6 SYSTEMPATH\CodeIgniter.php(941): App\Controllers\M_MahasiswaController->update('6')
 7 SYSTEMPATH\CodeIgniter.php(502): CodeIgniter\CodeIgniter->runController(Object(App\Controllers\M_MahasiswaController))
 8 SYSTEMPATH\CodeIgniter.php(361): CodeIgniter\CodeIgniter->handleRequest(null, Object(Config\Cache), false)
 9 FCPATH\index.php(79): CodeIgniter\CodeIgniter->run()
10 SYSTEMPATH\Commands\Server\rewrite.php(47): require_once('C:\\xampp\\htdocs\\codeigniter4\\public\\index.php')
CRITICAL - 2024-04-13 19:40:54 --> ErrorException: Undefined property: stdClass::$id
in APPPATH\Views\Update_Mahasiswa.php on line 60.
 1 APPPATH\Views\Update_Mahasiswa.php(60): CodeIgniter\Debug\Exceptions->errorHandler(2, 'Undefined property: stdClass::$id', 'C:\\xampp\\htdocs\\codeigniter4\\app\\Views\\Update_Mahasiswa.php', 60)
 2 SYSTEMPATH\View\View.php(228): include('C:\\xampp\\htdocs\\codeigniter4\\app\\Views\\Update_Mahasiswa.php')
 3 SYSTEMPATH\View\View.php(231): CodeIgniter\View\View->CodeIgniter\View\{closure}()
 4 SYSTEMPATH\Common.php(1178): CodeIgniter\View\View->render('Update_Mahasiswa', [], true)
 5 APPPATH\Controllers\M_MahasiswaController.php(95): view('Update_Mahasiswa', [...])
 6 SYSTEMPATH\CodeIgniter.php(941): App\Controllers\M_MahasiswaController->update('6')
 7 SYSTEMPATH\CodeIgniter.php(502): CodeIgniter\CodeIgniter->runController(Object(App\Controllers\M_MahasiswaController))
 8 SYSTEMPATH\CodeIgniter.php(361): CodeIgniter\CodeIgniter->handleRequest(null, Object(Config\Cache), false)
 9 FCPATH\index.php(79): CodeIgniter\CodeIgniter->run()
10 SYSTEMPATH\Commands\Server\rewrite.php(47): require_once('C:\\xampp\\htdocs\\codeigniter4\\public\\index.php')
CRITICAL - 2024-04-13 19:44:06 --> ErrorException: Undefined variable $id
in APPPATH\Views\Update_Mahasiswa.php on line 60.
 1 APPPATH\Views\Update_Mahasiswa.php(60): CodeIgniter\Debug\Exceptions->errorHandler(2, 'Undefined variable $id', 'C:\\xampp\\htdocs\\codeigniter4\\app\\Views\\Update_Mahasiswa.php', 60)
 2 SYSTEMPATH\View\View.php(228): include('C:\\xampp\\htdocs\\codeigniter4\\app\\Views\\Update_Mahasiswa.php')
 3 SYSTEMPATH\View\View.php(231): CodeIgniter\View\View->CodeIgniter\View\{closure}()
 4 SYSTEMPATH\Common.php(1178): CodeIgniter\View\View->render('Update_Mahasiswa', [], true)
 5 APPPATH\Controllers\M_MahasiswaController.php(109): view('Update_Mahasiswa', [...])
 6 SYSTEMPATH\CodeIgniter.php(941): App\Controllers\M_MahasiswaController->edit('6')
 7 SYSTEMPATH\CodeIgniter.php(502): CodeIgniter\CodeIgniter->runController(Object(App\Controllers\M_MahasiswaController))
 8 SYSTEMPATH\CodeIgniter.php(361): CodeIgniter\CodeIgniter->handleRequest(null, Object(Config\Cache), false)
 9 FCPATH\index.php(79): CodeIgniter\CodeIgniter->run()
10 SYSTEMPATH\Commands\Server\rewrite.php(47): require_once('C:\\xampp\\htdocs\\codeigniter4\\public\\index.php')
CRITICAL - 2024-04-13 19:47:40 --> ErrorException: Undefined variable $id
in APPPATH\Views\Update_Mahasiswa.php on line 60.
 1 APPPATH\Views\Update_Mahasiswa.php(60): CodeIgniter\Debug\Exceptions->errorHandler(2, 'Undefined variable $id', 'C:\\xampp\\htdocs\\codeigniter4\\app\\Views\\Update_Mahasiswa.php', 60)
 2 SYSTEMPATH\View\View.php(228): include('C:\\xampp\\htdocs\\codeigniter4\\app\\Views\\Update_Mahasiswa.php')
 3 SYSTEMPATH\View\View.php(231): CodeIgniter\View\View->CodeIgniter\View\{closure}()
 4 SYSTEMPATH\Common.php(1178): CodeIgniter\View\View->render('Update_Mahasiswa', [], true)
 5 APPPATH\Controllers\M_MahasiswaController.php(92): view('Update_Mahasiswa', [...])
 6 SYSTEMPATH\CodeIgniter.php(941): App\Controllers\M_MahasiswaController->edit('6')
 7 SYSTEMPATH\CodeIgniter.php(502): CodeIgniter\CodeIgniter->runController(Object(App\Controllers\M_MahasiswaController))
 8 SYSTEMPATH\CodeIgniter.php(361): CodeIgniter\CodeIgniter->handleRequest(null, Object(Config\Cache), false)
 9 FCPATH\index.php(79): CodeIgniter\CodeIgniter->run()
10 SYSTEMPATH\Commands\Server\rewrite.php(47): require_once('C:\\xampp\\htdocs\\codeigniter4\\public\\index.php')
CRITICAL - 2024-04-13 19:49:04 --> ErrorException: Undefined variable $id
in APPPATH\Views\Update_Mahasiswa.php on line 60.
 1 APPPATH\Views\Update_Mahasiswa.php(60): CodeIgniter\Debug\Exceptions->errorHandler(2, 'Undefined variable $id', 'C:\\xampp\\htdocs\\codeigniter4\\app\\Views\\Update_Mahasiswa.php', 60)
 2 SYSTEMPATH\View\View.php(228): include('C:\\xampp\\htdocs\\codeigniter4\\app\\Views\\Update_Mahasiswa.php')
 3 SYSTEMPATH\View\View.php(231): CodeIgniter\View\View->CodeIgniter\View\{closure}()
 4 SYSTEMPATH\Common.php(1178): CodeIgniter\View\View->render('Update_Mahasiswa', [], true)
 5 APPPATH\Controllers\M_MahasiswaController.php(96): view('Update_Mahasiswa', [...])
 6 SYSTEMPATH\CodeIgniter.php(941): App\Controllers\M_MahasiswaController->edit('6')
 7 SYSTEMPATH\CodeIgniter.php(502): CodeIgniter\CodeIgniter->runController(Object(App\Controllers\M_MahasiswaController))
 8 SYSTEMPATH\CodeIgniter.php(361): CodeIgniter\CodeIgniter->handleRequest(null, Object(Config\Cache), false)
 9 FCPATH\index.php(79): CodeIgniter\CodeIgniter->run()
10 SYSTEMPATH\Commands\Server\rewrite.php(47): require_once('C:\\xampp\\htdocs\\codeigniter4\\public\\index.php')
CRITICAL - 2024-04-13 19:49:49 --> ErrorException: Undefined property: stdClass::$id
in APPPATH\Views\Update_Mahasiswa.php on line 60.
 1 APPPATH\Views\Update_Mahasiswa.php(60): CodeIgniter\Debug\Exceptions->errorHandler(2, 'Undefined property: stdClass::$id', 'C:\\xampp\\htdocs\\codeigniter4\\app\\Views\\Update_Mahasiswa.php', 60)
 2 SYSTEMPATH\View\View.php(228): include('C:\\xampp\\htdocs\\codeigniter4\\app\\Views\\Update_Mahasiswa.php')
 3 SYSTEMPATH\View\View.php(231): CodeIgniter\View\View->CodeIgniter\View\{closure}()
 4 SYSTEMPATH\Common.php(1178): CodeIgniter\View\View->render('Update_Mahasiswa', [], true)
 5 APPPATH\Controllers\M_MahasiswaController.php(96): view('Update_Mahasiswa', [...])
 6 SYSTEMPATH\CodeIgniter.php(941): App\Controllers\M_MahasiswaController->edit('6')
 7 SYSTEMPATH\CodeIgniter.php(502): CodeIgniter\CodeIgniter->runController(Object(App\Controllers\M_MahasiswaController))
 8 SYSTEMPATH\CodeIgniter.php(361): CodeIgniter\CodeIgniter->handleRequest(null, Object(Config\Cache), false)
 9 FCPATH\index.php(79): CodeIgniter\CodeIgniter->run()
10 SYSTEMPATH\Commands\Server\rewrite.php(47): require_once('C:\\xampp\\htdocs\\codeigniter4\\public\\index.php')
CRITICAL - 2024-04-13 19:50:07 --> ErrorException: Undefined variable $id
in APPPATH\Views\Update_Mahasiswa.php on line 60.
 1 APPPATH\Views\Update_Mahasiswa.php(60): CodeIgniter\Debug\Exceptions->errorHandler(2, 'Undefined variable $id', 'C:\\xampp\\htdocs\\codeigniter4\\app\\Views\\Update_Mahasiswa.php', 60)
 2 SYSTEMPATH\View\View.php(228): include('C:\\xampp\\htdocs\\codeigniter4\\app\\Views\\Update_Mahasiswa.php')
 3 SYSTEMPATH\View\View.php(231): CodeIgniter\View\View->CodeIgniter\View\{closure}()
 4 SYSTEMPATH\Common.php(1178): CodeIgniter\View\View->render('Update_Mahasiswa', [], true)
 5 APPPATH\Controllers\M_MahasiswaController.php(96): view('Update_Mahasiswa', [...])
 6 SYSTEMPATH\CodeIgniter.php(941): App\Controllers\M_MahasiswaController->edit('6')
 7 SYSTEMPATH\CodeIgniter.php(502): CodeIgniter\CodeIgniter->runController(Object(App\Controllers\M_MahasiswaController))
 8 SYSTEMPATH\CodeIgniter.php(361): CodeIgniter\CodeIgniter->handleRequest(null, Object(Config\Cache), false)
 9 FCPATH\index.php(79): CodeIgniter\CodeIgniter->run()
10 SYSTEMPATH\Commands\Server\rewrite.php(47): require_once('C:\\xampp\\htdocs\\codeigniter4\\public\\index.php')
