INFO - 2024-05-17 01:26:39 --> Session: Class initialized using 'CodeIgniter\Session\Handlers\FileHandler' driver.
INFO - 2024-05-17 01:26:42 --> Session: Class initialized using 'CodeIgniter\Session\Handlers\FileHandler' driver.
INFO - 2024-05-17 01:26:42 --> Session: Class initialized using 'CodeIgniter\Session\Handlers\FileHandler' driver.
INFO - 2024-05-17 01:33:57 --> Session: Class initialized using 'CodeIgniter\Session\Handlers\FileHandler' driver.
ERROR - 2024-05-17 01:33:57 --> Error connecting to the database: mysqli_sql_exception: Unknown database 'brg' in C:\xampp\htdocs\ecommerce\system\Database\MySQLi\Connection.php:184
Stack trace:
#0 C:\xampp\htdocs\ecommerce\system\Database\MySQLi\Connection.php(184): mysqli->real_connect('localhost', 'root', Object(SensitiveParameterValue), 'brg', 3306, '', 0)
#1 C:\xampp\htdocs\ecommerce\system\Database\BaseConnection.php(392): CodeIgniter\Database\MySQLi\Connection->connect(false)
#2 C:\xampp\htdocs\ecommerce\system\Database\BaseConnection.php(575): CodeIgniter\Database\BaseConnection->initialize()
#3 C:\xampp\htdocs\ecommerce\system\Database\BaseBuilder.php(1616): CodeIgniter\Database\BaseConnection->query('SELECT *\nFROM `...', Array, false)
#4 C:\xampp\htdocs\ecommerce\system\Model.php(242): CodeIgniter\Database\BaseBuilder->get()
#5 C:\xampp\htdocs\ecommerce\system\BaseModel.php(638): CodeIgniter\Model->doFindAll(0, 0)
#6 C:\xampp\htdocs\ecommerce\app\Controllers\c_cart.php(17): CodeIgniter\BaseModel->findAll()
#7 C:\xampp\htdocs\ecommerce\system\CodeIgniter.php(941): App\Controllers\c_cart->index()
#8 C:\xampp\htdocs\ecommerce\system\CodeIgniter.php(502): CodeIgniter\CodeIgniter->runController(Object(App\Controllers\c_cart))
#9 C:\xampp\htdocs\ecommerce\system\CodeIgniter.php(361): CodeIgniter\CodeIgniter->handleRequest(NULL, Object(Config\Cache), false)
#10 C:\xampp\htdocs\ecommerce\public\index.php(79): CodeIgniter\CodeIgniter->run()
#11 C:\xampp\htdocs\ecommerce\system\Commands\Server\rewrite.php(47): require_once('C:\\xampp\\htdocs...')
#12 {main}

Next CodeIgniter\Database\Exceptions\DatabaseException: Unknown database 'brg' in C:\xampp\htdocs\ecommerce\system\Database\MySQLi\Connection.php:229
Stack trace:
#0 C:\xampp\htdocs\ecommerce\system\Database\BaseConnection.php(392): CodeIgniter\Database\MySQLi\Connection->connect(false)
#1 C:\xampp\htdocs\ecommerce\system\Database\BaseConnection.php(575): CodeIgniter\Database\BaseConnection->initialize()
#2 C:\xampp\htdocs\ecommerce\system\Database\BaseBuilder.php(1616): CodeIgniter\Database\BaseConnection->query('SELECT *\nFROM `...', Array, false)
#3 C:\xampp\htdocs\ecommerce\system\Model.php(242): CodeIgniter\Database\BaseBuilder->get()
#4 C:\xampp\htdocs\ecommerce\system\BaseModel.php(638): CodeIgniter\Model->doFindAll(0, 0)
#5 C:\xampp\htdocs\ecommerce\app\Controllers\c_cart.php(17): CodeIgniter\BaseModel->findAll()
#6 C:\xampp\htdocs\ecommerce\system\CodeIgniter.php(941): App\Controllers\c_cart->index()
#7 C:\xampp\htdocs\ecommerce\system\CodeIgniter.php(502): CodeIgniter\CodeIgniter->runController(Object(App\Controllers\c_cart))
#8 C:\xampp\htdocs\ecommerce\system\CodeIgniter.php(361): CodeIgniter\CodeIgniter->handleRequest(NULL, Object(Config\Cache), false)
#9 C:\xampp\htdocs\ecommerce\public\index.php(79): CodeIgniter\CodeIgniter->run()
#10 C:\xampp\htdocs\ecommerce\system\Commands\Server\rewrite.php(47): require_once('C:\\xampp\\htdocs...')
#11 {main}
CRITICAL - 2024-05-17 01:33:57 --> CodeIgniter\Database\Exceptions\DatabaseException: Unable to connect to the database.
Main connection [MySQLi]: Unknown database 'brg'
in SYSTEMPATH\Database\BaseConnection.php on line 428.
 1 SYSTEMPATH\Database\BaseConnection.php(575): CodeIgniter\Database\BaseConnection->initialize()
 2 SYSTEMPATH\Database\BaseBuilder.php(1616): CodeIgniter\Database\BaseConnection->query('SELECT *
FROM `barang`', [], false)
 3 SYSTEMPATH\Model.php(242): CodeIgniter\Database\BaseBuilder->get()
 4 SYSTEMPATH\BaseModel.php(638): CodeIgniter\Model->doFindAll(0, 0)
 5 APPPATH\Controllers\c_cart.php(17): CodeIgniter\BaseModel->findAll()
 6 SYSTEMPATH\CodeIgniter.php(941): App\Controllers\c_cart->index()
 7 SYSTEMPATH\CodeIgniter.php(502): CodeIgniter\CodeIgniter->runController(Object(App\Controllers\c_cart))
 8 SYSTEMPATH\CodeIgniter.php(361): CodeIgniter\CodeIgniter->handleRequest(null, Object(Config\Cache), false)
 9 FCPATH\index.php(79): CodeIgniter\CodeIgniter->run()
10 SYSTEMPATH\Commands\Server\rewrite.php(47): require_once('C:\\xampp\\htdocs\\ecommerce\\public\\index.php')
ERROR - 2024-05-17 01:34:01 --> Error connecting to the database: mysqli_sql_exception: Unknown database 'brg' in C:\xampp\htdocs\ecommerce\system\Database\MySQLi\Connection.php:184
Stack trace:
#0 C:\xampp\htdocs\ecommerce\system\Database\MySQLi\Connection.php(184): mysqli->real_connect('localhost', 'root', Object(SensitiveParameterValue), 'brg', 3306, '', 0)
#1 C:\xampp\htdocs\ecommerce\system\Database\BaseConnection.php(392): CodeIgniter\Database\MySQLi\Connection->connect(false)
#2 C:\xampp\htdocs\ecommerce\system\Database\BaseConnection.php(575): CodeIgniter\Database\BaseConnection->initialize()
#3 C:\xampp\htdocs\ecommerce\system\Database\BaseBuilder.php(1616): CodeIgniter\Database\BaseConnection->query('SELECT *\nFROM `...', Array, false)
#4 C:\xampp\htdocs\ecommerce\system\Model.php(242): CodeIgniter\Database\BaseBuilder->get()
#5 C:\xampp\htdocs\ecommerce\system\BaseModel.php(638): CodeIgniter\Model->doFindAll(0, 0)
#6 C:\xampp\htdocs\ecommerce\app\Controllers\c_barang.php(12): CodeIgniter\BaseModel->findAll()
#7 C:\xampp\htdocs\ecommerce\system\CodeIgniter.php(941): App\Controllers\c_barang->index()
#8 C:\xampp\htdocs\ecommerce\system\CodeIgniter.php(502): CodeIgniter\CodeIgniter->runController(Object(App\Controllers\c_barang))
#9 C:\xampp\htdocs\ecommerce\system\CodeIgniter.php(361): CodeIgniter\CodeIgniter->handleRequest(NULL, Object(Config\Cache), false)
#10 C:\xampp\htdocs\ecommerce\public\index.php(79): CodeIgniter\CodeIgniter->run()
#11 C:\xampp\htdocs\ecommerce\system\Commands\Server\rewrite.php(47): require_once('C:\\xampp\\htdocs...')
#12 {main}

Next CodeIgniter\Database\Exceptions\DatabaseException: Unknown database 'brg' in C:\xampp\htdocs\ecommerce\system\Database\MySQLi\Connection.php:229
Stack trace:
#0 C:\xampp\htdocs\ecommerce\system\Database\BaseConnection.php(392): CodeIgniter\Database\MySQLi\Connection->connect(false)
#1 C:\xampp\htdocs\ecommerce\system\Database\BaseConnection.php(575): CodeIgniter\Database\BaseConnection->initialize()
#2 C:\xampp\htdocs\ecommerce\system\Database\BaseBuilder.php(1616): CodeIgniter\Database\BaseConnection->query('SELECT *\nFROM `...', Array, false)
#3 C:\xampp\htdocs\ecommerce\system\Model.php(242): CodeIgniter\Database\BaseBuilder->get()
#4 C:\xampp\htdocs\ecommerce\system\BaseModel.php(638): CodeIgniter\Model->doFindAll(0, 0)
#5 C:\xampp\htdocs\ecommerce\app\Controllers\c_barang.php(12): CodeIgniter\BaseModel->findAll()
#6 C:\xampp\htdocs\ecommerce\system\CodeIgniter.php(941): App\Controllers\c_barang->index()
#7 C:\xampp\htdocs\ecommerce\system\CodeIgniter.php(502): CodeIgniter\CodeIgniter->runController(Object(App\Controllers\c_barang))
#8 C:\xampp\htdocs\ecommerce\system\CodeIgniter.php(361): CodeIgniter\CodeIgniter->handleRequest(NULL, Object(Config\Cache), false)
#9 C:\xampp\htdocs\ecommerce\public\index.php(79): CodeIgniter\CodeIgniter->run()
#10 C:\xampp\htdocs\ecommerce\system\Commands\Server\rewrite.php(47): require_once('C:\\xampp\\htdocs...')
#11 {main}
CRITICAL - 2024-05-17 01:34:01 --> CodeIgniter\Database\Exceptions\DatabaseException: Unable to connect to the database.
Main connection [MySQLi]: Unknown database 'brg'
in SYSTEMPATH\Database\BaseConnection.php on line 428.
 1 SYSTEMPATH\Database\BaseConnection.php(575): CodeIgniter\Database\BaseConnection->initialize()
 2 SYSTEMPATH\Database\BaseBuilder.php(1616): CodeIgniter\Database\BaseConnection->query('SELECT *
FROM `barang`', [], false)
 3 SYSTEMPATH\Model.php(242): CodeIgniter\Database\BaseBuilder->get()
 4 SYSTEMPATH\BaseModel.php(638): CodeIgniter\Model->doFindAll(0, 0)
 5 APPPATH\Controllers\c_barang.php(12): CodeIgniter\BaseModel->findAll()
 6 SYSTEMPATH\CodeIgniter.php(941): App\Controllers\c_barang->index()
 7 SYSTEMPATH\CodeIgniter.php(502): CodeIgniter\CodeIgniter->runController(Object(App\Controllers\c_barang))
 8 SYSTEMPATH\CodeIgniter.php(361): CodeIgniter\CodeIgniter->handleRequest(null, Object(Config\Cache), false)
 9 FCPATH\index.php(79): CodeIgniter\CodeIgniter->run()
10 SYSTEMPATH\Commands\Server\rewrite.php(47): require_once('C:\\xampp\\htdocs\\ecommerce\\public\\index.php')
ERROR - 2024-05-17 01:34:12 --> Error connecting to the database: mysqli_sql_exception: Unknown database 'brg' in C:\xampp\htdocs\ecommerce\system\Database\MySQLi\Connection.php:184
Stack trace:
#0 C:\xampp\htdocs\ecommerce\system\Database\MySQLi\Connection.php(184): mysqli->real_connect('localhost', 'root', Object(SensitiveParameterValue), 'brg', 3306, '', 0)
#1 C:\xampp\htdocs\ecommerce\system\Database\BaseConnection.php(392): CodeIgniter\Database\MySQLi\Connection->connect(false)
#2 C:\xampp\htdocs\ecommerce\system\Database\BaseConnection.php(575): CodeIgniter\Database\BaseConnection->initialize()
#3 C:\xampp\htdocs\ecommerce\system\Database\BaseBuilder.php(1616): CodeIgniter\Database\BaseConnection->query('SELECT *\nFROM `...', Array, false)
#4 C:\xampp\htdocs\ecommerce\system\Model.php(242): CodeIgniter\Database\BaseBuilder->get()
#5 C:\xampp\htdocs\ecommerce\system\BaseModel.php(638): CodeIgniter\Model->doFindAll(0, 0)
#6 C:\xampp\htdocs\ecommerce\app\Controllers\c_barang.php(12): CodeIgniter\BaseModel->findAll()
#7 C:\xampp\htdocs\ecommerce\system\CodeIgniter.php(941): App\Controllers\c_barang->index()
#8 C:\xampp\htdocs\ecommerce\system\CodeIgniter.php(502): CodeIgniter\CodeIgniter->runController(Object(App\Controllers\c_barang))
#9 C:\xampp\htdocs\ecommerce\system\CodeIgniter.php(361): CodeIgniter\CodeIgniter->handleRequest(NULL, Object(Config\Cache), false)
#10 C:\xampp\htdocs\ecommerce\public\index.php(79): CodeIgniter\CodeIgniter->run()
#11 {main}

Next CodeIgniter\Database\Exceptions\DatabaseException: Unknown database 'brg' in C:\xampp\htdocs\ecommerce\system\Database\MySQLi\Connection.php:229
Stack trace:
#0 C:\xampp\htdocs\ecommerce\system\Database\BaseConnection.php(392): CodeIgniter\Database\MySQLi\Connection->connect(false)
#1 C:\xampp\htdocs\ecommerce\system\Database\BaseConnection.php(575): CodeIgniter\Database\BaseConnection->initialize()
#2 C:\xampp\htdocs\ecommerce\system\Database\BaseBuilder.php(1616): CodeIgniter\Database\BaseConnection->query('SELECT *\nFROM `...', Array, false)
#3 C:\xampp\htdocs\ecommerce\system\Model.php(242): CodeIgniter\Database\BaseBuilder->get()
#4 C:\xampp\htdocs\ecommerce\system\BaseModel.php(638): CodeIgniter\Model->doFindAll(0, 0)
#5 C:\xampp\htdocs\ecommerce\app\Controllers\c_barang.php(12): CodeIgniter\BaseModel->findAll()
#6 C:\xampp\htdocs\ecommerce\system\CodeIgniter.php(941): App\Controllers\c_barang->index()
#7 C:\xampp\htdocs\ecommerce\system\CodeIgniter.php(502): CodeIgniter\CodeIgniter->runController(Object(App\Controllers\c_barang))
#8 C:\xampp\htdocs\ecommerce\system\CodeIgniter.php(361): CodeIgniter\CodeIgniter->handleRequest(NULL, Object(Config\Cache), false)
#9 C:\xampp\htdocs\ecommerce\public\index.php(79): CodeIgniter\CodeIgniter->run()
#10 {main}
CRITICAL - 2024-05-17 01:34:12 --> CodeIgniter\Database\Exceptions\DatabaseException: Unable to connect to the database.
Main connection [MySQLi]: Unknown database 'brg'
in SYSTEMPATH\Database\BaseConnection.php on line 428.
 1 SYSTEMPATH\Database\BaseConnection.php(575): CodeIgniter\Database\BaseConnection->initialize()
 2 SYSTEMPATH\Database\BaseBuilder.php(1616): CodeIgniter\Database\BaseConnection->query('SELECT *
FROM `barang`', [], false)
 3 SYSTEMPATH\Model.php(242): CodeIgniter\Database\BaseBuilder->get()
 4 SYSTEMPATH\BaseModel.php(638): CodeIgniter\Model->doFindAll(0, 0)
 5 APPPATH\Controllers\c_barang.php(12): CodeIgniter\BaseModel->findAll()
 6 SYSTEMPATH\CodeIgniter.php(941): App\Controllers\c_barang->index()
 7 SYSTEMPATH\CodeIgniter.php(502): CodeIgniter\CodeIgniter->runController(Object(App\Controllers\c_barang))
 8 SYSTEMPATH\CodeIgniter.php(361): CodeIgniter\CodeIgniter->handleRequest(null, Object(Config\Cache), false)
 9 FCPATH\index.php(79): CodeIgniter\CodeIgniter->run()
ERROR - 2024-05-17 01:34:19 --> Error connecting to the database: mysqli_sql_exception: Unknown database 'brg' in C:\xampp\htdocs\ecommerce\system\Database\MySQLi\Connection.php:184
Stack trace:
#0 C:\xampp\htdocs\ecommerce\system\Database\MySQLi\Connection.php(184): mysqli->real_connect('localhost', 'root', Object(SensitiveParameterValue), 'brg', 3306, '', 0)
#1 C:\xampp\htdocs\ecommerce\system\Database\BaseConnection.php(392): CodeIgniter\Database\MySQLi\Connection->connect(false)
#2 C:\xampp\htdocs\ecommerce\system\Database\BaseConnection.php(575): CodeIgniter\Database\BaseConnection->initialize()
#3 C:\xampp\htdocs\ecommerce\system\Database\BaseBuilder.php(1616): CodeIgniter\Database\BaseConnection->query('SELECT *\nFROM `...', Array, false)
#4 C:\xampp\htdocs\ecommerce\system\Model.php(242): CodeIgniter\Database\BaseBuilder->get()
#5 C:\xampp\htdocs\ecommerce\system\BaseModel.php(638): CodeIgniter\Model->doFindAll(0, 0)
#6 C:\xampp\htdocs\ecommerce\app\Controllers\c_barang.php(12): CodeIgniter\BaseModel->findAll()
#7 C:\xampp\htdocs\ecommerce\system\CodeIgniter.php(941): App\Controllers\c_barang->index()
#8 C:\xampp\htdocs\ecommerce\system\CodeIgniter.php(502): CodeIgniter\CodeIgniter->runController(Object(App\Controllers\c_barang))
#9 C:\xampp\htdocs\ecommerce\system\CodeIgniter.php(361): CodeIgniter\CodeIgniter->handleRequest(NULL, Object(Config\Cache), false)
#10 C:\xampp\htdocs\ecommerce\public\index.php(79): CodeIgniter\CodeIgniter->run()
#11 {main}

Next CodeIgniter\Database\Exceptions\DatabaseException: Unknown database 'brg' in C:\xampp\htdocs\ecommerce\system\Database\MySQLi\Connection.php:229
Stack trace:
#0 C:\xampp\htdocs\ecommerce\system\Database\BaseConnection.php(392): CodeIgniter\Database\MySQLi\Connection->connect(false)
#1 C:\xampp\htdocs\ecommerce\system\Database\BaseConnection.php(575): CodeIgniter\Database\BaseConnection->initialize()
#2 C:\xampp\htdocs\ecommerce\system\Database\BaseBuilder.php(1616): CodeIgniter\Database\BaseConnection->query('SELECT *\nFROM `...', Array, false)
#3 C:\xampp\htdocs\ecommerce\system\Model.php(242): CodeIgniter\Database\BaseBuilder->get()
#4 C:\xampp\htdocs\ecommerce\system\BaseModel.php(638): CodeIgniter\Model->doFindAll(0, 0)
#5 C:\xampp\htdocs\ecommerce\app\Controllers\c_barang.php(12): CodeIgniter\BaseModel->findAll()
#6 C:\xampp\htdocs\ecommerce\system\CodeIgniter.php(941): App\Controllers\c_barang->index()
#7 C:\xampp\htdocs\ecommerce\system\CodeIgniter.php(502): CodeIgniter\CodeIgniter->runController(Object(App\Controllers\c_barang))
#8 C:\xampp\htdocs\ecommerce\system\CodeIgniter.php(361): CodeIgniter\CodeIgniter->handleRequest(NULL, Object(Config\Cache), false)
#9 C:\xampp\htdocs\ecommerce\public\index.php(79): CodeIgniter\CodeIgniter->run()
#10 {main}
CRITICAL - 2024-05-17 01:34:19 --> CodeIgniter\Database\Exceptions\DatabaseException: Unable to connect to the database.
Main connection [MySQLi]: Unknown database 'brg'
in SYSTEMPATH\Database\BaseConnection.php on line 428.
 1 SYSTEMPATH\Database\BaseConnection.php(575): CodeIgniter\Database\BaseConnection->initialize()
 2 SYSTEMPATH\Database\BaseBuilder.php(1616): CodeIgniter\Database\BaseConnection->query('SELECT *
FROM `barang`', [], false)
 3 SYSTEMPATH\Model.php(242): CodeIgniter\Database\BaseBuilder->get()
 4 SYSTEMPATH\BaseModel.php(638): CodeIgniter\Model->doFindAll(0, 0)
 5 APPPATH\Controllers\c_barang.php(12): CodeIgniter\BaseModel->findAll()
 6 SYSTEMPATH\CodeIgniter.php(941): App\Controllers\c_barang->index()
 7 SYSTEMPATH\CodeIgniter.php(502): CodeIgniter\CodeIgniter->runController(Object(App\Controllers\c_barang))
 8 SYSTEMPATH\CodeIgniter.php(361): CodeIgniter\CodeIgniter->handleRequest(null, Object(Config\Cache), false)
 9 FCPATH\index.php(79): CodeIgniter\CodeIgniter->run()
ERROR - 2024-05-17 01:34:22 --> Error connecting to the database: mysqli_sql_exception: Unknown database 'brg' in C:\xampp\htdocs\ecommerce\system\Database\MySQLi\Connection.php:184
Stack trace:
#0 C:\xampp\htdocs\ecommerce\system\Database\MySQLi\Connection.php(184): mysqli->real_connect('localhost', 'root', Object(SensitiveParameterValue), 'brg', 3306, '', 0)
#1 C:\xampp\htdocs\ecommerce\system\Database\BaseConnection.php(392): CodeIgniter\Database\MySQLi\Connection->connect(false)
#2 C:\xampp\htdocs\ecommerce\system\Database\BaseConnection.php(575): CodeIgniter\Database\BaseConnection->initialize()
#3 C:\xampp\htdocs\ecommerce\system\Database\BaseBuilder.php(1616): CodeIgniter\Database\BaseConnection->query('SELECT *\nFROM `...', Array, false)
#4 C:\xampp\htdocs\ecommerce\system\Model.php(242): CodeIgniter\Database\BaseBuilder->get()
#5 C:\xampp\htdocs\ecommerce\system\BaseModel.php(638): CodeIgniter\Model->doFindAll(0, 0)
#6 C:\xampp\htdocs\ecommerce\app\Controllers\c_barang.php(12): CodeIgniter\BaseModel->findAll()
#7 C:\xampp\htdocs\ecommerce\system\CodeIgniter.php(941): App\Controllers\c_barang->index()
#8 C:\xampp\htdocs\ecommerce\system\CodeIgniter.php(502): CodeIgniter\CodeIgniter->runController(Object(App\Controllers\c_barang))
#9 C:\xampp\htdocs\ecommerce\system\CodeIgniter.php(361): CodeIgniter\CodeIgniter->handleRequest(NULL, Object(Config\Cache), false)
#10 C:\xampp\htdocs\ecommerce\public\index.php(79): CodeIgniter\CodeIgniter->run()
#11 C:\xampp\htdocs\ecommerce\system\Commands\Server\rewrite.php(47): require_once('C:\\xampp\\htdocs...')
#12 {main}

Next CodeIgniter\Database\Exceptions\DatabaseException: Unknown database 'brg' in C:\xampp\htdocs\ecommerce\system\Database\MySQLi\Connection.php:229
Stack trace:
#0 C:\xampp\htdocs\ecommerce\system\Database\BaseConnection.php(392): CodeIgniter\Database\MySQLi\Connection->connect(false)
#1 C:\xampp\htdocs\ecommerce\system\Database\BaseConnection.php(575): CodeIgniter\Database\BaseConnection->initialize()
#2 C:\xampp\htdocs\ecommerce\system\Database\BaseBuilder.php(1616): CodeIgniter\Database\BaseConnection->query('SELECT *\nFROM `...', Array, false)
#3 C:\xampp\htdocs\ecommerce\system\Model.php(242): CodeIgniter\Database\BaseBuilder->get()
#4 C:\xampp\htdocs\ecommerce\system\BaseModel.php(638): CodeIgniter\Model->doFindAll(0, 0)
#5 C:\xampp\htdocs\ecommerce\app\Controllers\c_barang.php(12): CodeIgniter\BaseModel->findAll()
#6 C:\xampp\htdocs\ecommerce\system\CodeIgniter.php(941): App\Controllers\c_barang->index()
#7 C:\xampp\htdocs\ecommerce\system\CodeIgniter.php(502): CodeIgniter\CodeIgniter->runController(Object(App\Controllers\c_barang))
#8 C:\xampp\htdocs\ecommerce\system\CodeIgniter.php(361): CodeIgniter\CodeIgniter->handleRequest(NULL, Object(Config\Cache), false)
#9 C:\xampp\htdocs\ecommerce\public\index.php(79): CodeIgniter\CodeIgniter->run()
#10 C:\xampp\htdocs\ecommerce\system\Commands\Server\rewrite.php(47): require_once('C:\\xampp\\htdocs...')
#11 {main}
CRITICAL - 2024-05-17 01:34:22 --> CodeIgniter\Database\Exceptions\DatabaseException: Unable to connect to the database.
Main connection [MySQLi]: Unknown database 'brg'
in SYSTEMPATH\Database\BaseConnection.php on line 428.
 1 SYSTEMPATH\Database\BaseConnection.php(575): CodeIgniter\Database\BaseConnection->initialize()
 2 SYSTEMPATH\Database\BaseBuilder.php(1616): CodeIgniter\Database\BaseConnection->query('SELECT *
FROM `barang`', [], false)
 3 SYSTEMPATH\Model.php(242): CodeIgniter\Database\BaseBuilder->get()
 4 SYSTEMPATH\BaseModel.php(638): CodeIgniter\Model->doFindAll(0, 0)
 5 APPPATH\Controllers\c_barang.php(12): CodeIgniter\BaseModel->findAll()
 6 SYSTEMPATH\CodeIgniter.php(941): App\Controllers\c_barang->index()
 7 SYSTEMPATH\CodeIgniter.php(502): CodeIgniter\CodeIgniter->runController(Object(App\Controllers\c_barang))
 8 SYSTEMPATH\CodeIgniter.php(361): CodeIgniter\CodeIgniter->handleRequest(null, Object(Config\Cache), false)
 9 FCPATH\index.php(79): CodeIgniter\CodeIgniter->run()
10 SYSTEMPATH\Commands\Server\rewrite.php(47): require_once('C:\\xampp\\htdocs\\ecommerce\\public\\index.php')
INFO - 2024-05-17 01:35:09 --> Session: Class initialized using 'CodeIgniter\Session\Handlers\FileHandler' driver.
INFO - 2024-05-17 01:35:14 --> Session: Class initialized using 'CodeIgniter\Session\Handlers\FileHandler' driver.
ERROR - 2024-05-17 01:35:14 --> mysqli_sql_exception: Duplicate entry '5' for key 'PRIMARY' in C:\xampp\htdocs\ecommerce\system\Database\MySQLi\Connection.php:306
Stack trace:
#0 C:\xampp\htdocs\ecommerce\system\Database\MySQLi\Connection.php(306): mysqli->query('INSERT INTO `pe...', 0)
#1 C:\xampp\htdocs\ecommerce\system\Database\BaseConnection.php(693): CodeIgniter\Database\MySQLi\Connection->execute('INSERT INTO `pe...')
#2 C:\xampp\htdocs\ecommerce\system\Database\BaseConnection.php(607): CodeIgniter\Database\BaseConnection->simpleQuery('INSERT INTO `pe...')
#3 C:\xampp\htdocs\ecommerce\system\Database\BaseBuilder.php(2307): CodeIgniter\Database\BaseConnection->query('INSERT INTO `pe...', Array, false)
#4 C:\xampp\htdocs\ecommerce\system\Model.php(326): CodeIgniter\Database\BaseBuilder->insert()
#5 C:\xampp\htdocs\ecommerce\system\BaseModel.php(802): CodeIgniter\Model->doInsert(Array)
#6 C:\xampp\htdocs\ecommerce\system\Model.php(744): CodeIgniter\BaseModel->insert(Array, true)
#7 C:\xampp\htdocs\ecommerce\app\Models\jual.php(15): CodeIgniter\Model->insert(Array)
#8 C:\xampp\htdocs\ecommerce\app\Controllers\c_cart.php(61): App\Models\Jual->addCartData(Array)
#9 C:\xampp\htdocs\ecommerce\system\CodeIgniter.php(941): App\Controllers\c_cart->add('5')
#10 C:\xampp\htdocs\ecommerce\system\CodeIgniter.php(502): CodeIgniter\CodeIgniter->runController(Object(App\Controllers\c_cart))
#11 C:\xampp\htdocs\ecommerce\system\CodeIgniter.php(361): CodeIgniter\CodeIgniter->handleRequest(NULL, Object(Config\Cache), false)
#12 C:\xampp\htdocs\ecommerce\public\index.php(79): CodeIgniter\CodeIgniter->run()
#13 C:\xampp\htdocs\ecommerce\system\Commands\Server\rewrite.php(47): require_once('C:\\xampp\\htdocs...')
#14 {main}
CRITICAL - 2024-05-17 01:35:14 --> CodeIgniter\Database\Exceptions\DatabaseException: Duplicate entry '5' for key 'PRIMARY'
in SYSTEMPATH\Database\BaseConnection.php on line 647.
 1 SYSTEMPATH\Database\BaseBuilder.php(2307): CodeIgniter\Database\BaseConnection->query('INSERT INTO `penjualan_detail` (`id`, `jumlah`, `harga`) VALUES (:id:, :jumlah:, :harga:)', [...], false)
 2 SYSTEMPATH\Model.php(326): CodeIgniter\Database\BaseBuilder->insert()
 3 SYSTEMPATH\BaseModel.php(802): CodeIgniter\Model->doInsert([...])
 4 SYSTEMPATH\Model.php(744): CodeIgniter\BaseModel->insert([...], true)
 5 APPPATH\Models\jual.php(15): CodeIgniter\Model->insert([...])
 6 APPPATH\Controllers\c_cart.php(61): App\Models\Jual->addCartData([...])
 7 SYSTEMPATH\CodeIgniter.php(941): App\Controllers\c_cart->add('5')
 8 SYSTEMPATH\CodeIgniter.php(502): CodeIgniter\CodeIgniter->runController(Object(App\Controllers\c_cart))
 9 SYSTEMPATH\CodeIgniter.php(361): CodeIgniter\CodeIgniter->handleRequest(null, Object(Config\Cache), false)
10 FCPATH\index.php(79): CodeIgniter\CodeIgniter->run()
11 SYSTEMPATH\Commands\Server\rewrite.php(47): require_once('C:\\xampp\\htdocs\\ecommerce\\public\\index.php')
CRITICAL - 2024-05-17 01:35:14 --> [Caused by] CodeIgniter\Database\Exceptions\DatabaseException: Duplicate entry '5' for key 'PRIMARY'
in SYSTEMPATH\Database\MySQLi\Connection.php on line 311.
 1 SYSTEMPATH\Database\BaseConnection.php(693): CodeIgniter\Database\MySQLi\Connection->execute('INSERT INTO `penjualan_detail` (`id`, `jumlah`, `harga`) VALUES (\'5\', 2, \'50000.00\')')
 2 SYSTEMPATH\Database\BaseConnection.php(607): CodeIgniter\Database\BaseConnection->simpleQuery('INSERT INTO `penjualan_detail` (`id`, `jumlah`, `harga`) VALUES (\'5\', 2, \'50000.00\')')
 3 SYSTEMPATH\Database\BaseBuilder.php(2307): CodeIgniter\Database\BaseConnection->query('INSERT INTO `penjualan_detail` (`id`, `jumlah`, `harga`) VALUES (:id:, :jumlah:, :harga:)', [...], false)
 4 SYSTEMPATH\Model.php(326): CodeIgniter\Database\BaseBuilder->insert()
 5 SYSTEMPATH\BaseModel.php(802): CodeIgniter\Model->doInsert([...])
 6 SYSTEMPATH\Model.php(744): CodeIgniter\BaseModel->insert([...], true)
 7 APPPATH\Models\jual.php(15): CodeIgniter\Model->insert([...])
 8 APPPATH\Controllers\c_cart.php(61): App\Models\Jual->addCartData([...])
 9 SYSTEMPATH\CodeIgniter.php(941): App\Controllers\c_cart->add('5')
10 SYSTEMPATH\CodeIgniter.php(502): CodeIgniter\CodeIgniter->runController(Object(App\Controllers\c_cart))
11 SYSTEMPATH\CodeIgniter.php(361): CodeIgniter\CodeIgniter->handleRequest(null, Object(Config\Cache), false)
12 FCPATH\index.php(79): CodeIgniter\CodeIgniter->run()
13 SYSTEMPATH\Commands\Server\rewrite.php(47): require_once('C:\\xampp\\htdocs\\ecommerce\\public\\index.php')
CRITICAL - 2024-05-17 01:35:14 --> [Caused by] mysqli_sql_exception: Duplicate entry '5' for key 'PRIMARY'
in SYSTEMPATH\Database\MySQLi\Connection.php on line 306.
 1 SYSTEMPATH\Database\MySQLi\Connection.php(306): mysqli->query('INSERT INTO `penjualan_detail` (`id`, `jumlah`, `harga`) VALUES (\'5\', 2, \'50000.00\')', 0)
 2 SYSTEMPATH\Database\BaseConnection.php(693): CodeIgniter\Database\MySQLi\Connection->execute('INSERT INTO `penjualan_detail` (`id`, `jumlah`, `harga`) VALUES (\'5\', 2, \'50000.00\')')
 3 SYSTEMPATH\Database\BaseConnection.php(607): CodeIgniter\Database\BaseConnection->simpleQuery('INSERT INTO `penjualan_detail` (`id`, `jumlah`, `harga`) VALUES (\'5\', 2, \'50000.00\')')
 4 SYSTEMPATH\Database\BaseBuilder.php(2307): CodeIgniter\Database\BaseConnection->query('INSERT INTO `penjualan_detail` (`id`, `jumlah`, `harga`) VALUES (:id:, :jumlah:, :harga:)', [...], false)
 5 SYSTEMPATH\Model.php(326): CodeIgniter\Database\BaseBuilder->insert()
 6 SYSTEMPATH\BaseModel.php(802): CodeIgniter\Model->doInsert([...])
 7 SYSTEMPATH\Model.php(744): CodeIgniter\BaseModel->insert([...], true)
 8 APPPATH\Models\jual.php(15): CodeIgniter\Model->insert([...])
 9 APPPATH\Controllers\c_cart.php(61): App\Models\Jual->addCartData([...])
10 SYSTEMPATH\CodeIgniter.php(941): App\Controllers\c_cart->add('5')
11 SYSTEMPATH\CodeIgniter.php(502): CodeIgniter\CodeIgniter->runController(Object(App\Controllers\c_cart))
12 SYSTEMPATH\CodeIgniter.php(361): CodeIgniter\CodeIgniter->handleRequest(null, Object(Config\Cache), false)
13 FCPATH\index.php(79): CodeIgniter\CodeIgniter->run()
14 SYSTEMPATH\Commands\Server\rewrite.php(47): require_once('C:\\xampp\\htdocs\\ecommerce\\public\\index.php')
INFO - 2024-05-17 01:35:25 --> Session: Class initialized using 'CodeIgniter\Session\Handlers\FileHandler' driver.
INFO - 2024-05-17 01:35:27 --> Session: Class initialized using 'CodeIgniter\Session\Handlers\FileHandler' driver.
INFO - 2024-05-17 01:35:27 --> Session: Class initialized using 'CodeIgniter\Session\Handlers\FileHandler' driver.
INFO - 2024-05-17 01:35:33 --> Session: Class initialized using 'CodeIgniter\Session\Handlers\FileHandler' driver.
INFO - 2024-05-17 01:35:35 --> Session: Class initialized using 'CodeIgniter\Session\Handlers\FileHandler' driver.
ERROR - 2024-05-17 01:35:35 --> mysqli_sql_exception: Duplicate entry '5' for key 'PRIMARY' in C:\xampp\htdocs\ecommerce\system\Database\MySQLi\Connection.php:306
Stack trace:
#0 C:\xampp\htdocs\ecommerce\system\Database\MySQLi\Connection.php(306): mysqli->query('INSERT INTO `pe...', 0)
#1 C:\xampp\htdocs\ecommerce\system\Database\BaseConnection.php(693): CodeIgniter\Database\MySQLi\Connection->execute('INSERT INTO `pe...')
#2 C:\xampp\htdocs\ecommerce\system\Database\BaseConnection.php(607): CodeIgniter\Database\BaseConnection->simpleQuery('INSERT INTO `pe...')
#3 C:\xampp\htdocs\ecommerce\system\Database\BaseBuilder.php(2307): CodeIgniter\Database\BaseConnection->query('INSERT INTO `pe...', Array, false)
#4 C:\xampp\htdocs\ecommerce\system\Model.php(326): CodeIgniter\Database\BaseBuilder->insert()
#5 C:\xampp\htdocs\ecommerce\system\BaseModel.php(802): CodeIgniter\Model->doInsert(Array)
#6 C:\xampp\htdocs\ecommerce\system\Model.php(744): CodeIgniter\BaseModel->insert(Array, true)
#7 C:\xampp\htdocs\ecommerce\app\Models\jual.php(15): CodeIgniter\Model->insert(Array)
#8 C:\xampp\htdocs\ecommerce\app\Controllers\c_cart.php(61): App\Models\Jual->addCartData(Array)
#9 C:\xampp\htdocs\ecommerce\system\CodeIgniter.php(941): App\Controllers\c_cart->add('5')
#10 C:\xampp\htdocs\ecommerce\system\CodeIgniter.php(502): CodeIgniter\CodeIgniter->runController(Object(App\Controllers\c_cart))
#11 C:\xampp\htdocs\ecommerce\system\CodeIgniter.php(361): CodeIgniter\CodeIgniter->handleRequest(NULL, Object(Config\Cache), false)
#12 C:\xampp\htdocs\ecommerce\public\index.php(79): CodeIgniter\CodeIgniter->run()
#13 C:\xampp\htdocs\ecommerce\system\Commands\Server\rewrite.php(47): require_once('C:\\xampp\\htdocs...')
#14 {main}
CRITICAL - 2024-05-17 01:35:35 --> CodeIgniter\Database\Exceptions\DatabaseException: Duplicate entry '5' for key 'PRIMARY'
in SYSTEMPATH\Database\BaseConnection.php on line 647.
 1 SYSTEMPATH\Database\BaseBuilder.php(2307): CodeIgniter\Database\BaseConnection->query('INSERT INTO `penjualan_detail` (`id`, `jumlah`, `harga`) VALUES (:id:, :jumlah:, :harga:)', [...], false)
 2 SYSTEMPATH\Model.php(326): CodeIgniter\Database\BaseBuilder->insert()
 3 SYSTEMPATH\BaseModel.php(802): CodeIgniter\Model->doInsert([...])
 4 SYSTEMPATH\Model.php(744): CodeIgniter\BaseModel->insert([...], true)
 5 APPPATH\Models\jual.php(15): CodeIgniter\Model->insert([...])
 6 APPPATH\Controllers\c_cart.php(61): App\Models\Jual->addCartData([...])
 7 SYSTEMPATH\CodeIgniter.php(941): App\Controllers\c_cart->add('5')
 8 SYSTEMPATH\CodeIgniter.php(502): CodeIgniter\CodeIgniter->runController(Object(App\Controllers\c_cart))
 9 SYSTEMPATH\CodeIgniter.php(361): CodeIgniter\CodeIgniter->handleRequest(null, Object(Config\Cache), false)
10 FCPATH\index.php(79): CodeIgniter\CodeIgniter->run()
11 SYSTEMPATH\Commands\Server\rewrite.php(47): require_once('C:\\xampp\\htdocs\\ecommerce\\public\\index.php')
CRITICAL - 2024-05-17 01:35:35 --> [Caused by] CodeIgniter\Database\Exceptions\DatabaseException: Duplicate entry '5' for key 'PRIMARY'
in SYSTEMPATH\Database\MySQLi\Connection.php on line 311.
 1 SYSTEMPATH\Database\BaseConnection.php(693): CodeIgniter\Database\MySQLi\Connection->execute('INSERT INTO `penjualan_detail` (`id`, `jumlah`, `harga`) VALUES (\'5\', 2, \'50000.00\')')
 2 SYSTEMPATH\Database\BaseConnection.php(607): CodeIgniter\Database\BaseConnection->simpleQuery('INSERT INTO `penjualan_detail` (`id`, `jumlah`, `harga`) VALUES (\'5\', 2, \'50000.00\')')
 3 SYSTEMPATH\Database\BaseBuilder.php(2307): CodeIgniter\Database\BaseConnection->query('INSERT INTO `penjualan_detail` (`id`, `jumlah`, `harga`) VALUES (:id:, :jumlah:, :harga:)', [...], false)
 4 SYSTEMPATH\Model.php(326): CodeIgniter\Database\BaseBuilder->insert()
 5 SYSTEMPATH\BaseModel.php(802): CodeIgniter\Model->doInsert([...])
 6 SYSTEMPATH\Model.php(744): CodeIgniter\BaseModel->insert([...], true)
 7 APPPATH\Models\jual.php(15): CodeIgniter\Model->insert([...])
 8 APPPATH\Controllers\c_cart.php(61): App\Models\Jual->addCartData([...])
 9 SYSTEMPATH\CodeIgniter.php(941): App\Controllers\c_cart->add('5')
10 SYSTEMPATH\CodeIgniter.php(502): CodeIgniter\CodeIgniter->runController(Object(App\Controllers\c_cart))
11 SYSTEMPATH\CodeIgniter.php(361): CodeIgniter\CodeIgniter->handleRequest(null, Object(Config\Cache), false)
12 FCPATH\index.php(79): CodeIgniter\CodeIgniter->run()
13 SYSTEMPATH\Commands\Server\rewrite.php(47): require_once('C:\\xampp\\htdocs\\ecommerce\\public\\index.php')
CRITICAL - 2024-05-17 01:35:35 --> [Caused by] mysqli_sql_exception: Duplicate entry '5' for key 'PRIMARY'
in SYSTEMPATH\Database\MySQLi\Connection.php on line 306.
 1 SYSTEMPATH\Database\MySQLi\Connection.php(306): mysqli->query('INSERT INTO `penjualan_detail` (`id`, `jumlah`, `harga`) VALUES (\'5\', 2, \'50000.00\')', 0)
 2 SYSTEMPATH\Database\BaseConnection.php(693): CodeIgniter\Database\MySQLi\Connection->execute('INSERT INTO `penjualan_detail` (`id`, `jumlah`, `harga`) VALUES (\'5\', 2, \'50000.00\')')
 3 SYSTEMPATH\Database\BaseConnection.php(607): CodeIgniter\Database\BaseConnection->simpleQuery('INSERT INTO `penjualan_detail` (`id`, `jumlah`, `harga`) VALUES (\'5\', 2, \'50000.00\')')
 4 SYSTEMPATH\Database\BaseBuilder.php(2307): CodeIgniter\Database\BaseConnection->query('INSERT INTO `penjualan_detail` (`id`, `jumlah`, `harga`) VALUES (:id:, :jumlah:, :harga:)', [...], false)
 5 SYSTEMPATH\Model.php(326): CodeIgniter\Database\BaseBuilder->insert()
 6 SYSTEMPATH\BaseModel.php(802): CodeIgniter\Model->doInsert([...])
 7 SYSTEMPATH\Model.php(744): CodeIgniter\BaseModel->insert([...], true)
 8 APPPATH\Models\jual.php(15): CodeIgniter\Model->insert([...])
 9 APPPATH\Controllers\c_cart.php(61): App\Models\Jual->addCartData([...])
10 SYSTEMPATH\CodeIgniter.php(941): App\Controllers\c_cart->add('5')
11 SYSTEMPATH\CodeIgniter.php(502): CodeIgniter\CodeIgniter->runController(Object(App\Controllers\c_cart))
12 SYSTEMPATH\CodeIgniter.php(361): CodeIgniter\CodeIgniter->handleRequest(null, Object(Config\Cache), false)
13 FCPATH\index.php(79): CodeIgniter\CodeIgniter->run()
14 SYSTEMPATH\Commands\Server\rewrite.php(47): require_once('C:\\xampp\\htdocs\\ecommerce\\public\\index.php')
INFO - 2024-05-17 01:37:48 --> Session: Class initialized using 'CodeIgniter\Session\Handlers\FileHandler' driver.
INFO - 2024-05-17 01:37:48 --> Session: Class initialized using 'CodeIgniter\Session\Handlers\FileHandler' driver.
INFO - 2024-05-17 01:37:57 --> Session: Class initialized using 'CodeIgniter\Session\Handlers\FileHandler' driver.
INFO - 2024-05-17 08:52:59 --> Session: Class initialized using 'CodeIgniter\Session\Handlers\FileHandler' driver.
INFO - 2024-05-17 08:53:02 --> Session: Class initialized using 'CodeIgniter\Session\Handlers\FileHandler' driver.
ERROR - 2024-05-17 08:53:02 --> mysqli_sql_exception: Table 'brg.penjualan_detail' doesn't exist in D:\Gav\TI\coolyeah\Semester4\PPL\PR\10\github\ecommerce\system\Database\MySQLi\Connection.php:306
Stack trace:
#0 D:\Gav\TI\coolyeah\Semester4\PPL\PR\10\github\ecommerce\system\Database\MySQLi\Connection.php(306): mysqli->query('SELECT *\nFROM `...', 0)
#1 D:\Gav\TI\coolyeah\Semester4\PPL\PR\10\github\ecommerce\system\Database\BaseConnection.php(693): CodeIgniter\Database\MySQLi\Connection->execute('SELECT *\nFROM `...')
#2 D:\Gav\TI\coolyeah\Semester4\PPL\PR\10\github\ecommerce\system\Database\BaseConnection.php(607): CodeIgniter\Database\BaseConnection->simpleQuery('SELECT *\nFROM `...')
#3 D:\Gav\TI\coolyeah\Semester4\PPL\PR\10\github\ecommerce\system\Database\BaseBuilder.php(1616): CodeIgniter\Database\BaseConnection->query('SELECT *\nFROM `...', Array, false)
#4 D:\Gav\TI\coolyeah\Semester4\PPL\PR\10\github\ecommerce\system\Model.php(199): CodeIgniter\Database\BaseBuilder->get()
#5 D:\Gav\TI\coolyeah\Semester4\PPL\PR\10\github\ecommerce\system\BaseModel.php(577): CodeIgniter\Model->doFind(true, '2')
#6 D:\Gav\TI\coolyeah\Semester4\PPL\PR\10\github\ecommerce\app\Controllers\c_cart.php(56): CodeIgniter\BaseModel->find('2')
#7 D:\Gav\TI\coolyeah\Semester4\PPL\PR\10\github\ecommerce\system\CodeIgniter.php(941): App\Controllers\c_cart->add('2')
#8 D:\Gav\TI\coolyeah\Semester4\PPL\PR\10\github\ecommerce\system\CodeIgniter.php(502): CodeIgniter\CodeIgniter->runController(Object(App\Controllers\c_cart))
#9 D:\Gav\TI\coolyeah\Semester4\PPL\PR\10\github\ecommerce\system\CodeIgniter.php(361): CodeIgniter\CodeIgniter->handleRequest(NULL, Object(Config\Cache), false)
#10 D:\Gav\TI\coolyeah\Semester4\PPL\PR\10\github\ecommerce\public\index.php(79): CodeIgniter\CodeIgniter->run()
#11 D:\Gav\TI\coolyeah\Semester4\PPL\PR\10\github\ecommerce\system\Commands\Server\rewrite.php(47): require_once('D:\\Gav\\TI\\cooly...')
#12 {main}
CRITICAL - 2024-05-17 08:53:02 --> CodeIgniter\Database\Exceptions\DatabaseException: Table 'brg.penjualan_detail' doesn't exist
in SYSTEMPATH\Database\BaseConnection.php on line 647.
 1 SYSTEMPATH\Database\BaseBuilder.php(1616): CodeIgniter\Database\BaseConnection->query('SELECT *
FROM `penjualan_detail`
WHERE `penjualan_detail`.`id` = :penjualan_detail.id:', [...], false)
 2 SYSTEMPATH\Model.php(199): CodeIgniter\Database\BaseBuilder->get()
 3 SYSTEMPATH\BaseModel.php(577): CodeIgniter\Model->doFind(true, '2')
 4 APPPATH\Controllers\c_cart.php(56): CodeIgniter\BaseModel->find('2')
 5 SYSTEMPATH\CodeIgniter.php(941): App\Controllers\c_cart->add('2')
 6 SYSTEMPATH\CodeIgniter.php(502): CodeIgniter\CodeIgniter->runController(Object(App\Controllers\c_cart))
 7 SYSTEMPATH\CodeIgniter.php(361): CodeIgniter\CodeIgniter->handleRequest(null, Object(Config\Cache), false)
 8 FCPATH\index.php(79): CodeIgniter\CodeIgniter->run()
 9 SYSTEMPATH\Commands\Server\rewrite.php(47): require_once('D:\\Gav\\TI\\coolyeah\\Semester4\\PPL\\PR\\10\\github\\ecommerce\\public\\index.php')
CRITICAL - 2024-05-17 08:53:02 --> [Caused by] CodeIgniter\Database\Exceptions\DatabaseException: Table 'brg.penjualan_detail' doesn't exist
in SYSTEMPATH\Database\MySQLi\Connection.php on line 311.
 1 SYSTEMPATH\Database\BaseConnection.php(693): CodeIgniter\Database\MySQLi\Connection->execute('SELECT *
FROM `penjualan_detail`
WHERE `penjualan_detail`.`id` = \'2\'')
 2 SYSTEMPATH\Database\BaseConnection.php(607): CodeIgniter\Database\BaseConnection->simpleQuery('SELECT *
FROM `penjualan_detail`
WHERE `penjualan_detail`.`id` = \'2\'')
 3 SYSTEMPATH\Database\BaseBuilder.php(1616): CodeIgniter\Database\BaseConnection->query('SELECT *
FROM `penjualan_detail`
WHERE `penjualan_detail`.`id` = :penjualan_detail.id:', [...], false)
 4 SYSTEMPATH\Model.php(199): CodeIgniter\Database\BaseBuilder->get()
 5 SYSTEMPATH\BaseModel.php(577): CodeIgniter\Model->doFind(true, '2')
 6 APPPATH\Controllers\c_cart.php(56): CodeIgniter\BaseModel->find('2')
 7 SYSTEMPATH\CodeIgniter.php(941): App\Controllers\c_cart->add('2')
 8 SYSTEMPATH\CodeIgniter.php(502): CodeIgniter\CodeIgniter->runController(Object(App\Controllers\c_cart))
 9 SYSTEMPATH\CodeIgniter.php(361): CodeIgniter\CodeIgniter->handleRequest(null, Object(Config\Cache), false)
10 FCPATH\index.php(79): CodeIgniter\CodeIgniter->run()
11 SYSTEMPATH\Commands\Server\rewrite.php(47): require_once('D:\\Gav\\TI\\coolyeah\\Semester4\\PPL\\PR\\10\\github\\ecommerce\\public\\index.php')
CRITICAL - 2024-05-17 08:53:02 --> [Caused by] mysqli_sql_exception: Table 'brg.penjualan_detail' doesn't exist
in SYSTEMPATH\Database\MySQLi\Connection.php on line 306.
 1 SYSTEMPATH\Database\MySQLi\Connection.php(306): mysqli->query('SELECT *
FROM `penjualan_detail`
WHERE `penjualan_detail`.`id` = \'2\'', 0)
 2 SYSTEMPATH\Database\BaseConnection.php(693): CodeIgniter\Database\MySQLi\Connection->execute('SELECT *
FROM `penjualan_detail`
WHERE `penjualan_detail`.`id` = \'2\'')
 3 SYSTEMPATH\Database\BaseConnection.php(607): CodeIgniter\Database\BaseConnection->simpleQuery('SELECT *
FROM `penjualan_detail`
WHERE `penjualan_detail`.`id` = \'2\'')
 4 SYSTEMPATH\Database\BaseBuilder.php(1616): CodeIgniter\Database\BaseConnection->query('SELECT *
FROM `penjualan_detail`
WHERE `penjualan_detail`.`id` = :penjualan_detail.id:', [...], false)
 5 SYSTEMPATH\Model.php(199): CodeIgniter\Database\BaseBuilder->get()
 6 SYSTEMPATH\BaseModel.php(577): CodeIgniter\Model->doFind(true, '2')
 7 APPPATH\Controllers\c_cart.php(56): CodeIgniter\BaseModel->find('2')
 8 SYSTEMPATH\CodeIgniter.php(941): App\Controllers\c_cart->add('2')
 9 SYSTEMPATH\CodeIgniter.php(502): CodeIgniter\CodeIgniter->runController(Object(App\Controllers\c_cart))
10 SYSTEMPATH\CodeIgniter.php(361): CodeIgniter\CodeIgniter->handleRequest(null, Object(Config\Cache), false)
11 FCPATH\index.php(79): CodeIgniter\CodeIgniter->run()
12 SYSTEMPATH\Commands\Server\rewrite.php(47): require_once('D:\\Gav\\TI\\coolyeah\\Semester4\\PPL\\PR\\10\\github\\ecommerce\\public\\index.php')
INFO - 2024-05-17 08:53:06 --> Session: Class initialized using 'CodeIgniter\Session\Handlers\FileHandler' driver.
INFO - 2024-05-17 08:53:09 --> Session: Class initialized using 'CodeIgniter\Session\Handlers\FileHandler' driver.
ERROR - 2024-05-17 08:53:09 --> mysqli_sql_exception: Table 'brg.penjualan_detail' doesn't exist in D:\Gav\TI\coolyeah\Semester4\PPL\PR\10\github\ecommerce\system\Database\MySQLi\Connection.php:306
Stack trace:
#0 D:\Gav\TI\coolyeah\Semester4\PPL\PR\10\github\ecommerce\system\Database\MySQLi\Connection.php(306): mysqli->query('SELECT *\nFROM `...', 0)
#1 D:\Gav\TI\coolyeah\Semester4\PPL\PR\10\github\ecommerce\system\Database\BaseConnection.php(693): CodeIgniter\Database\MySQLi\Connection->execute('SELECT *\nFROM `...')
#2 D:\Gav\TI\coolyeah\Semester4\PPL\PR\10\github\ecommerce\system\Database\BaseConnection.php(607): CodeIgniter\Database\BaseConnection->simpleQuery('SELECT *\nFROM `...')
#3 D:\Gav\TI\coolyeah\Semester4\PPL\PR\10\github\ecommerce\system\Database\BaseBuilder.php(1616): CodeIgniter\Database\BaseConnection->query('SELECT *\nFROM `...', Array, false)
#4 D:\Gav\TI\coolyeah\Semester4\PPL\PR\10\github\ecommerce\system\Model.php(199): CodeIgniter\Database\BaseBuilder->get()
#5 D:\Gav\TI\coolyeah\Semester4\PPL\PR\10\github\ecommerce\system\BaseModel.php(577): CodeIgniter\Model->doFind(true, '2')
#6 D:\Gav\TI\coolyeah\Semester4\PPL\PR\10\github\ecommerce\app\Controllers\c_cart.php(56): CodeIgniter\BaseModel->find('2')
#7 D:\Gav\TI\coolyeah\Semester4\PPL\PR\10\github\ecommerce\system\CodeIgniter.php(941): App\Controllers\c_cart->add('2')
#8 D:\Gav\TI\coolyeah\Semester4\PPL\PR\10\github\ecommerce\system\CodeIgniter.php(502): CodeIgniter\CodeIgniter->runController(Object(App\Controllers\c_cart))
#9 D:\Gav\TI\coolyeah\Semester4\PPL\PR\10\github\ecommerce\system\CodeIgniter.php(361): CodeIgniter\CodeIgniter->handleRequest(NULL, Object(Config\Cache), false)
#10 D:\Gav\TI\coolyeah\Semester4\PPL\PR\10\github\ecommerce\public\index.php(79): CodeIgniter\CodeIgniter->run()
#11 D:\Gav\TI\coolyeah\Semester4\PPL\PR\10\github\ecommerce\system\Commands\Server\rewrite.php(47): require_once('D:\\Gav\\TI\\cooly...')
#12 {main}
CRITICAL - 2024-05-17 08:53:09 --> CodeIgniter\Database\Exceptions\DatabaseException: Table 'brg.penjualan_detail' doesn't exist
in SYSTEMPATH\Database\BaseConnection.php on line 647.
 1 SYSTEMPATH\Database\BaseBuilder.php(1616): CodeIgniter\Database\BaseConnection->query('SELECT *
FROM `penjualan_detail`
WHERE `penjualan_detail`.`id` = :penjualan_detail.id:', [...], false)
 2 SYSTEMPATH\Model.php(199): CodeIgniter\Database\BaseBuilder->get()
 3 SYSTEMPATH\BaseModel.php(577): CodeIgniter\Model->doFind(true, '2')
 4 APPPATH\Controllers\c_cart.php(56): CodeIgniter\BaseModel->find('2')
 5 SYSTEMPATH\CodeIgniter.php(941): App\Controllers\c_cart->add('2')
 6 SYSTEMPATH\CodeIgniter.php(502): CodeIgniter\CodeIgniter->runController(Object(App\Controllers\c_cart))
 7 SYSTEMPATH\CodeIgniter.php(361): CodeIgniter\CodeIgniter->handleRequest(null, Object(Config\Cache), false)
 8 FCPATH\index.php(79): CodeIgniter\CodeIgniter->run()
 9 SYSTEMPATH\Commands\Server\rewrite.php(47): require_once('D:\\Gav\\TI\\coolyeah\\Semester4\\PPL\\PR\\10\\github\\ecommerce\\public\\index.php')
CRITICAL - 2024-05-17 08:53:09 --> [Caused by] CodeIgniter\Database\Exceptions\DatabaseException: Table 'brg.penjualan_detail' doesn't exist
in SYSTEMPATH\Database\MySQLi\Connection.php on line 311.
 1 SYSTEMPATH\Database\BaseConnection.php(693): CodeIgniter\Database\MySQLi\Connection->execute('SELECT *
FROM `penjualan_detail`
WHERE `penjualan_detail`.`id` = \'2\'')
 2 SYSTEMPATH\Database\BaseConnection.php(607): CodeIgniter\Database\BaseConnection->simpleQuery('SELECT *
FROM `penjualan_detail`
WHERE `penjualan_detail`.`id` = \'2\'')
 3 SYSTEMPATH\Database\BaseBuilder.php(1616): CodeIgniter\Database\BaseConnection->query('SELECT *
FROM `penjualan_detail`
WHERE `penjualan_detail`.`id` = :penjualan_detail.id:', [...], false)
 4 SYSTEMPATH\Model.php(199): CodeIgniter\Database\BaseBuilder->get()
 5 SYSTEMPATH\BaseModel.php(577): CodeIgniter\Model->doFind(true, '2')
 6 APPPATH\Controllers\c_cart.php(56): CodeIgniter\BaseModel->find('2')
 7 SYSTEMPATH\CodeIgniter.php(941): App\Controllers\c_cart->add('2')
 8 SYSTEMPATH\CodeIgniter.php(502): CodeIgniter\CodeIgniter->runController(Object(App\Controllers\c_cart))
 9 SYSTEMPATH\CodeIgniter.php(361): CodeIgniter\CodeIgniter->handleRequest(null, Object(Config\Cache), false)
10 FCPATH\index.php(79): CodeIgniter\CodeIgniter->run()
11 SYSTEMPATH\Commands\Server\rewrite.php(47): require_once('D:\\Gav\\TI\\coolyeah\\Semester4\\PPL\\PR\\10\\github\\ecommerce\\public\\index.php')
CRITICAL - 2024-05-17 08:53:09 --> [Caused by] mysqli_sql_exception: Table 'brg.penjualan_detail' doesn't exist
in SYSTEMPATH\Database\MySQLi\Connection.php on line 306.
 1 SYSTEMPATH\Database\MySQLi\Connection.php(306): mysqli->query('SELECT *
FROM `penjualan_detail`
WHERE `penjualan_detail`.`id` = \'2\'', 0)
 2 SYSTEMPATH\Database\BaseConnection.php(693): CodeIgniter\Database\MySQLi\Connection->execute('SELECT *
FROM `penjualan_detail`
WHERE `penjualan_detail`.`id` = \'2\'')
 3 SYSTEMPATH\Database\BaseConnection.php(607): CodeIgniter\Database\BaseConnection->simpleQuery('SELECT *
FROM `penjualan_detail`
WHERE `penjualan_detail`.`id` = \'2\'')
 4 SYSTEMPATH\Database\BaseBuilder.php(1616): CodeIgniter\Database\BaseConnection->query('SELECT *
FROM `penjualan_detail`
WHERE `penjualan_detail`.`id` = :penjualan_detail.id:', [...], false)
 5 SYSTEMPATH\Model.php(199): CodeIgniter\Database\BaseBuilder->get()
 6 SYSTEMPATH\BaseModel.php(577): CodeIgniter\Model->doFind(true, '2')
 7 APPPATH\Controllers\c_cart.php(56): CodeIgniter\BaseModel->find('2')
 8 SYSTEMPATH\CodeIgniter.php(941): App\Controllers\c_cart->add('2')
 9 SYSTEMPATH\CodeIgniter.php(502): CodeIgniter\CodeIgniter->runController(Object(App\Controllers\c_cart))
10 SYSTEMPATH\CodeIgniter.php(361): CodeIgniter\CodeIgniter->handleRequest(null, Object(Config\Cache), false)
11 FCPATH\index.php(79): CodeIgniter\CodeIgniter->run()
12 SYSTEMPATH\Commands\Server\rewrite.php(47): require_once('D:\\Gav\\TI\\coolyeah\\Semester4\\PPL\\PR\\10\\github\\ecommerce\\public\\index.php')
INFO - 2024-05-17 08:53:12 --> Session: Class initialized using 'CodeIgniter\Session\Handlers\FileHandler' driver.
INFO - 2024-05-17 08:53:20 --> Session: Class initialized using 'CodeIgniter\Session\Handlers\FileHandler' driver.
INFO - 2024-05-17 08:53:23 --> Session: Class initialized using 'CodeIgniter\Session\Handlers\FileHandler' driver.
ERROR - 2024-05-17 08:53:23 --> mysqli_sql_exception: Table 'brg.penjualan_detail' doesn't exist in D:\Gav\TI\coolyeah\Semester4\PPL\PR\10\github\ecommerce\system\Database\MySQLi\Connection.php:306
Stack trace:
#0 D:\Gav\TI\coolyeah\Semester4\PPL\PR\10\github\ecommerce\system\Database\MySQLi\Connection.php(306): mysqli->query('SELECT *\nFROM `...', 0)
#1 D:\Gav\TI\coolyeah\Semester4\PPL\PR\10\github\ecommerce\system\Database\BaseConnection.php(693): CodeIgniter\Database\MySQLi\Connection->execute('SELECT *\nFROM `...')
#2 D:\Gav\TI\coolyeah\Semester4\PPL\PR\10\github\ecommerce\system\Database\BaseConnection.php(607): CodeIgniter\Database\BaseConnection->simpleQuery('SELECT *\nFROM `...')
#3 D:\Gav\TI\coolyeah\Semester4\PPL\PR\10\github\ecommerce\system\Database\BaseBuilder.php(1616): CodeIgniter\Database\BaseConnection->query('SELECT *\nFROM `...', Array, false)
#4 D:\Gav\TI\coolyeah\Semester4\PPL\PR\10\github\ecommerce\system\Model.php(199): CodeIgniter\Database\BaseBuilder->get()
#5 D:\Gav\TI\coolyeah\Semester4\PPL\PR\10\github\ecommerce\system\BaseModel.php(577): CodeIgniter\Model->doFind(true, '1')
#6 D:\Gav\TI\coolyeah\Semester4\PPL\PR\10\github\ecommerce\app\Controllers\c_cart.php(56): CodeIgniter\BaseModel->find('1')
#7 D:\Gav\TI\coolyeah\Semester4\PPL\PR\10\github\ecommerce\system\CodeIgniter.php(941): App\Controllers\c_cart->add('1')
#8 D:\Gav\TI\coolyeah\Semester4\PPL\PR\10\github\ecommerce\system\CodeIgniter.php(502): CodeIgniter\CodeIgniter->runController(Object(App\Controllers\c_cart))
#9 D:\Gav\TI\coolyeah\Semester4\PPL\PR\10\github\ecommerce\system\CodeIgniter.php(361): CodeIgniter\CodeIgniter->handleRequest(NULL, Object(Config\Cache), false)
#10 D:\Gav\TI\coolyeah\Semester4\PPL\PR\10\github\ecommerce\public\index.php(79): CodeIgniter\CodeIgniter->run()
#11 D:\Gav\TI\coolyeah\Semester4\PPL\PR\10\github\ecommerce\system\Commands\Server\rewrite.php(47): require_once('D:\\Gav\\TI\\cooly...')
#12 {main}
CRITICAL - 2024-05-17 08:53:23 --> CodeIgniter\Database\Exceptions\DatabaseException: Table 'brg.penjualan_detail' doesn't exist
in SYSTEMPATH\Database\BaseConnection.php on line 647.
 1 SYSTEMPATH\Database\BaseBuilder.php(1616): CodeIgniter\Database\BaseConnection->query('SELECT *
FROM `penjualan_detail`
WHERE `penjualan_detail`.`id` = :penjualan_detail.id:', [...], false)
 2 SYSTEMPATH\Model.php(199): CodeIgniter\Database\BaseBuilder->get()
 3 SYSTEMPATH\BaseModel.php(577): CodeIgniter\Model->doFind(true, '1')
 4 APPPATH\Controllers\c_cart.php(56): CodeIgniter\BaseModel->find('1')
 5 SYSTEMPATH\CodeIgniter.php(941): App\Controllers\c_cart->add('1')
 6 SYSTEMPATH\CodeIgniter.php(502): CodeIgniter\CodeIgniter->runController(Object(App\Controllers\c_cart))
 7 SYSTEMPATH\CodeIgniter.php(361): CodeIgniter\CodeIgniter->handleRequest(null, Object(Config\Cache), false)
 8 FCPATH\index.php(79): CodeIgniter\CodeIgniter->run()
 9 SYSTEMPATH\Commands\Server\rewrite.php(47): require_once('D:\\Gav\\TI\\coolyeah\\Semester4\\PPL\\PR\\10\\github\\ecommerce\\public\\index.php')
CRITICAL - 2024-05-17 08:53:23 --> [Caused by] CodeIgniter\Database\Exceptions\DatabaseException: Table 'brg.penjualan_detail' doesn't exist
in SYSTEMPATH\Database\MySQLi\Connection.php on line 311.
 1 SYSTEMPATH\Database\BaseConnection.php(693): CodeIgniter\Database\MySQLi\Connection->execute('SELECT *
FROM `penjualan_detail`
WHERE `penjualan_detail`.`id` = \'1\'')
 2 SYSTEMPATH\Database\BaseConnection.php(607): CodeIgniter\Database\BaseConnection->simpleQuery('SELECT *
FROM `penjualan_detail`
WHERE `penjualan_detail`.`id` = \'1\'')
 3 SYSTEMPATH\Database\BaseBuilder.php(1616): CodeIgniter\Database\BaseConnection->query('SELECT *
FROM `penjualan_detail`
WHERE `penjualan_detail`.`id` = :penjualan_detail.id:', [...], false)
 4 SYSTEMPATH\Model.php(199): CodeIgniter\Database\BaseBuilder->get()
 5 SYSTEMPATH\BaseModel.php(577): CodeIgniter\Model->doFind(true, '1')
 6 APPPATH\Controllers\c_cart.php(56): CodeIgniter\BaseModel->find('1')
 7 SYSTEMPATH\CodeIgniter.php(941): App\Controllers\c_cart->add('1')
 8 SYSTEMPATH\CodeIgniter.php(502): CodeIgniter\CodeIgniter->runController(Object(App\Controllers\c_cart))
 9 SYSTEMPATH\CodeIgniter.php(361): CodeIgniter\CodeIgniter->handleRequest(null, Object(Config\Cache), false)
10 FCPATH\index.php(79): CodeIgniter\CodeIgniter->run()
11 SYSTEMPATH\Commands\Server\rewrite.php(47): require_once('D:\\Gav\\TI\\coolyeah\\Semester4\\PPL\\PR\\10\\github\\ecommerce\\public\\index.php')
CRITICAL - 2024-05-17 08:53:23 --> [Caused by] mysqli_sql_exception: Table 'brg.penjualan_detail' doesn't exist
in SYSTEMPATH\Database\MySQLi\Connection.php on line 306.
 1 SYSTEMPATH\Database\MySQLi\Connection.php(306): mysqli->query('SELECT *
FROM `penjualan_detail`
WHERE `penjualan_detail`.`id` = \'1\'', 0)
 2 SYSTEMPATH\Database\BaseConnection.php(693): CodeIgniter\Database\MySQLi\Connection->execute('SELECT *
FROM `penjualan_detail`
WHERE `penjualan_detail`.`id` = \'1\'')
 3 SYSTEMPATH\Database\BaseConnection.php(607): CodeIgniter\Database\BaseConnection->simpleQuery('SELECT *
FROM `penjualan_detail`
WHERE `penjualan_detail`.`id` = \'1\'')
 4 SYSTEMPATH\Database\BaseBuilder.php(1616): CodeIgniter\Database\BaseConnection->query('SELECT *
FROM `penjualan_detail`
WHERE `penjualan_detail`.`id` = :penjualan_detail.id:', [...], false)
 5 SYSTEMPATH\Model.php(199): CodeIgniter\Database\BaseBuilder->get()
 6 SYSTEMPATH\BaseModel.php(577): CodeIgniter\Model->doFind(true, '1')
 7 APPPATH\Controllers\c_cart.php(56): CodeIgniter\BaseModel->find('1')
 8 SYSTEMPATH\CodeIgniter.php(941): App\Controllers\c_cart->add('1')
 9 SYSTEMPATH\CodeIgniter.php(502): CodeIgniter\CodeIgniter->runController(Object(App\Controllers\c_cart))
10 SYSTEMPATH\CodeIgniter.php(361): CodeIgniter\CodeIgniter->handleRequest(null, Object(Config\Cache), false)
11 FCPATH\index.php(79): CodeIgniter\CodeIgniter->run()
12 SYSTEMPATH\Commands\Server\rewrite.php(47): require_once('D:\\Gav\\TI\\coolyeah\\Semester4\\PPL\\PR\\10\\github\\ecommerce\\public\\index.php')
INFO - 2024-05-17 08:53:29 --> Session: Class initialized using 'CodeIgniter\Session\Handlers\FileHandler' driver.
INFO - 2024-05-17 08:53:33 --> Session: Class initialized using 'CodeIgniter\Session\Handlers\FileHandler' driver.
INFO - 2024-05-17 08:53:36 --> Session: Class initialized using 'CodeIgniter\Session\Handlers\FileHandler' driver.
ERROR - 2024-05-17 08:53:36 --> mysqli_sql_exception: Table 'brg.penjualan_detail' doesn't exist in D:\Gav\TI\coolyeah\Semester4\PPL\PR\10\github\ecommerce\system\Database\MySQLi\Connection.php:306
Stack trace:
#0 D:\Gav\TI\coolyeah\Semester4\PPL\PR\10\github\ecommerce\system\Database\MySQLi\Connection.php(306): mysqli->query('SELECT *\nFROM `...', 0)
#1 D:\Gav\TI\coolyeah\Semester4\PPL\PR\10\github\ecommerce\system\Database\BaseConnection.php(693): CodeIgniter\Database\MySQLi\Connection->execute('SELECT *\nFROM `...')
#2 D:\Gav\TI\coolyeah\Semester4\PPL\PR\10\github\ecommerce\system\Database\BaseConnection.php(607): CodeIgniter\Database\BaseConnection->simpleQuery('SELECT *\nFROM `...')
#3 D:\Gav\TI\coolyeah\Semester4\PPL\PR\10\github\ecommerce\system\Database\BaseBuilder.php(1616): CodeIgniter\Database\BaseConnection->query('SELECT *\nFROM `...', Array, false)
#4 D:\Gav\TI\coolyeah\Semester4\PPL\PR\10\github\ecommerce\system\Model.php(199): CodeIgniter\Database\BaseBuilder->get()
#5 D:\Gav\TI\coolyeah\Semester4\PPL\PR\10\github\ecommerce\system\BaseModel.php(577): CodeIgniter\Model->doFind(true, '1')
#6 D:\Gav\TI\coolyeah\Semester4\PPL\PR\10\github\ecommerce\app\Controllers\c_cart.php(56): CodeIgniter\BaseModel->find('1')
#7 D:\Gav\TI\coolyeah\Semester4\PPL\PR\10\github\ecommerce\system\CodeIgniter.php(941): App\Controllers\c_cart->add('1')
#8 D:\Gav\TI\coolyeah\Semester4\PPL\PR\10\github\ecommerce\system\CodeIgniter.php(502): CodeIgniter\CodeIgniter->runController(Object(App\Controllers\c_cart))
#9 D:\Gav\TI\coolyeah\Semester4\PPL\PR\10\github\ecommerce\system\CodeIgniter.php(361): CodeIgniter\CodeIgniter->handleRequest(NULL, Object(Config\Cache), false)
#10 D:\Gav\TI\coolyeah\Semester4\PPL\PR\10\github\ecommerce\public\index.php(79): CodeIgniter\CodeIgniter->run()
#11 D:\Gav\TI\coolyeah\Semester4\PPL\PR\10\github\ecommerce\system\Commands\Server\rewrite.php(47): require_once('D:\\Gav\\TI\\cooly...')
#12 {main}
CRITICAL - 2024-05-17 08:53:36 --> CodeIgniter\Database\Exceptions\DatabaseException: Table 'brg.penjualan_detail' doesn't exist
in SYSTEMPATH\Database\BaseConnection.php on line 647.
 1 SYSTEMPATH\Database\BaseBuilder.php(1616): CodeIgniter\Database\BaseConnection->query('SELECT *
FROM `penjualan_detail`
WHERE `penjualan_detail`.`id` = :penjualan_detail.id:', [...], false)
 2 SYSTEMPATH\Model.php(199): CodeIgniter\Database\BaseBuilder->get()
 3 SYSTEMPATH\BaseModel.php(577): CodeIgniter\Model->doFind(true, '1')
 4 APPPATH\Controllers\c_cart.php(56): CodeIgniter\BaseModel->find('1')
 5 SYSTEMPATH\CodeIgniter.php(941): App\Controllers\c_cart->add('1')
 6 SYSTEMPATH\CodeIgniter.php(502): CodeIgniter\CodeIgniter->runController(Object(App\Controllers\c_cart))
 7 SYSTEMPATH\CodeIgniter.php(361): CodeIgniter\CodeIgniter->handleRequest(null, Object(Config\Cache), false)
 8 FCPATH\index.php(79): CodeIgniter\CodeIgniter->run()
 9 SYSTEMPATH\Commands\Server\rewrite.php(47): require_once('D:\\Gav\\TI\\coolyeah\\Semester4\\PPL\\PR\\10\\github\\ecommerce\\public\\index.php')
CRITICAL - 2024-05-17 08:53:36 --> [Caused by] CodeIgniter\Database\Exceptions\DatabaseException: Table 'brg.penjualan_detail' doesn't exist
in SYSTEMPATH\Database\MySQLi\Connection.php on line 311.
 1 SYSTEMPATH\Database\BaseConnection.php(693): CodeIgniter\Database\MySQLi\Connection->execute('SELECT *
FROM `penjualan_detail`
WHERE `penjualan_detail`.`id` = \'1\'')
 2 SYSTEMPATH\Database\BaseConnection.php(607): CodeIgniter\Database\BaseConnection->simpleQuery('SELECT *
FROM `penjualan_detail`
WHERE `penjualan_detail`.`id` = \'1\'')
 3 SYSTEMPATH\Database\BaseBuilder.php(1616): CodeIgniter\Database\BaseConnection->query('SELECT *
FROM `penjualan_detail`
WHERE `penjualan_detail`.`id` = :penjualan_detail.id:', [...], false)
 4 SYSTEMPATH\Model.php(199): CodeIgniter\Database\BaseBuilder->get()
 5 SYSTEMPATH\BaseModel.php(577): CodeIgniter\Model->doFind(true, '1')
 6 APPPATH\Controllers\c_cart.php(56): CodeIgniter\BaseModel->find('1')
 7 SYSTEMPATH\CodeIgniter.php(941): App\Controllers\c_cart->add('1')
 8 SYSTEMPATH\CodeIgniter.php(502): CodeIgniter\CodeIgniter->runController(Object(App\Controllers\c_cart))
 9 SYSTEMPATH\CodeIgniter.php(361): CodeIgniter\CodeIgniter->handleRequest(null, Object(Config\Cache), false)
10 FCPATH\index.php(79): CodeIgniter\CodeIgniter->run()
11 SYSTEMPATH\Commands\Server\rewrite.php(47): require_once('D:\\Gav\\TI\\coolyeah\\Semester4\\PPL\\PR\\10\\github\\ecommerce\\public\\index.php')
CRITICAL - 2024-05-17 08:53:36 --> [Caused by] mysqli_sql_exception: Table 'brg.penjualan_detail' doesn't exist
in SYSTEMPATH\Database\MySQLi\Connection.php on line 306.
 1 SYSTEMPATH\Database\MySQLi\Connection.php(306): mysqli->query('SELECT *
FROM `penjualan_detail`
WHERE `penjualan_detail`.`id` = \'1\'', 0)
 2 SYSTEMPATH\Database\BaseConnection.php(693): CodeIgniter\Database\MySQLi\Connection->execute('SELECT *
FROM `penjualan_detail`
WHERE `penjualan_detail`.`id` = \'1\'')
 3 SYSTEMPATH\Database\BaseConnection.php(607): CodeIgniter\Database\BaseConnection->simpleQuery('SELECT *
FROM `penjualan_detail`
WHERE `penjualan_detail`.`id` = \'1\'')
 4 SYSTEMPATH\Database\BaseBuilder.php(1616): CodeIgniter\Database\BaseConnection->query('SELECT *
FROM `penjualan_detail`
WHERE `penjualan_detail`.`id` = :penjualan_detail.id:', [...], false)
 5 SYSTEMPATH\Model.php(199): CodeIgniter\Database\BaseBuilder->get()
 6 SYSTEMPATH\BaseModel.php(577): CodeIgniter\Model->doFind(true, '1')
 7 APPPATH\Controllers\c_cart.php(56): CodeIgniter\BaseModel->find('1')
 8 SYSTEMPATH\CodeIgniter.php(941): App\Controllers\c_cart->add('1')
 9 SYSTEMPATH\CodeIgniter.php(502): CodeIgniter\CodeIgniter->runController(Object(App\Controllers\c_cart))
10 SYSTEMPATH\CodeIgniter.php(361): CodeIgniter\CodeIgniter->handleRequest(null, Object(Config\Cache), false)
11 FCPATH\index.php(79): CodeIgniter\CodeIgniter->run()
12 SYSTEMPATH\Commands\Server\rewrite.php(47): require_once('D:\\Gav\\TI\\coolyeah\\Semester4\\PPL\\PR\\10\\github\\ecommerce\\public\\index.php')
INFO - 2024-05-17 08:55:18 --> Session: Class initialized using 'CodeIgniter\Session\Handlers\FileHandler' driver.
ERROR - 2024-05-17 08:55:18 --> mysqli_sql_exception: Table 'brg.penjualan_detail' doesn't exist in D:\Gav\TI\coolyeah\Semester4\PPL\PR\10\github\ecommerce\system\Database\MySQLi\Connection.php:306
Stack trace:
#0 D:\Gav\TI\coolyeah\Semester4\PPL\PR\10\github\ecommerce\system\Database\MySQLi\Connection.php(306): mysqli->query('SELECT *\nFROM `...', 0)
#1 D:\Gav\TI\coolyeah\Semester4\PPL\PR\10\github\ecommerce\system\Database\BaseConnection.php(693): CodeIgniter\Database\MySQLi\Connection->execute('SELECT *\nFROM `...')
#2 D:\Gav\TI\coolyeah\Semester4\PPL\PR\10\github\ecommerce\system\Database\BaseConnection.php(607): CodeIgniter\Database\BaseConnection->simpleQuery('SELECT *\nFROM `...')
#3 D:\Gav\TI\coolyeah\Semester4\PPL\PR\10\github\ecommerce\system\Database\BaseBuilder.php(1616): CodeIgniter\Database\BaseConnection->query('SELECT *\nFROM `...', Array, false)
#4 D:\Gav\TI\coolyeah\Semester4\PPL\PR\10\github\ecommerce\system\Model.php(199): CodeIgniter\Database\BaseBuilder->get()
#5 D:\Gav\TI\coolyeah\Semester4\PPL\PR\10\github\ecommerce\system\BaseModel.php(577): CodeIgniter\Model->doFind(true, '1')
#6 D:\Gav\TI\coolyeah\Semester4\PPL\PR\10\github\ecommerce\app\Controllers\c_cart.php(56): CodeIgniter\BaseModel->find('1')
#7 D:\Gav\TI\coolyeah\Semester4\PPL\PR\10\github\ecommerce\system\CodeIgniter.php(941): App\Controllers\c_cart->add('1')
#8 D:\Gav\TI\coolyeah\Semester4\PPL\PR\10\github\ecommerce\system\CodeIgniter.php(502): CodeIgniter\CodeIgniter->runController(Object(App\Controllers\c_cart))
#9 D:\Gav\TI\coolyeah\Semester4\PPL\PR\10\github\ecommerce\system\CodeIgniter.php(361): CodeIgniter\CodeIgniter->handleRequest(NULL, Object(Config\Cache), false)
#10 D:\Gav\TI\coolyeah\Semester4\PPL\PR\10\github\ecommerce\public\index.php(79): CodeIgniter\CodeIgniter->run()
#11 D:\Gav\TI\coolyeah\Semester4\PPL\PR\10\github\ecommerce\system\Commands\Server\rewrite.php(47): require_once('D:\\Gav\\TI\\cooly...')
#12 {main}
CRITICAL - 2024-05-17 08:55:18 --> CodeIgniter\Database\Exceptions\DatabaseException: Table 'brg.penjualan_detail' doesn't exist
in SYSTEMPATH\Database\BaseConnection.php on line 647.
 1 SYSTEMPATH\Database\BaseBuilder.php(1616): CodeIgniter\Database\BaseConnection->query('SELECT *
FROM `penjualan_detail`
WHERE `penjualan_detail`.`id` = :penjualan_detail.id:', [...], false)
 2 SYSTEMPATH\Model.php(199): CodeIgniter\Database\BaseBuilder->get()
 3 SYSTEMPATH\BaseModel.php(577): CodeIgniter\Model->doFind(true, '1')
 4 APPPATH\Controllers\c_cart.php(56): CodeIgniter\BaseModel->find('1')
 5 SYSTEMPATH\CodeIgniter.php(941): App\Controllers\c_cart->add('1')
 6 SYSTEMPATH\CodeIgniter.php(502): CodeIgniter\CodeIgniter->runController(Object(App\Controllers\c_cart))
 7 SYSTEMPATH\CodeIgniter.php(361): CodeIgniter\CodeIgniter->handleRequest(null, Object(Config\Cache), false)
 8 FCPATH\index.php(79): CodeIgniter\CodeIgniter->run()
 9 SYSTEMPATH\Commands\Server\rewrite.php(47): require_once('D:\\Gav\\TI\\coolyeah\\Semester4\\PPL\\PR\\10\\github\\ecommerce\\public\\index.php')
CRITICAL - 2024-05-17 08:55:18 --> [Caused by] CodeIgniter\Database\Exceptions\DatabaseException: Table 'brg.penjualan_detail' doesn't exist
in SYSTEMPATH\Database\MySQLi\Connection.php on line 311.
 1 SYSTEMPATH\Database\BaseConnection.php(693): CodeIgniter\Database\MySQLi\Connection->execute('SELECT *
FROM `penjualan_detail`
WHERE `penjualan_detail`.`id` = \'1\'')
 2 SYSTEMPATH\Database\BaseConnection.php(607): CodeIgniter\Database\BaseConnection->simpleQuery('SELECT *
FROM `penjualan_detail`
WHERE `penjualan_detail`.`id` = \'1\'')
 3 SYSTEMPATH\Database\BaseBuilder.php(1616): CodeIgniter\Database\BaseConnection->query('SELECT *
FROM `penjualan_detail`
WHERE `penjualan_detail`.`id` = :penjualan_detail.id:', [...], false)
 4 SYSTEMPATH\Model.php(199): CodeIgniter\Database\BaseBuilder->get()
 5 SYSTEMPATH\BaseModel.php(577): CodeIgniter\Model->doFind(true, '1')
 6 APPPATH\Controllers\c_cart.php(56): CodeIgniter\BaseModel->find('1')
 7 SYSTEMPATH\CodeIgniter.php(941): App\Controllers\c_cart->add('1')
 8 SYSTEMPATH\CodeIgniter.php(502): CodeIgniter\CodeIgniter->runController(Object(App\Controllers\c_cart))
 9 SYSTEMPATH\CodeIgniter.php(361): CodeIgniter\CodeIgniter->handleRequest(null, Object(Config\Cache), false)
10 FCPATH\index.php(79): CodeIgniter\CodeIgniter->run()
11 SYSTEMPATH\Commands\Server\rewrite.php(47): require_once('D:\\Gav\\TI\\coolyeah\\Semester4\\PPL\\PR\\10\\github\\ecommerce\\public\\index.php')
CRITICAL - 2024-05-17 08:55:18 --> [Caused by] mysqli_sql_exception: Table 'brg.penjualan_detail' doesn't exist
in SYSTEMPATH\Database\MySQLi\Connection.php on line 306.
 1 SYSTEMPATH\Database\MySQLi\Connection.php(306): mysqli->query('SELECT *
FROM `penjualan_detail`
WHERE `penjualan_detail`.`id` = \'1\'', 0)
 2 SYSTEMPATH\Database\BaseConnection.php(693): CodeIgniter\Database\MySQLi\Connection->execute('SELECT *
FROM `penjualan_detail`
WHERE `penjualan_detail`.`id` = \'1\'')
 3 SYSTEMPATH\Database\BaseConnection.php(607): CodeIgniter\Database\BaseConnection->simpleQuery('SELECT *
FROM `penjualan_detail`
WHERE `penjualan_detail`.`id` = \'1\'')
 4 SYSTEMPATH\Database\BaseBuilder.php(1616): CodeIgniter\Database\BaseConnection->query('SELECT *
FROM `penjualan_detail`
WHERE `penjualan_detail`.`id` = :penjualan_detail.id:', [...], false)
 5 SYSTEMPATH\Model.php(199): CodeIgniter\Database\BaseBuilder->get()
 6 SYSTEMPATH\BaseModel.php(577): CodeIgniter\Model->doFind(true, '1')
 7 APPPATH\Controllers\c_cart.php(56): CodeIgniter\BaseModel->find('1')
 8 SYSTEMPATH\CodeIgniter.php(941): App\Controllers\c_cart->add('1')
 9 SYSTEMPATH\CodeIgniter.php(502): CodeIgniter\CodeIgniter->runController(Object(App\Controllers\c_cart))
10 SYSTEMPATH\CodeIgniter.php(361): CodeIgniter\CodeIgniter->handleRequest(null, Object(Config\Cache), false)
11 FCPATH\index.php(79): CodeIgniter\CodeIgniter->run()
12 SYSTEMPATH\Commands\Server\rewrite.php(47): require_once('D:\\Gav\\TI\\coolyeah\\Semester4\\PPL\\PR\\10\\github\\ecommerce\\public\\index.php')
INFO - 2024-05-17 08:55:22 --> Session: Class initialized using 'CodeIgniter\Session\Handlers\FileHandler' driver.
INFO - 2024-05-17 08:55:34 --> Session: Class initialized using 'CodeIgniter\Session\Handlers\FileHandler' driver.
ERROR - 2024-05-17 08:55:34 --> mysqli_sql_exception: Table 'brg.penjualan_detail' doesn't exist in D:\Gav\TI\coolyeah\Semester4\PPL\PR\10\github\ecommerce\system\Database\MySQLi\Connection.php:306
Stack trace:
#0 D:\Gav\TI\coolyeah\Semester4\PPL\PR\10\github\ecommerce\system\Database\MySQLi\Connection.php(306): mysqli->query('SELECT *\nFROM `...', 0)
#1 D:\Gav\TI\coolyeah\Semester4\PPL\PR\10\github\ecommerce\system\Database\BaseConnection.php(693): CodeIgniter\Database\MySQLi\Connection->execute('SELECT *\nFROM `...')
#2 D:\Gav\TI\coolyeah\Semester4\PPL\PR\10\github\ecommerce\system\Database\BaseConnection.php(607): CodeIgniter\Database\BaseConnection->simpleQuery('SELECT *\nFROM `...')
#3 D:\Gav\TI\coolyeah\Semester4\PPL\PR\10\github\ecommerce\system\Database\BaseBuilder.php(1616): CodeIgniter\Database\BaseConnection->query('SELECT *\nFROM `...', Array, false)
#4 D:\Gav\TI\coolyeah\Semester4\PPL\PR\10\github\ecommerce\system\Model.php(199): CodeIgniter\Database\BaseBuilder->get()
#5 D:\Gav\TI\coolyeah\Semester4\PPL\PR\10\github\ecommerce\system\BaseModel.php(577): CodeIgniter\Model->doFind(true, '2')
#6 D:\Gav\TI\coolyeah\Semester4\PPL\PR\10\github\ecommerce\app\Controllers\c_cart.php(56): CodeIgniter\BaseModel->find('2')
#7 D:\Gav\TI\coolyeah\Semester4\PPL\PR\10\github\ecommerce\system\CodeIgniter.php(941): App\Controllers\c_cart->add('2')
#8 D:\Gav\TI\coolyeah\Semester4\PPL\PR\10\github\ecommerce\system\CodeIgniter.php(502): CodeIgniter\CodeIgniter->runController(Object(App\Controllers\c_cart))
#9 D:\Gav\TI\coolyeah\Semester4\PPL\PR\10\github\ecommerce\system\CodeIgniter.php(361): CodeIgniter\CodeIgniter->handleRequest(NULL, Object(Config\Cache), false)
#10 D:\Gav\TI\coolyeah\Semester4\PPL\PR\10\github\ecommerce\public\index.php(79): CodeIgniter\CodeIgniter->run()
#11 D:\Gav\TI\coolyeah\Semester4\PPL\PR\10\github\ecommerce\system\Commands\Server\rewrite.php(47): require_once('D:\\Gav\\TI\\cooly...')
#12 {main}
CRITICAL - 2024-05-17 08:55:34 --> CodeIgniter\Database\Exceptions\DatabaseException: Table 'brg.penjualan_detail' doesn't exist
in SYSTEMPATH\Database\BaseConnection.php on line 647.
 1 SYSTEMPATH\Database\BaseBuilder.php(1616): CodeIgniter\Database\BaseConnection->query('SELECT *
FROM `penjualan_detail`
WHERE `penjualan_detail`.`id` = :penjualan_detail.id:', [...], false)
 2 SYSTEMPATH\Model.php(199): CodeIgniter\Database\BaseBuilder->get()
 3 SYSTEMPATH\BaseModel.php(577): CodeIgniter\Model->doFind(true, '2')
 4 APPPATH\Controllers\c_cart.php(56): CodeIgniter\BaseModel->find('2')
 5 SYSTEMPATH\CodeIgniter.php(941): App\Controllers\c_cart->add('2')
 6 SYSTEMPATH\CodeIgniter.php(502): CodeIgniter\CodeIgniter->runController(Object(App\Controllers\c_cart))
 7 SYSTEMPATH\CodeIgniter.php(361): CodeIgniter\CodeIgniter->handleRequest(null, Object(Config\Cache), false)
 8 FCPATH\index.php(79): CodeIgniter\CodeIgniter->run()
 9 SYSTEMPATH\Commands\Server\rewrite.php(47): require_once('D:\\Gav\\TI\\coolyeah\\Semester4\\PPL\\PR\\10\\github\\ecommerce\\public\\index.php')
CRITICAL - 2024-05-17 08:55:34 --> [Caused by] CodeIgniter\Database\Exceptions\DatabaseException: Table 'brg.penjualan_detail' doesn't exist
in SYSTEMPATH\Database\MySQLi\Connection.php on line 311.
 1 SYSTEMPATH\Database\BaseConnection.php(693): CodeIgniter\Database\MySQLi\Connection->execute('SELECT *
FROM `penjualan_detail`
WHERE `penjualan_detail`.`id` = \'2\'')
 2 SYSTEMPATH\Database\BaseConnection.php(607): CodeIgniter\Database\BaseConnection->simpleQuery('SELECT *
FROM `penjualan_detail`
WHERE `penjualan_detail`.`id` = \'2\'')
 3 SYSTEMPATH\Database\BaseBuilder.php(1616): CodeIgniter\Database\BaseConnection->query('SELECT *
FROM `penjualan_detail`
WHERE `penjualan_detail`.`id` = :penjualan_detail.id:', [...], false)
 4 SYSTEMPATH\Model.php(199): CodeIgniter\Database\BaseBuilder->get()
 5 SYSTEMPATH\BaseModel.php(577): CodeIgniter\Model->doFind(true, '2')
 6 APPPATH\Controllers\c_cart.php(56): CodeIgniter\BaseModel->find('2')
 7 SYSTEMPATH\CodeIgniter.php(941): App\Controllers\c_cart->add('2')
 8 SYSTEMPATH\CodeIgniter.php(502): CodeIgniter\CodeIgniter->runController(Object(App\Controllers\c_cart))
 9 SYSTEMPATH\CodeIgniter.php(361): CodeIgniter\CodeIgniter->handleRequest(null, Object(Config\Cache), false)
10 FCPATH\index.php(79): CodeIgniter\CodeIgniter->run()
11 SYSTEMPATH\Commands\Server\rewrite.php(47): require_once('D:\\Gav\\TI\\coolyeah\\Semester4\\PPL\\PR\\10\\github\\ecommerce\\public\\index.php')
CRITICAL - 2024-05-17 08:55:34 --> [Caused by] mysqli_sql_exception: Table 'brg.penjualan_detail' doesn't exist
in SYSTEMPATH\Database\MySQLi\Connection.php on line 306.
 1 SYSTEMPATH\Database\MySQLi\Connection.php(306): mysqli->query('SELECT *
FROM `penjualan_detail`
WHERE `penjualan_detail`.`id` = \'2\'', 0)
 2 SYSTEMPATH\Database\BaseConnection.php(693): CodeIgniter\Database\MySQLi\Connection->execute('SELECT *
FROM `penjualan_detail`
WHERE `penjualan_detail`.`id` = \'2\'')
 3 SYSTEMPATH\Database\BaseConnection.php(607): CodeIgniter\Database\BaseConnection->simpleQuery('SELECT *
FROM `penjualan_detail`
WHERE `penjualan_detail`.`id` = \'2\'')
 4 SYSTEMPATH\Database\BaseBuilder.php(1616): CodeIgniter\Database\BaseConnection->query('SELECT *
FROM `penjualan_detail`
WHERE `penjualan_detail`.`id` = :penjualan_detail.id:', [...], false)
 5 SYSTEMPATH\Model.php(199): CodeIgniter\Database\BaseBuilder->get()
 6 SYSTEMPATH\BaseModel.php(577): CodeIgniter\Model->doFind(true, '2')
 7 APPPATH\Controllers\c_cart.php(56): CodeIgniter\BaseModel->find('2')
 8 SYSTEMPATH\CodeIgniter.php(941): App\Controllers\c_cart->add('2')
 9 SYSTEMPATH\CodeIgniter.php(502): CodeIgniter\CodeIgniter->runController(Object(App\Controllers\c_cart))
10 SYSTEMPATH\CodeIgniter.php(361): CodeIgniter\CodeIgniter->handleRequest(null, Object(Config\Cache), false)
11 FCPATH\index.php(79): CodeIgniter\CodeIgniter->run()
12 SYSTEMPATH\Commands\Server\rewrite.php(47): require_once('D:\\Gav\\TI\\coolyeah\\Semester4\\PPL\\PR\\10\\github\\ecommerce\\public\\index.php')
INFO - 2024-05-17 08:56:07 --> Session: Class initialized using 'CodeIgniter\Session\Handlers\FileHandler' driver.
INFO - 2024-05-17 08:58:31 --> Session: Class initialized using 'CodeIgniter\Session\Handlers\FileHandler' driver.
ERROR - 2024-05-17 08:58:31 --> mysqli_sql_exception: Table 'brg.penjualan_detail' doesn't exist in D:\Gav\TI\coolyeah\Semester4\PPL\PR\10\github\ecommerce\system\Database\MySQLi\Connection.php:306
Stack trace:
#0 D:\Gav\TI\coolyeah\Semester4\PPL\PR\10\github\ecommerce\system\Database\MySQLi\Connection.php(306): mysqli->query('SELECT *\nFROM `...', 0)
#1 D:\Gav\TI\coolyeah\Semester4\PPL\PR\10\github\ecommerce\system\Database\BaseConnection.php(693): CodeIgniter\Database\MySQLi\Connection->execute('SELECT *\nFROM `...')
#2 D:\Gav\TI\coolyeah\Semester4\PPL\PR\10\github\ecommerce\system\Database\BaseConnection.php(607): CodeIgniter\Database\BaseConnection->simpleQuery('SELECT *\nFROM `...')
#3 D:\Gav\TI\coolyeah\Semester4\PPL\PR\10\github\ecommerce\system\Database\BaseBuilder.php(1616): CodeIgniter\Database\BaseConnection->query('SELECT *\nFROM `...', Array, false)
#4 D:\Gav\TI\coolyeah\Semester4\PPL\PR\10\github\ecommerce\system\Model.php(199): CodeIgniter\Database\BaseBuilder->get()
#5 D:\Gav\TI\coolyeah\Semester4\PPL\PR\10\github\ecommerce\system\BaseModel.php(577): CodeIgniter\Model->doFind(true, '2')
#6 D:\Gav\TI\coolyeah\Semester4\PPL\PR\10\github\ecommerce\app\Controllers\c_cart.php(56): CodeIgniter\BaseModel->find('2')
#7 D:\Gav\TI\coolyeah\Semester4\PPL\PR\10\github\ecommerce\system\CodeIgniter.php(941): App\Controllers\c_cart->add('2')
#8 D:\Gav\TI\coolyeah\Semester4\PPL\PR\10\github\ecommerce\system\CodeIgniter.php(502): CodeIgniter\CodeIgniter->runController(Object(App\Controllers\c_cart))
#9 D:\Gav\TI\coolyeah\Semester4\PPL\PR\10\github\ecommerce\system\CodeIgniter.php(361): CodeIgniter\CodeIgniter->handleRequest(NULL, Object(Config\Cache), false)
#10 D:\Gav\TI\coolyeah\Semester4\PPL\PR\10\github\ecommerce\public\index.php(79): CodeIgniter\CodeIgniter->run()
#11 D:\Gav\TI\coolyeah\Semester4\PPL\PR\10\github\ecommerce\system\Commands\Server\rewrite.php(47): require_once('D:\\Gav\\TI\\cooly...')
#12 {main}
CRITICAL - 2024-05-17 08:58:31 --> CodeIgniter\Database\Exceptions\DatabaseException: Table 'brg.penjualan_detail' doesn't exist
in SYSTEMPATH\Database\BaseConnection.php on line 647.
 1 SYSTEMPATH\Database\BaseBuilder.php(1616): CodeIgniter\Database\BaseConnection->query('SELECT *
FROM `penjualan_detail`
WHERE `penjualan_detail`.`id` = :penjualan_detail.id:', [...], false)
 2 SYSTEMPATH\Model.php(199): CodeIgniter\Database\BaseBuilder->get()
 3 SYSTEMPATH\BaseModel.php(577): CodeIgniter\Model->doFind(true, '2')
 4 APPPATH\Controllers\c_cart.php(56): CodeIgniter\BaseModel->find('2')
 5 SYSTEMPATH\CodeIgniter.php(941): App\Controllers\c_cart->add('2')
 6 SYSTEMPATH\CodeIgniter.php(502): CodeIgniter\CodeIgniter->runController(Object(App\Controllers\c_cart))
 7 SYSTEMPATH\CodeIgniter.php(361): CodeIgniter\CodeIgniter->handleRequest(null, Object(Config\Cache), false)
 8 FCPATH\index.php(79): CodeIgniter\CodeIgniter->run()
 9 SYSTEMPATH\Commands\Server\rewrite.php(47): require_once('D:\\Gav\\TI\\coolyeah\\Semester4\\PPL\\PR\\10\\github\\ecommerce\\public\\index.php')
CRITICAL - 2024-05-17 08:58:31 --> [Caused by] CodeIgniter\Database\Exceptions\DatabaseException: Table 'brg.penjualan_detail' doesn't exist
in SYSTEMPATH\Database\MySQLi\Connection.php on line 311.
 1 SYSTEMPATH\Database\BaseConnection.php(693): CodeIgniter\Database\MySQLi\Connection->execute('SELECT *
FROM `penjualan_detail`
WHERE `penjualan_detail`.`id` = \'2\'')
 2 SYSTEMPATH\Database\BaseConnection.php(607): CodeIgniter\Database\BaseConnection->simpleQuery('SELECT *
FROM `penjualan_detail`
WHERE `penjualan_detail`.`id` = \'2\'')
 3 SYSTEMPATH\Database\BaseBuilder.php(1616): CodeIgniter\Database\BaseConnection->query('SELECT *
FROM `penjualan_detail`
WHERE `penjualan_detail`.`id` = :penjualan_detail.id:', [...], false)
 4 SYSTEMPATH\Model.php(199): CodeIgniter\Database\BaseBuilder->get()
 5 SYSTEMPATH\BaseModel.php(577): CodeIgniter\Model->doFind(true, '2')
 6 APPPATH\Controllers\c_cart.php(56): CodeIgniter\BaseModel->find('2')
 7 SYSTEMPATH\CodeIgniter.php(941): App\Controllers\c_cart->add('2')
 8 SYSTEMPATH\CodeIgniter.php(502): CodeIgniter\CodeIgniter->runController(Object(App\Controllers\c_cart))
 9 SYSTEMPATH\CodeIgniter.php(361): CodeIgniter\CodeIgniter->handleRequest(null, Object(Config\Cache), false)
10 FCPATH\index.php(79): CodeIgniter\CodeIgniter->run()
11 SYSTEMPATH\Commands\Server\rewrite.php(47): require_once('D:\\Gav\\TI\\coolyeah\\Semester4\\PPL\\PR\\10\\github\\ecommerce\\public\\index.php')
CRITICAL - 2024-05-17 08:58:31 --> [Caused by] mysqli_sql_exception: Table 'brg.penjualan_detail' doesn't exist
in SYSTEMPATH\Database\MySQLi\Connection.php on line 306.
 1 SYSTEMPATH\Database\MySQLi\Connection.php(306): mysqli->query('SELECT *
FROM `penjualan_detail`
WHERE `penjualan_detail`.`id` = \'2\'', 0)
 2 SYSTEMPATH\Database\BaseConnection.php(693): CodeIgniter\Database\MySQLi\Connection->execute('SELECT *
FROM `penjualan_detail`
WHERE `penjualan_detail`.`id` = \'2\'')
 3 SYSTEMPATH\Database\BaseConnection.php(607): CodeIgniter\Database\BaseConnection->simpleQuery('SELECT *
FROM `penjualan_detail`
WHERE `penjualan_detail`.`id` = \'2\'')
 4 SYSTEMPATH\Database\BaseBuilder.php(1616): CodeIgniter\Database\BaseConnection->query('SELECT *
FROM `penjualan_detail`
WHERE `penjualan_detail`.`id` = :penjualan_detail.id:', [...], false)
 5 SYSTEMPATH\Model.php(199): CodeIgniter\Database\BaseBuilder->get()
 6 SYSTEMPATH\BaseModel.php(577): CodeIgniter\Model->doFind(true, '2')
 7 APPPATH\Controllers\c_cart.php(56): CodeIgniter\BaseModel->find('2')
 8 SYSTEMPATH\CodeIgniter.php(941): App\Controllers\c_cart->add('2')
 9 SYSTEMPATH\CodeIgniter.php(502): CodeIgniter\CodeIgniter->runController(Object(App\Controllers\c_cart))
10 SYSTEMPATH\CodeIgniter.php(361): CodeIgniter\CodeIgniter->handleRequest(null, Object(Config\Cache), false)
11 FCPATH\index.php(79): CodeIgniter\CodeIgniter->run()
12 SYSTEMPATH\Commands\Server\rewrite.php(47): require_once('D:\\Gav\\TI\\coolyeah\\Semester4\\PPL\\PR\\10\\github\\ecommerce\\public\\index.php')
INFO - 2024-05-17 09:06:58 --> Session: Class initialized using 'CodeIgniter\Session\Handlers\FileHandler' driver.
INFO - 2024-05-17 09:07:00 --> Session: Class initialized using 'CodeIgniter\Session\Handlers\FileHandler' driver.
INFO - 2024-05-17 09:07:02 --> Session: Class initialized using 'CodeIgniter\Session\Handlers\FileHandler' driver.
ERROR - 2024-05-17 09:07:02 --> mysqli_sql_exception: Table 'brg.penjualan_detail' doesn't exist in D:\Gav\TI\coolyeah\Semester4\PPL\PR\10\github\ecommerce\system\Database\MySQLi\Connection.php:306
Stack trace:
#0 D:\Gav\TI\coolyeah\Semester4\PPL\PR\10\github\ecommerce\system\Database\MySQLi\Connection.php(306): mysqli->query('SELECT *\nFROM `...', 0)
#1 D:\Gav\TI\coolyeah\Semester4\PPL\PR\10\github\ecommerce\system\Database\BaseConnection.php(693): CodeIgniter\Database\MySQLi\Connection->execute('SELECT *\nFROM `...')
#2 D:\Gav\TI\coolyeah\Semester4\PPL\PR\10\github\ecommerce\system\Database\BaseConnection.php(607): CodeIgniter\Database\BaseConnection->simpleQuery('SELECT *\nFROM `...')
#3 D:\Gav\TI\coolyeah\Semester4\PPL\PR\10\github\ecommerce\system\Database\BaseBuilder.php(1616): CodeIgniter\Database\BaseConnection->query('SELECT *\nFROM `...', Array, false)
#4 D:\Gav\TI\coolyeah\Semester4\PPL\PR\10\github\ecommerce\system\Model.php(199): CodeIgniter\Database\BaseBuilder->get()
#5 D:\Gav\TI\coolyeah\Semester4\PPL\PR\10\github\ecommerce\system\BaseModel.php(577): CodeIgniter\Model->doFind(true, '2')
#6 D:\Gav\TI\coolyeah\Semester4\PPL\PR\10\github\ecommerce\app\Controllers\c_cart.php(56): CodeIgniter\BaseModel->find('2')
#7 D:\Gav\TI\coolyeah\Semester4\PPL\PR\10\github\ecommerce\system\CodeIgniter.php(941): App\Controllers\c_cart->add('2')
#8 D:\Gav\TI\coolyeah\Semester4\PPL\PR\10\github\ecommerce\system\CodeIgniter.php(502): CodeIgniter\CodeIgniter->runController(Object(App\Controllers\c_cart))
#9 D:\Gav\TI\coolyeah\Semester4\PPL\PR\10\github\ecommerce\system\CodeIgniter.php(361): CodeIgniter\CodeIgniter->handleRequest(NULL, Object(Config\Cache), false)
#10 D:\Gav\TI\coolyeah\Semester4\PPL\PR\10\github\ecommerce\public\index.php(79): CodeIgniter\CodeIgniter->run()
#11 D:\Gav\TI\coolyeah\Semester4\PPL\PR\10\github\ecommerce\system\Commands\Server\rewrite.php(47): require_once('D:\\Gav\\TI\\cooly...')
#12 {main}
CRITICAL - 2024-05-17 09:07:02 --> CodeIgniter\Database\Exceptions\DatabaseException: Table 'brg.penjualan_detail' doesn't exist
in SYSTEMPATH\Database\BaseConnection.php on line 647.
 1 SYSTEMPATH\Database\BaseBuilder.php(1616): CodeIgniter\Database\BaseConnection->query('SELECT *
FROM `penjualan_detail`
WHERE `penjualan_detail`.`id` = :penjualan_detail.id:', [...], false)
 2 SYSTEMPATH\Model.php(199): CodeIgniter\Database\BaseBuilder->get()
 3 SYSTEMPATH\BaseModel.php(577): CodeIgniter\Model->doFind(true, '2')
 4 APPPATH\Controllers\c_cart.php(56): CodeIgniter\BaseModel->find('2')
 5 SYSTEMPATH\CodeIgniter.php(941): App\Controllers\c_cart->add('2')
 6 SYSTEMPATH\CodeIgniter.php(502): CodeIgniter\CodeIgniter->runController(Object(App\Controllers\c_cart))
 7 SYSTEMPATH\CodeIgniter.php(361): CodeIgniter\CodeIgniter->handleRequest(null, Object(Config\Cache), false)
 8 FCPATH\index.php(79): CodeIgniter\CodeIgniter->run()
 9 SYSTEMPATH\Commands\Server\rewrite.php(47): require_once('D:\\Gav\\TI\\coolyeah\\Semester4\\PPL\\PR\\10\\github\\ecommerce\\public\\index.php')
CRITICAL - 2024-05-17 09:07:02 --> [Caused by] CodeIgniter\Database\Exceptions\DatabaseException: Table 'brg.penjualan_detail' doesn't exist
in SYSTEMPATH\Database\MySQLi\Connection.php on line 311.
 1 SYSTEMPATH\Database\BaseConnection.php(693): CodeIgniter\Database\MySQLi\Connection->execute('SELECT *
FROM `penjualan_detail`
WHERE `penjualan_detail`.`id` = \'2\'')
 2 SYSTEMPATH\Database\BaseConnection.php(607): CodeIgniter\Database\BaseConnection->simpleQuery('SELECT *
FROM `penjualan_detail`
WHERE `penjualan_detail`.`id` = \'2\'')
 3 SYSTEMPATH\Database\BaseBuilder.php(1616): CodeIgniter\Database\BaseConnection->query('SELECT *
FROM `penjualan_detail`
WHERE `penjualan_detail`.`id` = :penjualan_detail.id:', [...], false)
 4 SYSTEMPATH\Model.php(199): CodeIgniter\Database\BaseBuilder->get()
 5 SYSTEMPATH\BaseModel.php(577): CodeIgniter\Model->doFind(true, '2')
 6 APPPATH\Controllers\c_cart.php(56): CodeIgniter\BaseModel->find('2')
 7 SYSTEMPATH\CodeIgniter.php(941): App\Controllers\c_cart->add('2')
 8 SYSTEMPATH\CodeIgniter.php(502): CodeIgniter\CodeIgniter->runController(Object(App\Controllers\c_cart))
 9 SYSTEMPATH\CodeIgniter.php(361): CodeIgniter\CodeIgniter->handleRequest(null, Object(Config\Cache), false)
10 FCPATH\index.php(79): CodeIgniter\CodeIgniter->run()
11 SYSTEMPATH\Commands\Server\rewrite.php(47): require_once('D:\\Gav\\TI\\coolyeah\\Semester4\\PPL\\PR\\10\\github\\ecommerce\\public\\index.php')
CRITICAL - 2024-05-17 09:07:02 --> [Caused by] mysqli_sql_exception: Table 'brg.penjualan_detail' doesn't exist
in SYSTEMPATH\Database\MySQLi\Connection.php on line 306.
 1 SYSTEMPATH\Database\MySQLi\Connection.php(306): mysqli->query('SELECT *
FROM `penjualan_detail`
WHERE `penjualan_detail`.`id` = \'2\'', 0)
 2 SYSTEMPATH\Database\BaseConnection.php(693): CodeIgniter\Database\MySQLi\Connection->execute('SELECT *
FROM `penjualan_detail`
WHERE `penjualan_detail`.`id` = \'2\'')
 3 SYSTEMPATH\Database\BaseConnection.php(607): CodeIgniter\Database\BaseConnection->simpleQuery('SELECT *
FROM `penjualan_detail`
WHERE `penjualan_detail`.`id` = \'2\'')
 4 SYSTEMPATH\Database\BaseBuilder.php(1616): CodeIgniter\Database\BaseConnection->query('SELECT *
FROM `penjualan_detail`
WHERE `penjualan_detail`.`id` = :penjualan_detail.id:', [...], false)
 5 SYSTEMPATH\Model.php(199): CodeIgniter\Database\BaseBuilder->get()
 6 SYSTEMPATH\BaseModel.php(577): CodeIgniter\Model->doFind(true, '2')
 7 APPPATH\Controllers\c_cart.php(56): CodeIgniter\BaseModel->find('2')
 8 SYSTEMPATH\CodeIgniter.php(941): App\Controllers\c_cart->add('2')
 9 SYSTEMPATH\CodeIgniter.php(502): CodeIgniter\CodeIgniter->runController(Object(App\Controllers\c_cart))
10 SYSTEMPATH\CodeIgniter.php(361): CodeIgniter\CodeIgniter->handleRequest(null, Object(Config\Cache), false)
11 FCPATH\index.php(79): CodeIgniter\CodeIgniter->run()
12 SYSTEMPATH\Commands\Server\rewrite.php(47): require_once('D:\\Gav\\TI\\coolyeah\\Semester4\\PPL\\PR\\10\\github\\ecommerce\\public\\index.php')
INFO - 2024-05-17 09:08:51 --> Session: Class initialized using 'CodeIgniter\Session\Handlers\FileHandler' driver.
INFO - 2024-05-17 09:08:54 --> Session: Class initialized using 'CodeIgniter\Session\Handlers\FileHandler' driver.
ERROR - 2024-05-17 09:08:54 --> mysqli_sql_exception: Table 'brg.penjualan_detail' doesn't exist in D:\Gav\TI\coolyeah\Semester4\PPL\PR\10\github\ecommerce\system\Database\MySQLi\Connection.php:306
Stack trace:
#0 D:\Gav\TI\coolyeah\Semester4\PPL\PR\10\github\ecommerce\system\Database\MySQLi\Connection.php(306): mysqli->query('SELECT *\nFROM `...', 0)
#1 D:\Gav\TI\coolyeah\Semester4\PPL\PR\10\github\ecommerce\system\Database\BaseConnection.php(693): CodeIgniter\Database\MySQLi\Connection->execute('SELECT *\nFROM `...')
#2 D:\Gav\TI\coolyeah\Semester4\PPL\PR\10\github\ecommerce\system\Database\BaseConnection.php(607): CodeIgniter\Database\BaseConnection->simpleQuery('SELECT *\nFROM `...')
#3 D:\Gav\TI\coolyeah\Semester4\PPL\PR\10\github\ecommerce\system\Database\BaseBuilder.php(1616): CodeIgniter\Database\BaseConnection->query('SELECT *\nFROM `...', Array, false)
#4 D:\Gav\TI\coolyeah\Semester4\PPL\PR\10\github\ecommerce\system\Model.php(199): CodeIgniter\Database\BaseBuilder->get()
#5 D:\Gav\TI\coolyeah\Semester4\PPL\PR\10\github\ecommerce\system\BaseModel.php(577): CodeIgniter\Model->doFind(true, '2')
#6 D:\Gav\TI\coolyeah\Semester4\PPL\PR\10\github\ecommerce\app\Controllers\c_cart.php(56): CodeIgniter\BaseModel->find('2')
#7 D:\Gav\TI\coolyeah\Semester4\PPL\PR\10\github\ecommerce\system\CodeIgniter.php(941): App\Controllers\c_cart->add('2')
#8 D:\Gav\TI\coolyeah\Semester4\PPL\PR\10\github\ecommerce\system\CodeIgniter.php(502): CodeIgniter\CodeIgniter->runController(Object(App\Controllers\c_cart))
#9 D:\Gav\TI\coolyeah\Semester4\PPL\PR\10\github\ecommerce\system\CodeIgniter.php(361): CodeIgniter\CodeIgniter->handleRequest(NULL, Object(Config\Cache), false)
#10 D:\Gav\TI\coolyeah\Semester4\PPL\PR\10\github\ecommerce\public\index.php(79): CodeIgniter\CodeIgniter->run()
#11 D:\Gav\TI\coolyeah\Semester4\PPL\PR\10\github\ecommerce\system\Commands\Server\rewrite.php(47): require_once('D:\\Gav\\TI\\cooly...')
#12 {main}
CRITICAL - 2024-05-17 09:08:54 --> CodeIgniter\Database\Exceptions\DatabaseException: Table 'brg.penjualan_detail' doesn't exist
in SYSTEMPATH\Database\BaseConnection.php on line 647.
 1 SYSTEMPATH\Database\BaseBuilder.php(1616): CodeIgniter\Database\BaseConnection->query('SELECT *
FROM `penjualan_detail`
WHERE `penjualan_detail`.`id` = :penjualan_detail.id:', [...], false)
 2 SYSTEMPATH\Model.php(199): CodeIgniter\Database\BaseBuilder->get()
 3 SYSTEMPATH\BaseModel.php(577): CodeIgniter\Model->doFind(true, '2')
 4 APPPATH\Controllers\c_cart.php(56): CodeIgniter\BaseModel->find('2')
 5 SYSTEMPATH\CodeIgniter.php(941): App\Controllers\c_cart->add('2')
 6 SYSTEMPATH\CodeIgniter.php(502): CodeIgniter\CodeIgniter->runController(Object(App\Controllers\c_cart))
 7 SYSTEMPATH\CodeIgniter.php(361): CodeIgniter\CodeIgniter->handleRequest(null, Object(Config\Cache), false)
 8 FCPATH\index.php(79): CodeIgniter\CodeIgniter->run()
 9 SYSTEMPATH\Commands\Server\rewrite.php(47): require_once('D:\\Gav\\TI\\coolyeah\\Semester4\\PPL\\PR\\10\\github\\ecommerce\\public\\index.php')
CRITICAL - 2024-05-17 09:08:54 --> [Caused by] CodeIgniter\Database\Exceptions\DatabaseException: Table 'brg.penjualan_detail' doesn't exist
in SYSTEMPATH\Database\MySQLi\Connection.php on line 311.
 1 SYSTEMPATH\Database\BaseConnection.php(693): CodeIgniter\Database\MySQLi\Connection->execute('SELECT *
FROM `penjualan_detail`
WHERE `penjualan_detail`.`id` = \'2\'')
 2 SYSTEMPATH\Database\BaseConnection.php(607): CodeIgniter\Database\BaseConnection->simpleQuery('SELECT *
FROM `penjualan_detail`
WHERE `penjualan_detail`.`id` = \'2\'')
 3 SYSTEMPATH\Database\BaseBuilder.php(1616): CodeIgniter\Database\BaseConnection->query('SELECT *
FROM `penjualan_detail`
WHERE `penjualan_detail`.`id` = :penjualan_detail.id:', [...], false)
 4 SYSTEMPATH\Model.php(199): CodeIgniter\Database\BaseBuilder->get()
 5 SYSTEMPATH\BaseModel.php(577): CodeIgniter\Model->doFind(true, '2')
 6 APPPATH\Controllers\c_cart.php(56): CodeIgniter\BaseModel->find('2')
 7 SYSTEMPATH\CodeIgniter.php(941): App\Controllers\c_cart->add('2')
 8 SYSTEMPATH\CodeIgniter.php(502): CodeIgniter\CodeIgniter->runController(Object(App\Controllers\c_cart))
 9 SYSTEMPATH\CodeIgniter.php(361): CodeIgniter\CodeIgniter->handleRequest(null, Object(Config\Cache), false)
10 FCPATH\index.php(79): CodeIgniter\CodeIgniter->run()
11 SYSTEMPATH\Commands\Server\rewrite.php(47): require_once('D:\\Gav\\TI\\coolyeah\\Semester4\\PPL\\PR\\10\\github\\ecommerce\\public\\index.php')
CRITICAL - 2024-05-17 09:08:54 --> [Caused by] mysqli_sql_exception: Table 'brg.penjualan_detail' doesn't exist
in SYSTEMPATH\Database\MySQLi\Connection.php on line 306.
 1 SYSTEMPATH\Database\MySQLi\Connection.php(306): mysqli->query('SELECT *
FROM `penjualan_detail`
WHERE `penjualan_detail`.`id` = \'2\'', 0)
 2 SYSTEMPATH\Database\BaseConnection.php(693): CodeIgniter\Database\MySQLi\Connection->execute('SELECT *
FROM `penjualan_detail`
WHERE `penjualan_detail`.`id` = \'2\'')
 3 SYSTEMPATH\Database\BaseConnection.php(607): CodeIgniter\Database\BaseConnection->simpleQuery('SELECT *
FROM `penjualan_detail`
WHERE `penjualan_detail`.`id` = \'2\'')
 4 SYSTEMPATH\Database\BaseBuilder.php(1616): CodeIgniter\Database\BaseConnection->query('SELECT *
FROM `penjualan_detail`
WHERE `penjualan_detail`.`id` = :penjualan_detail.id:', [...], false)
 5 SYSTEMPATH\Model.php(199): CodeIgniter\Database\BaseBuilder->get()
 6 SYSTEMPATH\BaseModel.php(577): CodeIgniter\Model->doFind(true, '2')
 7 APPPATH\Controllers\c_cart.php(56): CodeIgniter\BaseModel->find('2')
 8 SYSTEMPATH\CodeIgniter.php(941): App\Controllers\c_cart->add('2')
 9 SYSTEMPATH\CodeIgniter.php(502): CodeIgniter\CodeIgniter->runController(Object(App\Controllers\c_cart))
10 SYSTEMPATH\CodeIgniter.php(361): CodeIgniter\CodeIgniter->handleRequest(null, Object(Config\Cache), false)
11 FCPATH\index.php(79): CodeIgniter\CodeIgniter->run()
12 SYSTEMPATH\Commands\Server\rewrite.php(47): require_once('D:\\Gav\\TI\\coolyeah\\Semester4\\PPL\\PR\\10\\github\\ecommerce\\public\\index.php')
INFO - 2024-05-17 09:19:48 --> Session: Class initialized using 'CodeIgniter\Session\Handlers\FileHandler' driver.
INFO - 2024-05-17 09:19:51 --> Session: Class initialized using 'CodeIgniter\Session\Handlers\FileHandler' driver.
INFO - 2024-05-17 09:19:51 --> Session: Class initialized using 'CodeIgniter\Session\Handlers\FileHandler' driver.
INFO - 2024-05-17 09:20:03 --> Session: Class initialized using 'CodeIgniter\Session\Handlers\FileHandler' driver.
INFO - 2024-05-17 09:20:56 --> Session: Class initialized using 'CodeIgniter\Session\Handlers\FileHandler' driver.
INFO - 2024-05-17 09:20:58 --> Session: Class initialized using 'CodeIgniter\Session\Handlers\FileHandler' driver.
INFO - 2024-05-17 09:20:58 --> Session: Class initialized using 'CodeIgniter\Session\Handlers\FileHandler' driver.
INFO - 2024-05-17 09:21:01 --> Session: Class initialized using 'CodeIgniter\Session\Handlers\FileHandler' driver.
INFO - 2024-05-17 09:28:30 --> Session: Class initialized using 'CodeIgniter\Session\Handlers\FileHandler' driver.
INFO - 2024-05-17 09:28:33 --> Session: Class initialized using 'CodeIgniter\Session\Handlers\FileHandler' driver.
INFO - 2024-05-17 09:28:33 --> Session: Class initialized using 'CodeIgniter\Session\Handlers\FileHandler' driver.
INFO - 2024-05-17 09:31:22 --> Session: Class initialized using 'CodeIgniter\Session\Handlers\FileHandler' driver.
INFO - 2024-05-17 09:32:15 --> Session: Class initialized using 'CodeIgniter\Session\Handlers\FileHandler' driver.
INFO - 2024-05-17 09:32:40 --> Session: Class initialized using 'CodeIgniter\Session\Handlers\FileHandler' driver.
INFO - 2024-05-17 09:33:14 --> Session: Class initialized using 'CodeIgniter\Session\Handlers\FileHandler' driver.
INFO - 2024-05-17 09:33:18 --> Session: Class initialized using 'CodeIgniter\Session\Handlers\FileHandler' driver.
INFO - 2024-05-17 09:33:34 --> Session: Class initialized using 'CodeIgniter\Session\Handlers\FileHandler' driver.
INFO - 2024-05-17 09:47:04 --> Session: Class initialized using 'CodeIgniter\Session\Handlers\FileHandler' driver.
INFO - 2024-05-17 09:47:10 --> Session: Class initialized using 'CodeIgniter\Session\Handlers\FileHandler' driver.
INFO - 2024-05-17 09:47:52 --> Session: Class initialized using 'CodeIgniter\Session\Handlers\FileHandler' driver.
INFO - 2024-05-17 09:47:54 --> Session: Class initialized using 'CodeIgniter\Session\Handlers\FileHandler' driver.
INFO - 2024-05-17 09:47:57 --> Session: Class initialized using 'CodeIgniter\Session\Handlers\FileHandler' driver.
INFO - 2024-05-17 09:48:05 --> Session: Class initialized using 'CodeIgniter\Session\Handlers\FileHandler' driver.
INFO - 2024-05-17 09:48:09 --> Session: Class initialized using 'CodeIgniter\Session\Handlers\FileHandler' driver.
INFO - 2024-05-17 09:48:12 --> Session: Class initialized using 'CodeIgniter\Session\Handlers\FileHandler' driver.
INFO - 2024-05-17 09:50:13 --> Session: Class initialized using 'CodeIgniter\Session\Handlers\FileHandler' driver.
INFO - 2024-05-17 09:50:15 --> Session: Class initialized using 'CodeIgniter\Session\Handlers\FileHandler' driver.
INFO - 2024-05-17 09:50:21 --> Session: Class initialized using 'CodeIgniter\Session\Handlers\FileHandler' driver.
INFO - 2024-05-17 10:09:37 --> Session: Class initialized using 'CodeIgniter\Session\Handlers\FileHandler' driver.
INFO - 2024-05-17 10:09:44 --> Session: Class initialized using 'CodeIgniter\Session\Handlers\FileHandler' driver.
INFO - 2024-05-17 10:09:49 --> Session: Class initialized using 'CodeIgniter\Session\Handlers\FileHandler' driver.
INFO - 2024-05-17 10:09:50 --> Session: Class initialized using 'CodeIgniter\Session\Handlers\FileHandler' driver.
INFO - 2024-05-17 10:09:53 --> Session: Class initialized using 'CodeIgniter\Session\Handlers\FileHandler' driver.
INFO - 2024-05-17 10:09:59 --> Session: Class initialized using 'CodeIgniter\Session\Handlers\FileHandler' driver.
CRITICAL - 2024-05-17 10:09:59 --> CodeIgniter\View\Exceptions\ViewException: Invalid file: "v_result.php"
in SYSTEMPATH\Exceptions\FrameworkException.php on line 39.
 1 SYSTEMPATH\View\View.php(216): CodeIgniter\Exceptions\FrameworkException::forInvalidFile('v_result.php')
 2 SYSTEMPATH\Common.php(1178): CodeIgniter\View\View->render('v_result', [], true)
 3 APPPATH\Controllers\c_checkout.php(67): view('v_result', [...])
 4 SYSTEMPATH\CodeIgniter.php(941): App\Controllers\c_checkout->store()
 5 SYSTEMPATH\CodeIgniter.php(502): CodeIgniter\CodeIgniter->runController(Object(App\Controllers\c_checkout))
 6 SYSTEMPATH\CodeIgniter.php(361): CodeIgniter\CodeIgniter->handleRequest(null, Object(Config\Cache), false)
 7 FCPATH\index.php(79): CodeIgniter\CodeIgniter->run()
 8 SYSTEMPATH\Commands\Server\rewrite.php(47): require_once('D:\\Gav\\TI\\coolyeah\\Semester4\\PPL\\PR\\10\\github\\ecommerce\\public\\index.php')
INFO - 2024-05-17 10:10:38 --> Session: Class initialized using 'CodeIgniter\Session\Handlers\FileHandler' driver.
INFO - 2024-05-17 10:10:41 --> Session: Class initialized using 'CodeIgniter\Session\Handlers\FileHandler' driver.
CRITICAL - 2024-05-17 10:10:41 --> ErrorException: foreach() argument must be of type array|object, null given
in APPPATH\Controllers\c_checkout.php on line 43.
 1 APPPATH\Controllers\c_checkout.php(43): CodeIgniter\Debug\Exceptions->errorHandler(2, 'foreach() argument must be of type array|object, null given', 'D:\\Gav\\TI\\coolyeah\\Semester4\\PPL\\PR\\10\\github\\ecommerce\\app\\Controllers\\c_checkout.php', 43)
 2 SYSTEMPATH\CodeIgniter.php(941): App\Controllers\c_checkout->store()
 3 SYSTEMPATH\CodeIgniter.php(502): CodeIgniter\CodeIgniter->runController(Object(App\Controllers\c_checkout))
 4 SYSTEMPATH\CodeIgniter.php(361): CodeIgniter\CodeIgniter->handleRequest(null, Object(Config\Cache), false)
 5 FCPATH\index.php(79): CodeIgniter\CodeIgniter->run()
 6 SYSTEMPATH\Commands\Server\rewrite.php(47): require_once('D:\\Gav\\TI\\coolyeah\\Semester4\\PPL\\PR\\10\\github\\ecommerce\\public\\index.php')
INFO - 2024-05-17 10:19:39 --> Session: Class initialized using 'CodeIgniter\Session\Handlers\FileHandler' driver.
INFO - 2024-05-17 10:19:42 --> Session: Class initialized using 'CodeIgniter\Session\Handlers\FileHandler' driver.
INFO - 2024-05-17 10:19:42 --> Session: Class initialized using 'CodeIgniter\Session\Handlers\FileHandler' driver.
INFO - 2024-05-17 10:20:14 --> Session: Class initialized using 'CodeIgniter\Session\Handlers\FileHandler' driver.
INFO - 2024-05-17 10:20:20 --> Session: Class initialized using 'CodeIgniter\Session\Handlers\FileHandler' driver.
INFO - 2024-05-17 10:20:21 --> Session: Class initialized using 'CodeIgniter\Session\Handlers\FileHandler' driver.
INFO - 2024-05-17 10:20:44 --> Session: Class initialized using 'CodeIgniter\Session\Handlers\FileHandler' driver.
INFO - 2024-05-17 10:35:41 --> Session: Class initialized using 'CodeIgniter\Session\Handlers\FileHandler' driver.
INFO - 2024-05-17 10:35:54 --> Session: Class initialized using 'CodeIgniter\Session\Handlers\FileHandler' driver.
INFO - 2024-05-17 10:37:05 --> Session: Class initialized using 'CodeIgniter\Session\Handlers\FileHandler' driver.
INFO - 2024-05-17 10:38:28 --> Session: Class initialized using 'CodeIgniter\Session\Handlers\FileHandler' driver.
INFO - 2024-05-17 10:38:51 --> Session: Class initialized using 'CodeIgniter\Session\Handlers\FileHandler' driver.
INFO - 2024-05-17 10:38:51 --> Session: Class initialized using 'CodeIgniter\Session\Handlers\FileHandler' driver.
INFO - 2024-05-17 10:38:56 --> Session: Class initialized using 'CodeIgniter\Session\Handlers\FileHandler' driver.
INFO - 2024-05-17 10:38:59 --> Session: Class initialized using 'CodeIgniter\Session\Handlers\FileHandler' driver.
INFO - 2024-05-17 10:39:00 --> Session: Class initialized using 'CodeIgniter\Session\Handlers\FileHandler' driver.
