CRITICAL - 2024-04-24 07:03:57 --> ErrorException: Attempt to read property "nim" on string
in APPPATH\Views\v_detailmhs.php on line 19.
 1 APPPATH\Views\v_detailmhs.php(19): CodeIgniter\Debug\Exceptions->errorHandler(2, 'Attempt to read property "nim" on string', 'C:\\xampp\\htdocs\\codeigniter4pt2\\app\\Views\\v_detailmhs.php', 19)
 2 SYSTEMPATH\View\View.php(228): include('C:\\xampp\\htdocs\\codeigniter4pt2\\app\\Views\\v_detailmhs.php')
 3 SYSTEMPATH\View\View.php(231): CodeIgniter\View\View->CodeIgniter\View\{closure}()
 4 SYSTEMPATH\Common.php(1178): CodeIgniter\View\View->render('v_detailmhs', [], true)
 5 APPPATH\Controllers\c_mhs.php(59): view('v_detailmhs', [...])
 6 SYSTEMPATH\CodeIgniter.php(941): App\Controllers\c_mhs->view('1')
 7 SYSTEMPATH\CodeIgniter.php(502): CodeIgniter\CodeIgniter->runController(Object(App\Controllers\c_mhs))
 8 SYSTEMPATH\CodeIgniter.php(361): CodeIgniter\CodeIgniter->handleRequest(null, Object(Config\Cache), false)
 9 FCPATH\index.php(79): CodeIgniter\CodeIgniter->run()
10 SYSTEMPATH\Commands\Server\rewrite.php(47): require_once('C:\\xampp\\htdocs\\codeigniter4pt2\\public\\index.php')
CRITICAL - 2024-04-24 07:05:42 --> ErrorException: Attempt to read property "nim" on string
in APPPATH\Views\v_detailmhs.php on line 19.
 1 APPPATH\Views\v_detailmhs.php(19): CodeIgniter\Debug\Exceptions->errorHandler(2, 'Attempt to read property "nim" on string', 'C:\\xampp\\htdocs\\codeigniter4pt2\\app\\Views\\v_detailmhs.php', 19)
 2 SYSTEMPATH\View\View.php(228): include('C:\\xampp\\htdocs\\codeigniter4pt2\\app\\Views\\v_detailmhs.php')
 3 SYSTEMPATH\View\View.php(231): CodeIgniter\View\View->CodeIgniter\View\{closure}()
 4 SYSTEMPATH\Common.php(1178): CodeIgniter\View\View->render('v_detailmhs', [], true)
 5 APPPATH\Controllers\c_mhs.php(59): view('v_detailmhs', [...])
 6 SYSTEMPATH\CodeIgniter.php(941): App\Controllers\c_mhs->view('2')
 7 SYSTEMPATH\CodeIgniter.php(502): CodeIgniter\CodeIgniter->runController(Object(App\Controllers\c_mhs))
 8 SYSTEMPATH\CodeIgniter.php(361): CodeIgniter\CodeIgniter->handleRequest(null, Object(Config\Cache), false)
 9 FCPATH\index.php(79): CodeIgniter\CodeIgniter->run()
10 SYSTEMPATH\Commands\Server\rewrite.php(47): require_once('C:\\xampp\\htdocs\\codeigniter4pt2\\public\\index.php')
CRITICAL - 2024-04-24 07:06:01 --> ErrorException: foreach() argument must be of type array|object, null given
in APPPATH\Views\v_detailmhs.php on line 17.
 1 APPPATH\Views\v_detailmhs.php(17): CodeIgniter\Debug\Exceptions->errorHandler(2, 'foreach() argument must be of type array|object, null given', 'C:\\xampp\\htdocs\\codeigniter4pt2\\app\\Views\\v_detailmhs.php', 17)
 2 SYSTEMPATH\View\View.php(228): include('C:\\xampp\\htdocs\\codeigniter4pt2\\app\\Views\\v_detailmhs.php')
 3 SYSTEMPATH\View\View.php(231): CodeIgniter\View\View->CodeIgniter\View\{closure}()
 4 SYSTEMPATH\Common.php(1178): CodeIgniter\View\View->render('v_detailmhs', [], true)
 5 APPPATH\Controllers\c_mhs.php(59): view('v_detailmhs', [...])
 6 SYSTEMPATH\CodeIgniter.php(941): App\Controllers\c_mhs->view('221511001')
 7 SYSTEMPATH\CodeIgniter.php(502): CodeIgniter\CodeIgniter->runController(Object(App\Controllers\c_mhs))
 8 SYSTEMPATH\CodeIgniter.php(361): CodeIgniter\CodeIgniter->handleRequest(null, Object(Config\Cache), false)
 9 FCPATH\index.php(79): CodeIgniter\CodeIgniter->run()
10 SYSTEMPATH\Commands\Server\rewrite.php(47): require_once('C:\\xampp\\htdocs\\codeigniter4pt2\\public\\index.php')
CRITICAL - 2024-04-24 07:10:18 --> ErrorException: Attempt to read property "nim" on array
in APPPATH\Views\v_detailmhs.php on line 8.
 1 APPPATH\Views\v_detailmhs.php(8): CodeIgniter\Debug\Exceptions->errorHandler(2, 'Attempt to read property "nim" on array', 'C:\\xampp\\htdocs\\codeigniter4pt2\\app\\Views\\v_detailmhs.php', 8)
 2 SYSTEMPATH\View\View.php(228): include('C:\\xampp\\htdocs\\codeigniter4pt2\\app\\Views\\v_detailmhs.php')
 3 SYSTEMPATH\View\View.php(231): CodeIgniter\View\View->CodeIgniter\View\{closure}()
 4 SYSTEMPATH\Common.php(1178): CodeIgniter\View\View->render('v_detailmhs', [], true)
 5 APPPATH\Controllers\c_mhs.php(20): view('v_detailmhs', [...])
 6 SYSTEMPATH\CodeIgniter.php(941): App\Controllers\c_mhs->detail('1')
 7 SYSTEMPATH\CodeIgniter.php(502): CodeIgniter\CodeIgniter->runController(Object(App\Controllers\c_mhs))
 8 SYSTEMPATH\CodeIgniter.php(361): CodeIgniter\CodeIgniter->handleRequest(null, Object(Config\Cache), false)
 9 FCPATH\index.php(79): CodeIgniter\CodeIgniter->run()
10 SYSTEMPATH\Commands\Server\rewrite.php(47): require_once('C:\\xampp\\htdocs\\codeigniter4pt2\\public\\index.php')
CRITICAL - 2024-04-24 07:12:06 --> ErrorException: Attempt to read property "nim" on array
in APPPATH\Views\v_detailmhs.php on line 8.
 1 APPPATH\Views\v_detailmhs.php(8): CodeIgniter\Debug\Exceptions->errorHandler(2, 'Attempt to read property "nim" on array', 'C:\\xampp\\htdocs\\codeigniter4pt2\\app\\Views\\v_detailmhs.php', 8)
 2 SYSTEMPATH\View\View.php(228): include('C:\\xampp\\htdocs\\codeigniter4pt2\\app\\Views\\v_detailmhs.php')
 3 SYSTEMPATH\View\View.php(231): CodeIgniter\View\View->CodeIgniter\View\{closure}()
 4 SYSTEMPATH\Common.php(1178): CodeIgniter\View\View->render('v_detailmhs', [], true)
 5 APPPATH\Controllers\c_mhs.php(20): view('v_detailmhs', [...])
 6 SYSTEMPATH\CodeIgniter.php(941): App\Controllers\c_mhs->detail('3')
 7 SYSTEMPATH\CodeIgniter.php(502): CodeIgniter\CodeIgniter->runController(Object(App\Controllers\c_mhs))
 8 SYSTEMPATH\CodeIgniter.php(361): CodeIgniter\CodeIgniter->handleRequest(null, Object(Config\Cache), false)
 9 FCPATH\index.php(79): CodeIgniter\CodeIgniter->run()
10 SYSTEMPATH\Commands\Server\rewrite.php(47): require_once('C:\\xampp\\htdocs\\codeigniter4pt2\\public\\index.php')
CRITICAL - 2024-04-24 07:13:12 --> ErrorException: Attempt to read property "nim" on array
in APPPATH\Views\v_detailmhs.php on line 8.
 1 APPPATH\Views\v_detailmhs.php(8): CodeIgniter\Debug\Exceptions->errorHandler(2, 'Attempt to read property "nim" on array', 'C:\\xampp\\htdocs\\codeigniter4pt2\\app\\Views\\v_detailmhs.php', 8)
 2 SYSTEMPATH\View\View.php(228): include('C:\\xampp\\htdocs\\codeigniter4pt2\\app\\Views\\v_detailmhs.php')
 3 SYSTEMPATH\View\View.php(231): CodeIgniter\View\View->CodeIgniter\View\{closure}()
 4 SYSTEMPATH\Common.php(1178): CodeIgniter\View\View->render('v_detailmhs', [], true)
 5 APPPATH\Controllers\c_mhs.php(20): view('v_detailmhs', [...])
 6 SYSTEMPATH\CodeIgniter.php(941): App\Controllers\c_mhs->detail('1')
 7 SYSTEMPATH\CodeIgniter.php(502): CodeIgniter\CodeIgniter->runController(Object(App\Controllers\c_mhs))
 8 SYSTEMPATH\CodeIgniter.php(361): CodeIgniter\CodeIgniter->handleRequest(null, Object(Config\Cache), false)
 9 FCPATH\index.php(79): CodeIgniter\CodeIgniter->run()
10 SYSTEMPATH\Commands\Server\rewrite.php(47): require_once('C:\\xampp\\htdocs\\codeigniter4pt2\\public\\index.php')
ERROR - 2024-04-24 07:36:59 --> mysqli_sql_exception: Unknown table 'mhs.foto_mahasiswa' in C:\xampp\htdocs\codeigniter4pt2\system\Database\MySQLi\Connection.php:306
Stack trace:
#0 C:\xampp\htdocs\codeigniter4pt2\system\Database\MySQLi\Connection.php(306): mysqli->query('DROP TABLE `fot...', 0)
#1 C:\xampp\htdocs\codeigniter4pt2\system\Database\BaseConnection.php(693): CodeIgniter\Database\MySQLi\Connection->execute('DROP TABLE `fot...')
#2 C:\xampp\htdocs\codeigniter4pt2\system\Database\BaseConnection.php(607): CodeIgniter\Database\BaseConnection->simpleQuery('DROP TABLE `fot...')
#3 C:\xampp\htdocs\codeigniter4pt2\system\Database\Forge.php(648): CodeIgniter\Database\BaseConnection->query('DROP TABLE `fot...')
#4 C:\xampp\htdocs\codeigniter4pt2\app\Database\Migrations\2024-04-24-073321_FotoMhs.php(31): CodeIgniter\Database\Forge->dropTable('foto_mahasiswa')
#5 C:\xampp\htdocs\codeigniter4pt2\system\Database\MigrationRunner.php(865): App\Database\Migrations\FotoMhs->down()
#6 C:\xampp\htdocs\codeigniter4pt2\system\Database\MigrationRunner.php(288): CodeIgniter\Database\MigrationRunner->migrate('down', Object(stdClass))
#7 C:\xampp\htdocs\codeigniter4pt2\system\Commands\Database\MigrateRollback.php(86): CodeIgniter\Database\MigrationRunner->regress(0)
#8 C:\xampp\htdocs\codeigniter4pt2\system\CLI\Commands.php(65): CodeIgniter\Commands\Database\MigrateRollback->run(Array)
#9 C:\xampp\htdocs\codeigniter4pt2\system\CLI\BaseCommand.php(115): CodeIgniter\CLI\Commands->run('migrate:rollbac...', Array)
#10 C:\xampp\htdocs\codeigniter4pt2\system\Commands\Database\MigrateRefresh.php(84): CodeIgniter\CLI\BaseCommand->call('migrate:rollbac...', Array)
#11 C:\xampp\htdocs\codeigniter4pt2\system\CLI\Commands.php(65): CodeIgniter\Commands\Database\MigrateRefresh->run(Array)
#12 C:\xampp\htdocs\codeigniter4pt2\system\CLI\Console.php(46): CodeIgniter\CLI\Commands->run('migrate:refresh', Array)
#13 C:\xampp\htdocs\codeigniter4pt2\spark(102): CodeIgniter\CLI\Console->run()
#14 {main}
CRITICAL - 2024-04-24 08:13:21 --> ArgumentCountError: Too few arguments to function App\Controllers\c_mhs::uploadFoto(), 0 passed in C:\xampp\htdocs\codeigniter4pt2\system\CodeIgniter.php on line 941 and exactly 1 expected
in APPPATH\Controllers\c_mhs.php on line 55.
 1 SYSTEMPATH\CodeIgniter.php(941): App\Controllers\c_mhs->uploadFoto()
 2 SYSTEMPATH\CodeIgniter.php(502): CodeIgniter\CodeIgniter->runController(Object(App\Controllers\c_mhs))
 3 SYSTEMPATH\CodeIgniter.php(361): CodeIgniter\CodeIgniter->handleRequest(null, Object(Config\Cache), false)
 4 FCPATH\index.php(79): CodeIgniter\CodeIgniter->run()
 5 SYSTEMPATH\Commands\Server\rewrite.php(47): require_once('C:\\xampp\\htdocs\\codeigniter4pt2\\public\\index.php')
CRITICAL - 2024-04-24 08:13:51 --> TypeError: CodeIgniter\Model::__construct(): Argument #1 ($db) must be of type ?CodeIgniter\Database\ConnectionInterface, string given, called in C:\xampp\htdocs\codeigniter4pt2\app\Controllers\c_mhs.php on line 65
in SYSTEMPATH\Model.php on line 148.
 1 APPPATH\Controllers\c_mhs.php(65): CodeIgniter\Model->__construct('1')
 2 SYSTEMPATH\CodeIgniter.php(941): App\Controllers\c_mhs->uploadFoto()
 3 SYSTEMPATH\CodeIgniter.php(502): CodeIgniter\CodeIgniter->runController(Object(App\Controllers\c_mhs))
 4 SYSTEMPATH\CodeIgniter.php(361): CodeIgniter\CodeIgniter->handleRequest(null, Object(Config\Cache), false)
 5 FCPATH\index.php(79): CodeIgniter\CodeIgniter->run()
 6 SYSTEMPATH\Commands\Server\rewrite.php(47): require_once('C:\\xampp\\htdocs\\codeigniter4pt2\\public\\index.php')
CRITICAL - 2024-04-24 15:36:50 --> BadMethodCallException: Call to undefined method App\Models\DataMhs::getMahasiswaById
in SYSTEMPATH\Model.php on line 874.
 1 APPPATH\Controllers\c_mhs.php(88): CodeIgniter\Model->__call('getMahasiswaById', [...])
 2 SYSTEMPATH\CodeIgniter.php(941): App\Controllers\c_mhs->update('1')
 3 SYSTEMPATH\CodeIgniter.php(502): CodeIgniter\CodeIgniter->runController(Object(App\Controllers\c_mhs))
 4 SYSTEMPATH\CodeIgniter.php(361): CodeIgniter\CodeIgniter->handleRequest(null, Object(Config\Cache), false)
 5 FCPATH\index.php(79): CodeIgniter\CodeIgniter->run()
 6 SYSTEMPATH\Commands\Server\rewrite.php(47): require_once('C:\\xampp\\htdocs\\codeigniter4pt2\\public\\index.php')
CRITICAL - 2024-04-24 15:38:17 --> BadMethodCallException: Call to undefined method App\Models\DataMhs::getMahasiswaById
in SYSTEMPATH\Model.php on line 874.
 1 APPPATH\Controllers\c_mhs.php(88): CodeIgniter\Model->__call('getMahasiswaById', [...])
 2 SYSTEMPATH\CodeIgniter.php(941): App\Controllers\c_mhs->update('1')
 3 SYSTEMPATH\CodeIgniter.php(502): CodeIgniter\CodeIgniter->runController(Object(App\Controllers\c_mhs))
 4 SYSTEMPATH\CodeIgniter.php(361): CodeIgniter\CodeIgniter->handleRequest(null, Object(Config\Cache), false)
 5 FCPATH\index.php(79): CodeIgniter\CodeIgniter->run()
 6 SYSTEMPATH\Commands\Server\rewrite.php(47): require_once('C:\\xampp\\htdocs\\codeigniter4pt2\\public\\index.php')
CRITICAL - 2024-04-24 15:38:20 --> BadMethodCallException: Call to undefined method App\Models\DataMhs::getMahasiswaById
in SYSTEMPATH\Model.php on line 874.
 1 APPPATH\Controllers\c_mhs.php(88): CodeIgniter\Model->__call('getMahasiswaById', [...])
 2 SYSTEMPATH\CodeIgniter.php(941): App\Controllers\c_mhs->update('1')
 3 SYSTEMPATH\CodeIgniter.php(502): CodeIgniter\CodeIgniter->runController(Object(App\Controllers\c_mhs))
 4 SYSTEMPATH\CodeIgniter.php(361): CodeIgniter\CodeIgniter->handleRequest(null, Object(Config\Cache), false)
 5 FCPATH\index.php(79): CodeIgniter\CodeIgniter->run()
 6 SYSTEMPATH\Commands\Server\rewrite.php(47): require_once('C:\\xampp\\htdocs\\codeigniter4pt2\\public\\index.php')
CRITICAL - 2024-04-24 15:38:35 --> BadMethodCallException: Call to undefined method App\Models\DataMhs::getMahasiswaById
in SYSTEMPATH\Model.php on line 874.
 1 APPPATH\Controllers\c_mhs.php(88): CodeIgniter\Model->__call('getMahasiswaById', [...])
 2 SYSTEMPATH\CodeIgniter.php(941): App\Controllers\c_mhs->update('1')
 3 SYSTEMPATH\CodeIgniter.php(502): CodeIgniter\CodeIgniter->runController(Object(App\Controllers\c_mhs))
 4 SYSTEMPATH\CodeIgniter.php(361): CodeIgniter\CodeIgniter->handleRequest(null, Object(Config\Cache), false)
 5 FCPATH\index.php(79): CodeIgniter\CodeIgniter->run()
 6 SYSTEMPATH\Commands\Server\rewrite.php(47): require_once('C:\\xampp\\htdocs\\codeigniter4pt2\\public\\index.php')
CRITICAL - 2024-04-24 15:42:18 --> CodeIgniter\View\Exceptions\ViewException: Invalid file: "Update_Mahasiswa.php"
in SYSTEMPATH\Exceptions\FrameworkException.php on line 39.
 1 SYSTEMPATH\View\View.php(216): CodeIgniter\Exceptions\FrameworkException::forInvalidFile('Update_Mahasiswa.php')
 2 SYSTEMPATH\Common.php(1178): CodeIgniter\View\View->render('Update_Mahasiswa', [], true)
 3 APPPATH\Controllers\c_mhs.php(102): view('Update_Mahasiswa', [...])
 4 SYSTEMPATH\CodeIgniter.php(941): App\Controllers\c_mhs->update('1')
 5 SYSTEMPATH\CodeIgniter.php(502): CodeIgniter\CodeIgniter->runController(Object(App\Controllers\c_mhs))
 6 SYSTEMPATH\CodeIgniter.php(361): CodeIgniter\CodeIgniter->handleRequest(null, Object(Config\Cache), false)
 7 FCPATH\index.php(79): CodeIgniter\CodeIgniter->run()
 8 SYSTEMPATH\Commands\Server\rewrite.php(47): require_once('C:\\xampp\\htdocs\\codeigniter4pt2\\public\\index.php')
CRITICAL - 2024-04-24 15:42:40 --> TypeError: Unsupported operand types: string % int
in APPPATH\Views\v_mhs.php on line 18.
 1 SYSTEMPATH\View\View.php(228): include()
 2 SYSTEMPATH\View\View.php(231): CodeIgniter\View\View->CodeIgniter\View\{closure}()
 3 SYSTEMPATH\Common.php(1178): CodeIgniter\View\View->render('v_mhs', [], true)
 4 APPPATH\Controllers\c_mhs.php(102): view('v_mhs', [...])
 5 SYSTEMPATH\CodeIgniter.php(941): App\Controllers\c_mhs->update('1')
 6 SYSTEMPATH\CodeIgniter.php(502): CodeIgniter\CodeIgniter->runController(Object(App\Controllers\c_mhs))
 7 SYSTEMPATH\CodeIgniter.php(361): CodeIgniter\CodeIgniter->handleRequest(null, Object(Config\Cache), false)
 8 FCPATH\index.php(79): CodeIgniter\CodeIgniter->run()
 9 SYSTEMPATH\Commands\Server\rewrite.php(47): require_once('C:\\xampp\\htdocs\\codeigniter4pt2\\public\\index.php')
CRITICAL - 2024-04-24 15:45:27 --> ErrorException: Attempt to read property "nim" on string
in APPPATH\Views\v_mhs.php on line 19.
 1 APPPATH\Views\v_mhs.php(19): CodeIgniter\Debug\Exceptions->errorHandler(2, 'Attempt to read property "nim" on string', 'C:\\xampp\\htdocs\\codeigniter4pt2\\app\\Views\\v_mhs.php', 19)
 2 SYSTEMPATH\View\View.php(228): include('C:\\xampp\\htdocs\\codeigniter4pt2\\app\\Views\\v_mhs.php')
 3 SYSTEMPATH\View\View.php(231): CodeIgniter\View\View->CodeIgniter\View\{closure}()
 4 SYSTEMPATH\Common.php(1178): CodeIgniter\View\View->render('v_mhs', [], true)
 5 APPPATH\Controllers\c_mhs.php(102): view('v_mhs', [...])
 6 SYSTEMPATH\CodeIgniter.php(941): App\Controllers\c_mhs->update('1')
 7 SYSTEMPATH\CodeIgniter.php(502): CodeIgniter\CodeIgniter->runController(Object(App\Controllers\c_mhs))
 8 SYSTEMPATH\CodeIgniter.php(361): CodeIgniter\CodeIgniter->handleRequest(null, Object(Config\Cache), false)
 9 FCPATH\index.php(79): CodeIgniter\CodeIgniter->run()
10 SYSTEMPATH\Commands\Server\rewrite.php(47): require_once('C:\\xampp\\htdocs\\codeigniter4pt2\\public\\index.php')
CRITICAL - 2024-04-24 16:37:30 --> TypeError: Unsupported operand types: string % int
in APPPATH\Views\v_mhs.php on line 18.
 1 SYSTEMPATH\View\View.php(228): include()
 2 SYSTEMPATH\View\View.php(231): CodeIgniter\View\View->CodeIgniter\View\{closure}()
 3 SYSTEMPATH\Common.php(1178): CodeIgniter\View\View->render('v_mhs', [], true)
 4 APPPATH\Controllers\c_mhs.php(102): view('v_mhs', [...])
 5 SYSTEMPATH\CodeIgniter.php(941): App\Controllers\c_mhs->update('1')
 6 SYSTEMPATH\CodeIgniter.php(502): CodeIgniter\CodeIgniter->runController(Object(App\Controllers\c_mhs))
 7 SYSTEMPATH\CodeIgniter.php(361): CodeIgniter\CodeIgniter->handleRequest(null, Object(Config\Cache), false)
 8 FCPATH\index.php(79): CodeIgniter\CodeIgniter->run()
 9 SYSTEMPATH\Commands\Server\rewrite.php(47): require_once('C:\\xampp\\htdocs\\codeigniter4pt2\\public\\index.php')
CRITICAL - 2024-04-24 16:40:33 --> TypeError: Unsupported operand types: string % int
in APPPATH\Views\v_mhs.php on line 18.
 1 SYSTEMPATH\View\View.php(228): include()
 2 SYSTEMPATH\View\View.php(231): CodeIgniter\View\View->CodeIgniter\View\{closure}()
 3 SYSTEMPATH\Common.php(1178): CodeIgniter\View\View->render('v_mhs', [], true)
 4 APPPATH\Controllers\c_mhs.php(102): view('v_mhs', [...])
 5 SYSTEMPATH\CodeIgniter.php(941): App\Controllers\c_mhs->update('1')
 6 SYSTEMPATH\CodeIgniter.php(502): CodeIgniter\CodeIgniter->runController(Object(App\Controllers\c_mhs))
 7 SYSTEMPATH\CodeIgniter.php(361): CodeIgniter\CodeIgniter->handleRequest(null, Object(Config\Cache), false)
 8 FCPATH\index.php(79): CodeIgniter\CodeIgniter->run()
 9 SYSTEMPATH\Commands\Server\rewrite.php(47): require_once('C:\\xampp\\htdocs\\codeigniter4pt2\\public\\index.php')
CRITICAL - 2024-04-24 16:41:44 --> TypeError: Unsupported operand types: string % int
in APPPATH\Views\v_mhs.php on line 18.
 1 SYSTEMPATH\View\View.php(228): include()
 2 SYSTEMPATH\View\View.php(231): CodeIgniter\View\View->CodeIgniter\View\{closure}()
 3 SYSTEMPATH\Common.php(1178): CodeIgniter\View\View->render('v_mhs', [], true)
 4 APPPATH\Controllers\c_mhs.php(102): view('v_mhs', [...])
 5 SYSTEMPATH\CodeIgniter.php(941): App\Controllers\c_mhs->update('1')
 6 SYSTEMPATH\CodeIgniter.php(502): CodeIgniter\CodeIgniter->runController(Object(App\Controllers\c_mhs))
 7 SYSTEMPATH\CodeIgniter.php(361): CodeIgniter\CodeIgniter->handleRequest(null, Object(Config\Cache), false)
 8 FCPATH\index.php(79): CodeIgniter\CodeIgniter->run()
 9 SYSTEMPATH\Commands\Server\rewrite.php(47): require_once('C:\\xampp\\htdocs\\codeigniter4pt2\\public\\index.php')
CRITICAL - 2024-04-24 16:43:35 --> ErrorException: Attempt to read property "id" on string
in APPPATH\Views\v_mhs.php on line 18.
 1 APPPATH\Views\v_mhs.php(18): CodeIgniter\Debug\Exceptions->errorHandler(2, 'Attempt to read property "id" on string', 'C:\\xampp\\htdocs\\codeigniter4pt2\\app\\Views\\v_mhs.php', 18)
 2 SYSTEMPATH\View\View.php(228): include('C:\\xampp\\htdocs\\codeigniter4pt2\\app\\Views\\v_mhs.php')
 3 SYSTEMPATH\View\View.php(231): CodeIgniter\View\View->CodeIgniter\View\{closure}()
 4 SYSTEMPATH\Common.php(1178): CodeIgniter\View\View->render('v_mhs', [], true)
 5 APPPATH\Controllers\c_mhs.php(102): view('v_mhs', [...])
 6 SYSTEMPATH\CodeIgniter.php(941): App\Controllers\c_mhs->update('1')
 7 SYSTEMPATH\CodeIgniter.php(502): CodeIgniter\CodeIgniter->runController(Object(App\Controllers\c_mhs))
 8 SYSTEMPATH\CodeIgniter.php(361): CodeIgniter\CodeIgniter->handleRequest(null, Object(Config\Cache), false)
 9 FCPATH\index.php(79): CodeIgniter\CodeIgniter->run()
10 SYSTEMPATH\Commands\Server\rewrite.php(47): require_once('C:\\xampp\\htdocs\\codeigniter4pt2\\public\\index.php')
CRITICAL - 2024-04-24 16:45:43 --> Error: Cannot use object of type stdClass as array
in APPPATH\Views\v_mhs.php on line 18.
 1 SYSTEMPATH\View\View.php(228): include()
 2 SYSTEMPATH\View\View.php(231): CodeIgniter\View\View->CodeIgniter\View\{closure}()
 3 SYSTEMPATH\Common.php(1178): CodeIgniter\View\View->render('v_mhs', [], true)
 4 APPPATH\Controllers\c_mhs.php(13): view('v_mhs', [...])
 5 SYSTEMPATH\CodeIgniter.php(941): App\Controllers\c_mhs->index()
 6 SYSTEMPATH\CodeIgniter.php(502): CodeIgniter\CodeIgniter->runController(Object(App\Controllers\c_mhs))
 7 SYSTEMPATH\CodeIgniter.php(361): CodeIgniter\CodeIgniter->handleRequest(null, Object(Config\Cache), false)
 8 FCPATH\index.php(79): CodeIgniter\CodeIgniter->run()
 9 SYSTEMPATH\Commands\Server\rewrite.php(47): require_once('C:\\xampp\\htdocs\\codeigniter4pt2\\public\\index.php')
CRITICAL - 2024-04-24 16:45:45 --> Error: Cannot use object of type stdClass as array
in APPPATH\Views\v_mhs.php on line 18.
 1 SYSTEMPATH\View\View.php(228): include()
 2 SYSTEMPATH\View\View.php(231): CodeIgniter\View\View->CodeIgniter\View\{closure}()
 3 SYSTEMPATH\Common.php(1178): CodeIgniter\View\View->render('v_mhs', [], true)
 4 APPPATH\Controllers\c_mhs.php(13): view('v_mhs', [...])
 5 SYSTEMPATH\CodeIgniter.php(941): App\Controllers\c_mhs->index()
 6 SYSTEMPATH\CodeIgniter.php(502): CodeIgniter\CodeIgniter->runController(Object(App\Controllers\c_mhs))
 7 SYSTEMPATH\CodeIgniter.php(361): CodeIgniter\CodeIgniter->handleRequest(null, Object(Config\Cache), false)
 8 FCPATH\index.php(79): CodeIgniter\CodeIgniter->run()
 9 SYSTEMPATH\Commands\Server\rewrite.php(47): require_once('C:\\xampp\\htdocs\\codeigniter4pt2\\public\\index.php')
CRITICAL - 2024-04-24 16:45:46 --> Error: Cannot use object of type stdClass as array
in APPPATH\Views\v_mhs.php on line 18.
 1 SYSTEMPATH\View\View.php(228): include()
 2 SYSTEMPATH\View\View.php(231): CodeIgniter\View\View->CodeIgniter\View\{closure}()
 3 SYSTEMPATH\Common.php(1178): CodeIgniter\View\View->render('v_mhs', [], true)
 4 APPPATH\Controllers\c_mhs.php(13): view('v_mhs', [...])
 5 SYSTEMPATH\CodeIgniter.php(941): App\Controllers\c_mhs->index()
 6 SYSTEMPATH\CodeIgniter.php(502): CodeIgniter\CodeIgniter->runController(Object(App\Controllers\c_mhs))
 7 SYSTEMPATH\CodeIgniter.php(361): CodeIgniter\CodeIgniter->handleRequest(null, Object(Config\Cache), false)
 8 FCPATH\index.php(79): CodeIgniter\CodeIgniter->run()
 9 SYSTEMPATH\Commands\Server\rewrite.php(47): require_once('C:\\xampp\\htdocs\\codeigniter4pt2\\public\\index.php')
CRITICAL - 2024-04-24 16:45:47 --> Error: Cannot use object of type stdClass as array
in APPPATH\Views\v_mhs.php on line 18.
 1 SYSTEMPATH\View\View.php(228): include()
 2 SYSTEMPATH\View\View.php(231): CodeIgniter\View\View->CodeIgniter\View\{closure}()
 3 SYSTEMPATH\Common.php(1178): CodeIgniter\View\View->render('v_mhs', [], true)
 4 APPPATH\Controllers\c_mhs.php(13): view('v_mhs', [...])
 5 SYSTEMPATH\CodeIgniter.php(941): App\Controllers\c_mhs->index()
 6 SYSTEMPATH\CodeIgniter.php(502): CodeIgniter\CodeIgniter->runController(Object(App\Controllers\c_mhs))
 7 SYSTEMPATH\CodeIgniter.php(361): CodeIgniter\CodeIgniter->handleRequest(null, Object(Config\Cache), false)
 8 FCPATH\index.php(79): CodeIgniter\CodeIgniter->run()
 9 SYSTEMPATH\Commands\Server\rewrite.php(47): require_once('C:\\xampp\\htdocs\\codeigniter4pt2\\public\\index.php')
CRITICAL - 2024-04-24 16:45:47 --> Error: Cannot use object of type stdClass as array
in APPPATH\Views\v_mhs.php on line 18.
 1 SYSTEMPATH\View\View.php(228): include()
 2 SYSTEMPATH\View\View.php(231): CodeIgniter\View\View->CodeIgniter\View\{closure}()
 3 SYSTEMPATH\Common.php(1178): CodeIgniter\View\View->render('v_mhs', [], true)
 4 APPPATH\Controllers\c_mhs.php(13): view('v_mhs', [...])
 5 SYSTEMPATH\CodeIgniter.php(941): App\Controllers\c_mhs->index()
 6 SYSTEMPATH\CodeIgniter.php(502): CodeIgniter\CodeIgniter->runController(Object(App\Controllers\c_mhs))
 7 SYSTEMPATH\CodeIgniter.php(361): CodeIgniter\CodeIgniter->handleRequest(null, Object(Config\Cache), false)
 8 FCPATH\index.php(79): CodeIgniter\CodeIgniter->run()
 9 SYSTEMPATH\Commands\Server\rewrite.php(47): require_once('C:\\xampp\\htdocs\\codeigniter4pt2\\public\\index.php')
CRITICAL - 2024-04-24 16:45:48 --> Error: Cannot use object of type stdClass as array
in APPPATH\Views\v_mhs.php on line 18.
 1 SYSTEMPATH\View\View.php(228): include()
 2 SYSTEMPATH\View\View.php(231): CodeIgniter\View\View->CodeIgniter\View\{closure}()
 3 SYSTEMPATH\Common.php(1178): CodeIgniter\View\View->render('v_mhs', [], true)
 4 APPPATH\Controllers\c_mhs.php(13): view('v_mhs', [...])
 5 SYSTEMPATH\CodeIgniter.php(941): App\Controllers\c_mhs->index()
 6 SYSTEMPATH\CodeIgniter.php(502): CodeIgniter\CodeIgniter->runController(Object(App\Controllers\c_mhs))
 7 SYSTEMPATH\CodeIgniter.php(361): CodeIgniter\CodeIgniter->handleRequest(null, Object(Config\Cache), false)
 8 FCPATH\index.php(79): CodeIgniter\CodeIgniter->run()
 9 SYSTEMPATH\Commands\Server\rewrite.php(47): require_once('C:\\xampp\\htdocs\\codeigniter4pt2\\public\\index.php')
CRITICAL - 2024-04-24 16:47:49 --> ErrorException: Attempt to read property "nim" on string
in APPPATH\Views\v_mhs.php on line 19.
 1 APPPATH\Views\v_mhs.php(19): CodeIgniter\Debug\Exceptions->errorHandler(2, 'Attempt to read property "nim" on string', 'C:\\xampp\\htdocs\\codeigniter4pt2\\app\\Views\\v_mhs.php', 19)
 2 SYSTEMPATH\View\View.php(228): include('C:\\xampp\\htdocs\\codeigniter4pt2\\app\\Views\\v_mhs.php')
 3 SYSTEMPATH\View\View.php(231): CodeIgniter\View\View->CodeIgniter\View\{closure}()
 4 SYSTEMPATH\Common.php(1178): CodeIgniter\View\View->render('v_mhs', [], true)
 5 APPPATH\Controllers\c_mhs.php(102): view('v_mhs', [...])
 6 SYSTEMPATH\CodeIgniter.php(941): App\Controllers\c_mhs->update('1')
 7 SYSTEMPATH\CodeIgniter.php(502): CodeIgniter\CodeIgniter->runController(Object(App\Controllers\c_mhs))
 8 SYSTEMPATH\CodeIgniter.php(361): CodeIgniter\CodeIgniter->handleRequest(null, Object(Config\Cache), false)
 9 FCPATH\index.php(79): CodeIgniter\CodeIgniter->run()
10 SYSTEMPATH\Commands\Server\rewrite.php(47): require_once('C:\\xampp\\htdocs\\codeigniter4pt2\\public\\index.php')
CRITICAL - 2024-04-24 16:49:58 --> ErrorException: Attempt to read property "nim" on string
in APPPATH\Views\v_mhs.php on line 19.
 1 APPPATH\Views\v_mhs.php(19): CodeIgniter\Debug\Exceptions->errorHandler(2, 'Attempt to read property "nim" on string', 'C:\\xampp\\htdocs\\codeigniter4pt2\\app\\Views\\v_mhs.php', 19)
 2 SYSTEMPATH\View\View.php(228): include('C:\\xampp\\htdocs\\codeigniter4pt2\\app\\Views\\v_mhs.php')
 3 SYSTEMPATH\View\View.php(231): CodeIgniter\View\View->CodeIgniter\View\{closure}()
 4 SYSTEMPATH\Common.php(1178): CodeIgniter\View\View->render('v_mhs', [], true)
 5 APPPATH\Controllers\c_mhs.php(102): view('v_mhs', [...])
 6 SYSTEMPATH\CodeIgniter.php(941): App\Controllers\c_mhs->update('1')
 7 SYSTEMPATH\CodeIgniter.php(502): CodeIgniter\CodeIgniter->runController(Object(App\Controllers\c_mhs))
 8 SYSTEMPATH\CodeIgniter.php(361): CodeIgniter\CodeIgniter->handleRequest(null, Object(Config\Cache), false)
 9 FCPATH\index.php(79): CodeIgniter\CodeIgniter->run()
10 SYSTEMPATH\Commands\Server\rewrite.php(47): require_once('C:\\xampp\\htdocs\\codeigniter4pt2\\public\\index.php')
CRITICAL - 2024-04-24 16:50:00 --> ErrorException: Attempt to read property "nim" on string
in APPPATH\Views\v_mhs.php on line 19.
 1 APPPATH\Views\v_mhs.php(19): CodeIgniter\Debug\Exceptions->errorHandler(2, 'Attempt to read property "nim" on string', 'C:\\xampp\\htdocs\\codeigniter4pt2\\app\\Views\\v_mhs.php', 19)
 2 SYSTEMPATH\View\View.php(228): include('C:\\xampp\\htdocs\\codeigniter4pt2\\app\\Views\\v_mhs.php')
 3 SYSTEMPATH\View\View.php(231): CodeIgniter\View\View->CodeIgniter\View\{closure}()
 4 SYSTEMPATH\Common.php(1178): CodeIgniter\View\View->render('v_mhs', [], true)
 5 APPPATH\Controllers\c_mhs.php(102): view('v_mhs', [...])
 6 SYSTEMPATH\CodeIgniter.php(941): App\Controllers\c_mhs->update('1')
 7 SYSTEMPATH\CodeIgniter.php(502): CodeIgniter\CodeIgniter->runController(Object(App\Controllers\c_mhs))
 8 SYSTEMPATH\CodeIgniter.php(361): CodeIgniter\CodeIgniter->handleRequest(null, Object(Config\Cache), false)
 9 FCPATH\index.php(79): CodeIgniter\CodeIgniter->run()
10 SYSTEMPATH\Commands\Server\rewrite.php(47): require_once('C:\\xampp\\htdocs\\codeigniter4pt2\\public\\index.php')
CRITICAL - 2024-04-24 17:02:27 --> ErrorException: Attempt to read property "nim" on string
in APPPATH\Views\v_mhs.php on line 19.
 1 APPPATH\Views\v_mhs.php(19): CodeIgniter\Debug\Exceptions->errorHandler(2, 'Attempt to read property "nim" on string', 'C:\\xampp\\htdocs\\codeigniter4pt2\\app\\Views\\v_mhs.php', 19)
 2 SYSTEMPATH\View\View.php(228): include('C:\\xampp\\htdocs\\codeigniter4pt2\\app\\Views\\v_mhs.php')
 3 SYSTEMPATH\View\View.php(231): CodeIgniter\View\View->CodeIgniter\View\{closure}()
 4 SYSTEMPATH\Common.php(1178): CodeIgniter\View\View->render('v_mhs', [], true)
 5 APPPATH\Controllers\c_mhs.php(102): view('v_mhs', [...])
 6 SYSTEMPATH\CodeIgniter.php(941): App\Controllers\c_mhs->update('1')
 7 SYSTEMPATH\CodeIgniter.php(502): CodeIgniter\CodeIgniter->runController(Object(App\Controllers\c_mhs))
 8 SYSTEMPATH\CodeIgniter.php(361): CodeIgniter\CodeIgniter->handleRequest(null, Object(Config\Cache), false)
 9 FCPATH\index.php(79): CodeIgniter\CodeIgniter->run()
10 SYSTEMPATH\Commands\Server\rewrite.php(47): require_once('C:\\xampp\\htdocs\\codeigniter4pt2\\public\\index.php')
CRITICAL - 2024-04-24 17:04:30 --> ErrorException: Attempt to read property "nim" on string
in APPPATH\Views\v_mhs.php on line 19.
 1 APPPATH\Views\v_mhs.php(19): CodeIgniter\Debug\Exceptions->errorHandler(2, 'Attempt to read property "nim" on string', 'C:\\xampp\\htdocs\\codeigniter4pt2\\app\\Views\\v_mhs.php', 19)
 2 SYSTEMPATH\View\View.php(228): include('C:\\xampp\\htdocs\\codeigniter4pt2\\app\\Views\\v_mhs.php')
 3 SYSTEMPATH\View\View.php(231): CodeIgniter\View\View->CodeIgniter\View\{closure}()
 4 SYSTEMPATH\Common.php(1178): CodeIgniter\View\View->render('v_mhs', [], true)
 5 APPPATH\Controllers\c_mhs.php(102): view('v_mhs', [...])
 6 SYSTEMPATH\CodeIgniter.php(941): App\Controllers\c_mhs->update('1')
 7 SYSTEMPATH\CodeIgniter.php(502): CodeIgniter\CodeIgniter->runController(Object(App\Controllers\c_mhs))
 8 SYSTEMPATH\CodeIgniter.php(361): CodeIgniter\CodeIgniter->handleRequest(null, Object(Config\Cache), false)
 9 FCPATH\index.php(79): CodeIgniter\CodeIgniter->run()
10 SYSTEMPATH\Commands\Server\rewrite.php(47): require_once('C:\\xampp\\htdocs\\codeigniter4pt2\\public\\index.php')
CRITICAL - 2024-04-24 17:06:09 --> ErrorException: Attempt to read property "nim" on string
in APPPATH\Views\v_mhs.php on line 19.
 1 APPPATH\Views\v_mhs.php(19): CodeIgniter\Debug\Exceptions->errorHandler(2, 'Attempt to read property "nim" on string', 'C:\\xampp\\htdocs\\codeigniter4pt2\\app\\Views\\v_mhs.php', 19)
 2 SYSTEMPATH\View\View.php(228): include('C:\\xampp\\htdocs\\codeigniter4pt2\\app\\Views\\v_mhs.php')
 3 SYSTEMPATH\View\View.php(231): CodeIgniter\View\View->CodeIgniter\View\{closure}()
 4 SYSTEMPATH\Common.php(1178): CodeIgniter\View\View->render('v_mhs', [], true)
 5 APPPATH\Controllers\c_mhs.php(102): view('v_mhs', [...])
 6 SYSTEMPATH\CodeIgniter.php(941): App\Controllers\c_mhs->update('1')
 7 SYSTEMPATH\CodeIgniter.php(502): CodeIgniter\CodeIgniter->runController(Object(App\Controllers\c_mhs))
 8 SYSTEMPATH\CodeIgniter.php(361): CodeIgniter\CodeIgniter->handleRequest(null, Object(Config\Cache), false)
 9 FCPATH\index.php(79): CodeIgniter\CodeIgniter->run()
10 SYSTEMPATH\Commands\Server\rewrite.php(47): require_once('C:\\xampp\\htdocs\\codeigniter4pt2\\public\\index.php')
CRITICAL - 2024-04-24 17:06:57 --> ErrorException: Attempt to read property "nim" on string
in APPPATH\Views\v_mhs.php on line 19.
 1 APPPATH\Views\v_mhs.php(19): CodeIgniter\Debug\Exceptions->errorHandler(2, 'Attempt to read property "nim" on string', 'C:\\xampp\\htdocs\\codeigniter4pt2\\app\\Views\\v_mhs.php', 19)
 2 SYSTEMPATH\View\View.php(228): include('C:\\xampp\\htdocs\\codeigniter4pt2\\app\\Views\\v_mhs.php')
 3 SYSTEMPATH\View\View.php(231): CodeIgniter\View\View->CodeIgniter\View\{closure}()
 4 SYSTEMPATH\Common.php(1178): CodeIgniter\View\View->render('v_mhs', [], true)
 5 APPPATH\Controllers\c_mhs.php(102): view('v_mhs', [...])
 6 SYSTEMPATH\CodeIgniter.php(941): App\Controllers\c_mhs->update('1')
 7 SYSTEMPATH\CodeIgniter.php(502): CodeIgniter\CodeIgniter->runController(Object(App\Controllers\c_mhs))
 8 SYSTEMPATH\CodeIgniter.php(361): CodeIgniter\CodeIgniter->handleRequest(null, Object(Config\Cache), false)
 9 FCPATH\index.php(79): CodeIgniter\CodeIgniter->run()
10 SYSTEMPATH\Commands\Server\rewrite.php(47): require_once('C:\\xampp\\htdocs\\codeigniter4pt2\\public\\index.php')
CRITICAL - 2024-04-24 17:07:00 --> ErrorException: Attempt to read property "nim" on string
in APPPATH\Views\v_mhs.php on line 19.
 1 APPPATH\Views\v_mhs.php(19): CodeIgniter\Debug\Exceptions->errorHandler(2, 'Attempt to read property "nim" on string', 'C:\\xampp\\htdocs\\codeigniter4pt2\\app\\Views\\v_mhs.php', 19)
 2 SYSTEMPATH\View\View.php(228): include('C:\\xampp\\htdocs\\codeigniter4pt2\\app\\Views\\v_mhs.php')
 3 SYSTEMPATH\View\View.php(231): CodeIgniter\View\View->CodeIgniter\View\{closure}()
 4 SYSTEMPATH\Common.php(1178): CodeIgniter\View\View->render('v_mhs', [], true)
 5 APPPATH\Controllers\c_mhs.php(102): view('v_mhs', [...])
 6 SYSTEMPATH\CodeIgniter.php(941): App\Controllers\c_mhs->update('1')
 7 SYSTEMPATH\CodeIgniter.php(502): CodeIgniter\CodeIgniter->runController(Object(App\Controllers\c_mhs))
 8 SYSTEMPATH\CodeIgniter.php(361): CodeIgniter\CodeIgniter->handleRequest(null, Object(Config\Cache), false)
 9 FCPATH\index.php(79): CodeIgniter\CodeIgniter->run()
10 SYSTEMPATH\Commands\Server\rewrite.php(47): require_once('C:\\xampp\\htdocs\\codeigniter4pt2\\public\\index.php')
CRITICAL - 2024-04-24 17:09:01 --> ErrorException: Undefined variable $mhs
in APPPATH\Views\v_mhs.php on line 17.
 1 APPPATH\Views\v_mhs.php(17): CodeIgniter\Debug\Exceptions->errorHandler(2, 'Undefined variable $mhs', 'C:\\xampp\\htdocs\\codeigniter4pt2\\app\\Views\\v_mhs.php', 17)
 2 SYSTEMPATH\View\View.php(228): include('C:\\xampp\\htdocs\\codeigniter4pt2\\app\\Views\\v_mhs.php')
 3 SYSTEMPATH\View\View.php(231): CodeIgniter\View\View->CodeIgniter\View\{closure}()
 4 SYSTEMPATH\Common.php(1178): CodeIgniter\View\View->render('v_mhs', [], true)
 5 APPPATH\Controllers\c_mhs.php(102): view('v_mhs', [...])
 6 SYSTEMPATH\CodeIgniter.php(941): App\Controllers\c_mhs->update('1')
 7 SYSTEMPATH\CodeIgniter.php(502): CodeIgniter\CodeIgniter->runController(Object(App\Controllers\c_mhs))
 8 SYSTEMPATH\CodeIgniter.php(361): CodeIgniter\CodeIgniter->handleRequest(null, Object(Config\Cache), false)
 9 FCPATH\index.php(79): CodeIgniter\CodeIgniter->run()
10 SYSTEMPATH\Commands\Server\rewrite.php(47): require_once('C:\\xampp\\htdocs\\codeigniter4pt2\\public\\index.php')
CRITICAL - 2024-04-24 17:11:35 --> ErrorException: Undefined variable $data
in APPPATH\Views\v_mhs.php on line 17.
 1 APPPATH\Views\v_mhs.php(17): CodeIgniter\Debug\Exceptions->errorHandler(2, 'Undefined variable $data', 'C:\\xampp\\htdocs\\codeigniter4pt2\\app\\Views\\v_mhs.php', 17)
 2 SYSTEMPATH\View\View.php(228): include('C:\\xampp\\htdocs\\codeigniter4pt2\\app\\Views\\v_mhs.php')
 3 SYSTEMPATH\View\View.php(231): CodeIgniter\View\View->CodeIgniter\View\{closure}()
 4 SYSTEMPATH\Common.php(1178): CodeIgniter\View\View->render('v_mhs', [], true)
 5 APPPATH\Controllers\c_mhs.php(102): view('v_mhs', [...])
 6 SYSTEMPATH\CodeIgniter.php(941): App\Controllers\c_mhs->update('1')
 7 SYSTEMPATH\CodeIgniter.php(502): CodeIgniter\CodeIgniter->runController(Object(App\Controllers\c_mhs))
 8 SYSTEMPATH\CodeIgniter.php(361): CodeIgniter\CodeIgniter->handleRequest(null, Object(Config\Cache), false)
 9 FCPATH\index.php(79): CodeIgniter\CodeIgniter->run()
10 SYSTEMPATH\Commands\Server\rewrite.php(47): require_once('C:\\xampp\\htdocs\\codeigniter4pt2\\public\\index.php')
CRITICAL - 2024-04-24 17:11:48 --> ErrorException: Attempt to read property "nim" on string
in APPPATH\Views\v_mhs.php on line 19.
 1 APPPATH\Views\v_mhs.php(19): CodeIgniter\Debug\Exceptions->errorHandler(2, 'Attempt to read property "nim" on string', 'C:\\xampp\\htdocs\\codeigniter4pt2\\app\\Views\\v_mhs.php', 19)
 2 SYSTEMPATH\View\View.php(228): include('C:\\xampp\\htdocs\\codeigniter4pt2\\app\\Views\\v_mhs.php')
 3 SYSTEMPATH\View\View.php(231): CodeIgniter\View\View->CodeIgniter\View\{closure}()
 4 SYSTEMPATH\Common.php(1178): CodeIgniter\View\View->render('v_mhs', [], true)
 5 APPPATH\Controllers\c_mhs.php(102): view('v_mhs', [...])
 6 SYSTEMPATH\CodeIgniter.php(941): App\Controllers\c_mhs->update('1')
 7 SYSTEMPATH\CodeIgniter.php(502): CodeIgniter\CodeIgniter->runController(Object(App\Controllers\c_mhs))
 8 SYSTEMPATH\CodeIgniter.php(361): CodeIgniter\CodeIgniter->handleRequest(null, Object(Config\Cache), false)
 9 FCPATH\index.php(79): CodeIgniter\CodeIgniter->run()
10 SYSTEMPATH\Commands\Server\rewrite.php(47): require_once('C:\\xampp\\htdocs\\codeigniter4pt2\\public\\index.php')
CRITICAL - 2024-04-24 17:14:54 --> ErrorException: Attempt to read property "nim" on string
in APPPATH\Views\v_mhs.php on line 19.
 1 APPPATH\Views\v_mhs.php(19): CodeIgniter\Debug\Exceptions->errorHandler(2, 'Attempt to read property "nim" on string', 'C:\\xampp\\htdocs\\codeigniter4pt2\\app\\Views\\v_mhs.php', 19)
 2 SYSTEMPATH\View\View.php(228): include('C:\\xampp\\htdocs\\codeigniter4pt2\\app\\Views\\v_mhs.php')
 3 SYSTEMPATH\View\View.php(231): CodeIgniter\View\View->CodeIgniter\View\{closure}()
 4 SYSTEMPATH\Common.php(1178): CodeIgniter\View\View->render('v_mhs', [], true)
 5 APPPATH\Controllers\c_mhs.php(102): view('v_mhs', [...])
 6 SYSTEMPATH\CodeIgniter.php(941): App\Controllers\c_mhs->update('1')
 7 SYSTEMPATH\CodeIgniter.php(502): CodeIgniter\CodeIgniter->runController(Object(App\Controllers\c_mhs))
 8 SYSTEMPATH\CodeIgniter.php(361): CodeIgniter\CodeIgniter->handleRequest(null, Object(Config\Cache), false)
 9 FCPATH\index.php(79): CodeIgniter\CodeIgniter->run()
10 SYSTEMPATH\Commands\Server\rewrite.php(47): require_once('C:\\xampp\\htdocs\\codeigniter4pt2\\public\\index.php')
CRITICAL - 2024-04-24 17:16:01 --> CodeIgniter\View\Exceptions\ViewException: Invalid file: "v_update.php"
in SYSTEMPATH\Exceptions\FrameworkException.php on line 39.
 1 SYSTEMPATH\View\View.php(216): CodeIgniter\Exceptions\FrameworkException::forInvalidFile('v_update.php')
 2 SYSTEMPATH\Common.php(1178): CodeIgniter\View\View->render('v_update', [], true)
 3 APPPATH\Controllers\c_mhs.php(102): view('v_update', [...])
 4 SYSTEMPATH\CodeIgniter.php(941): App\Controllers\c_mhs->update('1')
 5 SYSTEMPATH\CodeIgniter.php(502): CodeIgniter\CodeIgniter->runController(Object(App\Controllers\c_mhs))
 6 SYSTEMPATH\CodeIgniter.php(361): CodeIgniter\CodeIgniter->handleRequest(null, Object(Config\Cache), false)
 7 FCPATH\index.php(79): CodeIgniter\CodeIgniter->run()
 8 SYSTEMPATH\Commands\Server\rewrite.php(47): require_once('C:\\xampp\\htdocs\\codeigniter4pt2\\public\\index.php')
